============================================================
   Tang Dynasty, V5.6.71036
      Copyright (c) 2012-2023 Anlogic Inc.
   Executable = E:/TD562/bin/td.exe
   Built at =   20:34:38 Mar 21 2023
   Run by =     ’≈≤©∫≠
   Run Date =   Thu Jul  4 20:51:08 2024

   Run on =     BOBBY
============================================================
RUN-1001 : open_run phy_1.
RUN-1002 : start command "import_db E:/ChinaFPGAProject/WYSWD/WYSWD_Runs/phy_1/WYSWD_pr.db"
RUN-1001 : Importing database generated by Tang Dynasty, V5.6.71036.
RUN-1001 : Database version number 46146.
RUN-1001 : Import flow parameters
PHY-1001 : Generate detailed routing grids ...
PHY-1001 : Generate nets ...
PHY-1001 : clock net ADC1_flag_syn_6 will be merged with clock ADC1_flag_dup_3
PHY-1001 : net CLK_50M_dup_1 will be routed on clock mesh
PHY-1001 : clock net ADC_init/CLK_200M will be merged with clock pll_init/clk0_buf
PHY-1001 : clock net KEY_init/bianmaqi_init1/a1_syn_4 will be merged with clock KEY_init/bianmaqi_init1/a1
PHY-1001 : clock net KEY_init/bianmaqi_init1/clock1/clk1_syn_4 will be merged with clock KEY_init/bianmaqi_init1/clock1/clk1
PHY-1001 : clock net KEY_init/bianmaqi_init2/a1_syn_4 will be merged with clock KEY_init/bianmaqi_init2/a1
PHY-1001 : clock net KEY_init/bianmaqi_init3/a1_syn_4 will be merged with clock KEY_init/bianmaqi_init3/a1
PHY-1001 : clock net KEY_init/bianmaqi_init4/a1_syn_4 will be merged with clock KEY_init/bianmaqi_init4/a1
PHY-1001 : clock net sending_init/UART_flag_syn_4 will be merged with clock sending_init/UART_flag
PHY-1001 : eco open net = 0
PHY-1001 : 5 feed throughs used by 5 nets
RUN-1001 : Import IO constraints
RUN-1001 : Import Inst constraints
RUN-1001 : Import design success TD_VERSION=5.6.71036 , DB_VERSION=46146
RUN-1003 : finish command "import_db E:/ChinaFPGAProject/WYSWD/WYSWD_Runs/phy_1/WYSWD_pr.db" in  3.184747s wall, 3.046875s user + 0.187500s system = 3.234375s CPU (101.6%)

RUN-1004 : used memory is 485 MB, reserved memory is 452 MB, peak memory is 514 MB
RUN-1002 : start command "download -bit WYSWD_Runs\phy_1\WYSWD.bit -mode jtag -spd 7 -sec 64 -cable 0"
PRG-2014 : Chip validation success: EAGLE_S20_BG256
RUN-1002 : start command "bit_to_vec -chip EAGLE_S20_BG256 -m jtag_burst -freq 4 -bit WYSWD_Runs/phy_1/WYSWD.bit"
RUN-1002 : start command "program -cable 0 -mode svf -spd 7 -p"
RUN-1003 : finish command "program -cable 0 -mode svf -spd 7 -p" in  6.244078s wall, 0.078125s user + 0.078125s system = 0.156250s CPU (2.5%)

RUN-1004 : used memory is 527 MB, reserved memory is 490 MB, peak memory is 542 MB
RUN-1003 : finish command "download -bit WYSWD_Runs\phy_1\WYSWD.bit -mode jtag -spd 7 -sec 64 -cable 0" in  6.641652s wall, 0.156250s user + 0.093750s system = 0.250000s CPU (3.8%)

RUN-1004 : used memory is 527 MB, reserved memory is 490 MB, peak memory is 542 MB
GUI-1001 : Downloading succeeded!
