============================================================
   Tang Dynasty, V5.6.71036
      Copyright (c) 2012-2023 Anlogic Inc.
   Executable = E:/TD562/bin/td.exe
   Built at =   20:34:38 Mar 21 2023
   Run by =     ’≈≤©∫≠
   Run Date =   Fri Jul  5 10:16:29 2024

   Run on =     BOBBY
============================================================
RUN-1001 : open_run phy_1.
RUN-1002 : start command "import_db E:/ChinaFPGAProject/WYSWD/WYSWD_Runs/phy_1/WYSWD_pr.db"
RUN-1001 : Importing database generated by Tang Dynasty, V5.6.71036.
RUN-1001 : Database version number 46146.
RUN-1001 : Import flow parameters
PHY-1001 : Generate detailed routing grids ...
PHY-1001 : Generate nets ...
PHY-1001 : clock net ADC1_flag_syn_6 will be merged with clock ADC1_flag_dup_3
PHY-1001 : net CLK_50M_dup_1 will be routed on clock mesh
PHY-1001 : clock net ADC_init/CLK_200M will be merged with clock pll_init/clk0_buf
PHY-1001 : clock net KEY_init/bianmaqi_init1/a1_syn_4 will be merged with clock KEY_init/bianmaqi_init1/a1
PHY-1001 : clock net KEY_init/bianmaqi_init1/clock1/clk1_syn_4 will be merged with clock KEY_init/bianmaqi_init1/clock1/clk1
PHY-1001 : clock net KEY_init/bianmaqi_init2/a1_syn_4 will be merged with clock KEY_init/bianmaqi_init2/a1
PHY-1001 : clock net KEY_init/bianmaqi_init3/a1_syn_4 will be merged with clock KEY_init/bianmaqi_init3/a1
PHY-1001 : clock net KEY_init/bianmaqi_init4/a1_syn_4 will be merged with clock KEY_init/bianmaqi_init4/a1
PHY-1001 : clock net sending_init/UART_flag_syn_4 will be merged with clock sending_init/UART_flag
PHY-1001 : eco open net = 0
PHY-1001 : 5 feed throughs used by 5 nets
RUN-1001 : Import IO constraints
RUN-1001 : Import Inst constraints
RUN-1001 : Import design success TD_VERSION=5.6.71036 , DB_VERSION=46146
RUN-1003 : finish command "import_db E:/ChinaFPGAProject/WYSWD/WYSWD_Runs/phy_1/WYSWD_pr.db" in  3.206941s wall, 3.125000s user + 0.078125s system = 3.203125s CPU (99.9%)

RUN-1004 : used memory is 490 MB, reserved memory is 451 MB, peak memory is 519 MB
RUN-1002 : start command "svfgen -scan_mode prog_sram -level 1 -bit WYSWD_Runs/phy_1/WYSWD.bit -svf al_devicechain/WYSWD_L1.svf -opt no_comment -bypass 11111111 -freq 1MHz"
RUN-1002 : start command "program_svf -svf al_devicechain/WYSWD_L1.svf -spd 6 -cable 0"
PRG-2505 : ProgramSvf:  program al_devicechain/WYSWD_L1.svf successfully
RUN-1003 : finish command "program_svf -svf al_devicechain/WYSWD_L1.svf -spd 6 -cable 0" in  6.203479s wall, 0.171875s user + 0.250000s system = 0.421875s CPU (6.8%)

RUN-1004 : used memory is 563 MB, reserved memory is 492 MB, peak memory is 578 MB
RUN-1002 : start command "download -bit WYSWD_Runs\phy_1\WYSWD.bit -mode jtag -spd 7 -sec 64 -cable 0"
PRG-2014 : Chip validation success: EAGLE_S20_BG256
RUN-1002 : start command "bit_to_vec -chip EAGLE_S20_BG256 -m jtag_burst -freq 4 -bit WYSWD_Runs/phy_1/WYSWD.bit"
RUN-1002 : start command "program -cable 0 -mode svf -spd 7 -p"
RUN-1003 : finish command "program -cable 0 -mode svf -spd 7 -p" in  6.254146s wall, 0.125000s user + 0.078125s system = 0.203125s CPU (3.2%)

RUN-1004 : used memory is 585 MB, reserved memory is 523 MB, peak memory is 601 MB
RUN-1003 : finish command "download -bit WYSWD_Runs\phy_1\WYSWD.bit -mode jtag -spd 7 -sec 64 -cable 0" in  6.648179s wall, 0.218750s user + 0.093750s system = 0.312500s CPU (4.7%)

RUN-1004 : used memory is 585 MB, reserved memory is 523 MB, peak memory is 601 MB
GUI-1001 : Downloading succeeded!
KIT-1001 : EgGetBRAMList: start....BRAM Vec size = 198248.
RUN-1002 : start command "program -spd 1 -cable 0"
GUI-1001 : User opens ERAM Editor ...
GUI-1001 : User closes ERAM Editor ...
RUN-1002 : start command "svfgen -scan_mode prog_spi -level 1 -bit WYSWD_Runs/phy_1/WYSWD.bit -svf al_devicechain/WYSWD_L1.svf -opt no_comment -tool tde -bg_mode no -len_mode normal -rf_mode yes -bypass 11111111 -freq 1MHz"
RUN-1002 : start command "program_svf -svf al_devicechain/WYSWD_L1.svf -spd 6 -cable 0"
PRG-2505 : ProgramSvf:  program al_devicechain/WYSWD_L1.svf successfully
RUN-1003 : finish command "program_svf -svf al_devicechain/WYSWD_L1.svf -spd 6 -cable 0" in  76.184111s wall, 1.390625s user + 1.406250s system = 2.796875s CPU (3.7%)

RUN-1004 : used memory is 561 MB, reserved memory is 498 MB, peak memory is 719 MB
HDL-1007 : analyze verilog file prj/sending.v
RUN-1001 : reset_run syn_1 phy_1.
GUI-6001 WARNING: File E:/ChinaFPGAProject/WYSWD/WYSWD_Runs/phy_1/WYSWD.bit does not exist!
RUN-1001 : launch_runs syn_1 phy_1  -jobs 6.
RUN-1001 : syn_1: run complete.
RUN-1001 : phy_1: run complete.
RUN-1001 : open_run phy_1.
RUN-1002 : start command "import_db E:/ChinaFPGAProject/WYSWD/WYSWD_Runs/phy_1/WYSWD_pr.db"
RUN-1001 : Importing database generated by Tang Dynasty, V5.6.71036.
RUN-1001 : Database version number 46146.
RUN-1001 : Import flow parameters
PHY-1001 : Generate detailed routing grids ...
PHY-1001 : Generate nets ...
PHY-1001 : clock net ADC1_flag_syn_6 will be merged with clock ADC1_flag_dup_3
PHY-1001 : net CLK_50M_dup_1 will be routed on clock mesh
PHY-1001 : clock net ADC_init/CLK_200M will be merged with clock pll_init/clk0_buf
PHY-1001 : clock net KEY_init/bianmaqi_init1/a1_syn_4 will be merged with clock KEY_init/bianmaqi_init1/a1
PHY-1001 : clock net KEY_init/bianmaqi_init1/clock1/clk1_syn_4 will be merged with clock KEY_init/bianmaqi_init1/clock1/clk1
PHY-1001 : clock net KEY_init/bianmaqi_init2/a1_syn_4 will be merged with clock KEY_init/bianmaqi_init2/a1
PHY-1001 : clock net KEY_init/bianmaqi_init3/a1_syn_4 will be merged with clock KEY_init/bianmaqi_init3/a1
PHY-1001 : clock net KEY_init/bianmaqi_init4/a1_syn_4 will be merged with clock KEY_init/bianmaqi_init4/a1
PHY-1001 : clock net sending_init/UART_flag_syn_4 will be merged with clock sending_init/UART_flag
PHY-1001 : eco open net = 0
PHY-1001 : 1 feed throughs used by 1 nets
RUN-1001 : Import IO constraints
RUN-1001 : Import Inst constraints
RUN-1001 : Import design success TD_VERSION=5.6.71036 , DB_VERSION=46146
RUN-1002 : start command "download -bit WYSWD_Runs\phy_1\WYSWD.bit -mode jtag -spd 7 -sec 64 -cable 0"
PRG-2014 : Chip validation success: EAGLE_S20_BG256
RUN-1002 : start command "bit_to_vec -chip EAGLE_S20_BG256 -m jtag_burst -freq 4 -bit WYSWD_Runs/phy_1/WYSWD.bit"
RUN-1002 : start command "program -cable 0 -mode svf -spd 7 -p"
RUN-1003 : finish command "program -cable 0 -mode svf -spd 7 -p" in  6.422352s wall, 0.125000s user + 0.218750s system = 0.343750s CPU (5.4%)

RUN-1004 : used memory is 550 MB, reserved memory is 548 MB, peak memory is 719 MB
RUN-1003 : finish command "download -bit WYSWD_Runs\phy_1\WYSWD.bit -mode jtag -spd 7 -sec 64 -cable 0" in  6.810489s wall, 0.203125s user + 0.265625s system = 0.468750s CPU (6.9%)

RUN-1004 : used memory is 550 MB, reserved memory is 548 MB, peak memory is 719 MB
GUI-1001 : Downloading succeeded!
RUN-1002 : start command "svfgen -scan_mode sector_erase_4k -level 1 -bit WYSWD_Runs/phy_1/WYSWD.bit -svf al_devicechain/WYSWD_L1.svf -opt no_comment -tool tde -bypass 11111111 -freq 1MHz -bg_mode no"
RUN-1002 : start command "program_svf -svf al_devicechain/WYSWD_L1.svf -spd 6 -cable 0"
PRG-2505 : ProgramSvf:  program al_devicechain/WYSWD_L1.svf successfully
RUN-1003 : finish command "program_svf -svf al_devicechain/WYSWD_L1.svf -spd 6 -cable 0" in  57.098465s wall, 1.609375s user + 0.968750s system = 2.578125s CPU (4.5%)

RUN-1004 : used memory is 521 MB, reserved memory is 518 MB, peak memory is 719 MB
RUN-1002 : start command "download -bit WYSWD_Runs\phy_1\WYSWD.bit -mode jtag -spd 7 -sec 64 -cable 0"
PRG-2014 : Chip validation success: EAGLE_S20_BG256
RUN-1002 : start command "bit_to_vec -chip EAGLE_S20_BG256 -m jtag_burst -freq 4 -bit WYSWD_Runs/phy_1/WYSWD.bit"
RUN-1002 : start command "program -cable 0 -mode svf -spd 7 -p"
RUN-1003 : finish command "program -cable 0 -mode svf -spd 7 -p" in  6.437917s wall, 0.187500s user + 0.421875s system = 0.609375s CPU (9.5%)

RUN-1004 : used memory is 553 MB, reserved memory is 551 MB, peak memory is 719 MB
RUN-1003 : finish command "download -bit WYSWD_Runs\phy_1\WYSWD.bit -mode jtag -spd 7 -sec 64 -cable 0" in  6.824347s wall, 0.281250s user + 0.453125s system = 0.734375s CPU (10.8%)

RUN-1004 : used memory is 553 MB, reserved memory is 551 MB, peak memory is 719 MB
GUI-1001 : Downloading succeeded!
HDL-1007 : analyze verilog file prj/sending.v
RUN-1001 : reset_run syn_1 phy_1.
GUI-6001 WARNING: File E:/ChinaFPGAProject/WYSWD/WYSWD_Runs/phy_1/WYSWD.bit does not exist!
RUN-1001 : launch_runs syn_1 phy_1  -jobs 6.
RUN-1001 : syn_1: run complete.
RUN-1001 : phy_1: run complete.
RUN-1001 : open_run phy_1.
RUN-1002 : start command "import_db E:/ChinaFPGAProject/WYSWD/WYSWD_Runs/phy_1/WYSWD_pr.db"
RUN-1001 : Importing database generated by Tang Dynasty, V5.6.71036.
RUN-1001 : Database version number 46146.
RUN-1001 : Import flow parameters
PHY-1001 : Generate detailed routing grids ...
PHY-1001 : Generate nets ...
PHY-1001 : net CLK_50M_dup_1 will be routed on clock mesh
PHY-1001 : clock net ADC_init/CLK_200M will be merged with clock pll_init/clk0_buf
PHY-1001 : clock net KEY_init/bianmaqi_init1/a1_syn_4 will be merged with clock KEY_init/bianmaqi_init1/a1
PHY-1001 : clock net KEY_init/bianmaqi_init1/clock1/clk1_syn_4 will be merged with clock KEY_init/bianmaqi_init1/clock1/clk1
PHY-1001 : clock net KEY_init/bianmaqi_init2/a1_syn_4 will be merged with clock KEY_init/bianmaqi_init2/a1
PHY-1001 : clock net KEY_init/bianmaqi_init3/a1_syn_4 will be merged with clock KEY_init/bianmaqi_init3/a1
PHY-1001 : clock net KEY_init/bianmaqi_init4/a1_syn_4 will be merged with clock KEY_init/bianmaqi_init4/a1
PHY-1001 : clock net sending_init/UART_flag_syn_4 will be merged with clock sending_init/UART_flag
PHY-1001 : eco open net = 0
PHY-1001 : 3 feed throughs used by 3 nets
RUN-1001 : Import IO constraints
RUN-1001 : Import Inst constraints
RUN-1001 : Import design success TD_VERSION=5.6.71036 , DB_VERSION=46146
RUN-1002 : start command "download -bit WYSWD_Runs\phy_1\WYSWD.bit -mode jtag -spd 7 -sec 64 -cable 0"
PRG-2014 : Chip validation success: EAGLE_S20_BG256
RUN-1002 : start command "bit_to_vec -chip EAGLE_S20_BG256 -m jtag_burst -freq 4 -bit WYSWD_Runs/phy_1/WYSWD.bit"
RUN-1002 : start command "program -cable 0 -mode svf -spd 7 -p"
RUN-1003 : finish command "program -cable 0 -mode svf -spd 7 -p" in  6.441307s wall, 0.156250s user + 0.375000s system = 0.531250s CPU (8.2%)

RUN-1004 : used memory is 562 MB, reserved memory is 563 MB, peak memory is 719 MB
RUN-1003 : finish command "download -bit WYSWD_Runs\phy_1\WYSWD.bit -mode jtag -spd 7 -sec 64 -cable 0" in  6.828669s wall, 0.218750s user + 0.437500s system = 0.656250s CPU (9.6%)

RUN-1004 : used memory is 562 MB, reserved memory is 563 MB, peak memory is 719 MB
GUI-1001 : Downloading succeeded!
HDL-1007 : analyze verilog file prj/ADC.v
HDL-1007 : analyze verilog file prj/sending.v
RUN-1001 : reset_run syn_1 phy_1.
GUI-6001 WARNING: File E:/ChinaFPGAProject/WYSWD/WYSWD_Runs/phy_1/WYSWD.bit does not exist!
RUN-1001 : launch_runs syn_1 phy_1  -jobs 6.
RUN-1001 : syn_1: run complete.
RUN-1001 : phy_1: run complete.
RUN-1001 : open_run phy_1.
RUN-1002 : start command "import_db E:/ChinaFPGAProject/WYSWD/WYSWD_Runs/phy_1/WYSWD_pr.db"
RUN-1001 : Importing database generated by Tang Dynasty, V5.6.71036.
RUN-1001 : Database version number 46146.
RUN-1001 : Import flow parameters
PHY-1001 : Generate detailed routing grids ...
PHY-1001 : Generate nets ...
PHY-1001 : clock net ADC1_flag_syn_6 will be merged with clock ADC1_flag_dup_3
PHY-1001 : net CLK_50M_dup_1 will be routed on clock mesh
PHY-1001 : clock net ADC_init/CLK_200M will be merged with clock pll_init/clk0_buf
PHY-1001 : clock net KEY_init/bianmaqi_init1/a1_syn_4 will be merged with clock KEY_init/bianmaqi_init1/a1
PHY-1001 : clock net KEY_init/bianmaqi_init1/clock1/clk1_syn_4 will be merged with clock KEY_init/bianmaqi_init1/clock1/clk1
PHY-1001 : clock net KEY_init/bianmaqi_init2/a1_syn_4 will be merged with clock KEY_init/bianmaqi_init2/a1
PHY-1001 : clock net KEY_init/bianmaqi_init3/a1_syn_4 will be merged with clock KEY_init/bianmaqi_init3/a1
PHY-1001 : clock net KEY_init/bianmaqi_init4/a1_syn_4 will be merged with clock KEY_init/bianmaqi_init4/a1
PHY-1001 : clock net sending_init/UART_flag_syn_4 will be merged with clock sending_init/UART_flag
PHY-1001 : eco open net = 0
PHY-1001 : 3 feed throughs used by 3 nets
RUN-1001 : Import IO constraints
RUN-1001 : Import Inst constraints
RUN-1001 : Import design success TD_VERSION=5.6.71036 , DB_VERSION=46146
RUN-1002 : start command "download -bit WYSWD_Runs\phy_1\WYSWD.bit -mode jtag -spd 7 -sec 64 -cable 0"
PRG-2014 : Chip validation success: EAGLE_S20_BG256
RUN-1002 : start command "bit_to_vec -chip EAGLE_S20_BG256 -m jtag_burst -freq 4 -bit WYSWD_Runs/phy_1/WYSWD.bit"
RUN-1002 : start command "program -cable 0 -mode svf -spd 7 -p"
RUN-1003 : finish command "program -cable 0 -mode svf -spd 7 -p" in  6.425074s wall, 0.203125s user + 0.312500s system = 0.515625s CPU (8.0%)

RUN-1004 : used memory is 564 MB, reserved memory is 565 MB, peak memory is 719 MB
RUN-1003 : finish command "download -bit WYSWD_Runs\phy_1\WYSWD.bit -mode jtag -spd 7 -sec 64 -cable 0" in  6.807065s wall, 0.281250s user + 0.328125s system = 0.609375s CPU (9.0%)

RUN-1004 : used memory is 564 MB, reserved memory is 565 MB, peak memory is 719 MB
GUI-1001 : Downloading succeeded!
RUN-1002 : start command "download -bit WYSWD_Runs\phy_1\WYSWD.bit -mode jtag -spd 7 -sec 64 -cable 0"
PRG-2014 : Chip validation success: EAGLE_S20_BG256
RUN-1002 : start command "bit_to_vec -chip EAGLE_S20_BG256 -m jtag_burst -freq 4 -bit WYSWD_Runs/phy_1/WYSWD.bit"
RUN-1002 : start command "program -cable 0 -mode svf -spd 7 -p"
RUN-1003 : finish command "program -cable 0 -mode svf -spd 7 -p" in  6.404710s wall, 0.296875s user + 0.250000s system = 0.546875s CPU (8.5%)

RUN-1004 : used memory is 566 MB, reserved memory is 565 MB, peak memory is 719 MB
RUN-1003 : finish command "download -bit WYSWD_Runs\phy_1\WYSWD.bit -mode jtag -spd 7 -sec 64 -cable 0" in  6.791499s wall, 0.375000s user + 0.250000s system = 0.625000s CPU (9.2%)

RUN-1004 : used memory is 566 MB, reserved memory is 565 MB, peak memory is 719 MB
GUI-1001 : Downloading succeeded!
HDL-1007 : analyze verilog file prj/ADC.v
RUN-1001 : reset_run syn_1 phy_1.
GUI-6001 WARNING: File E:/ChinaFPGAProject/WYSWD/WYSWD_Runs/phy_1/WYSWD.bit does not exist!
RUN-1001 : launch_runs syn_1 phy_1  -jobs 6.
RUN-1001 : syn_1: run complete.
RUN-1001 : phy_1: run complete.
RUN-1001 : open_run phy_1.
RUN-1002 : start command "import_db E:/ChinaFPGAProject/WYSWD/WYSWD_Runs/phy_1/WYSWD_pr.db"
RUN-1001 : Importing database generated by Tang Dynasty, V5.6.71036.
RUN-1001 : Database version number 46146.
RUN-1001 : Import flow parameters
PHY-1001 : Generate detailed routing grids ...
PHY-1001 : Generate nets ...
PHY-1001 : clock net ADC1_flag_syn_6 will be merged with clock ADC1_flag_dup_3
PHY-1001 : net CLK_50M_dup_1 will be routed on clock mesh
PHY-1001 : clock net ADC_init/CLK_200M will be merged with clock pll_init/clk0_buf
PHY-1001 : clock net KEY_init/bianmaqi_init1/a1_syn_4 will be merged with clock KEY_init/bianmaqi_init1/a1
PHY-1001 : clock net KEY_init/bianmaqi_init1/clock1/clk1_syn_4 will be merged with clock KEY_init/bianmaqi_init1/clock1/clk1
PHY-1001 : clock net KEY_init/bianmaqi_init2/a1_syn_4 will be merged with clock KEY_init/bianmaqi_init2/a1
PHY-1001 : clock net KEY_init/bianmaqi_init3/a1_syn_4 will be merged with clock KEY_init/bianmaqi_init3/a1
PHY-1001 : clock net KEY_init/bianmaqi_init4/a1_syn_4 will be merged with clock KEY_init/bianmaqi_init4/a1
PHY-1001 : clock net sending_init/UART_flag_syn_4 will be merged with clock sending_init/UART_flag
PHY-1001 : eco open net = 0
PHY-1001 : 3 feed throughs used by 3 nets
RUN-1001 : Import IO constraints
RUN-1001 : Import Inst constraints
RUN-1001 : Import design success TD_VERSION=5.6.71036 , DB_VERSION=46146
RUN-1002 : start command "download -bit WYSWD_Runs\phy_1\WYSWD.bit -mode jtag -spd 7 -sec 64 -cable 0"
PRG-2014 : Chip validation success: EAGLE_S20_BG256
RUN-1002 : start command "bit_to_vec -chip EAGLE_S20_BG256 -m jtag_burst -freq 4 -bit WYSWD_Runs/phy_1/WYSWD.bit"
RUN-1002 : start command "program -cable 0 -mode svf -spd 7 -p"
RUN-1003 : finish command "program -cable 0 -mode svf -spd 7 -p" in  6.413843s wall, 0.375000s user + 0.250000s system = 0.625000s CPU (9.7%)

RUN-1004 : used memory is 571 MB, reserved memory is 563 MB, peak memory is 719 MB
RUN-1003 : finish command "download -bit WYSWD_Runs\phy_1\WYSWD.bit -mode jtag -spd 7 -sec 64 -cable 0" in  6.798732s wall, 0.453125s user + 0.250000s system = 0.703125s CPU (10.3%)

RUN-1004 : used memory is 571 MB, reserved memory is 563 MB, peak memory is 719 MB
GUI-1001 : Downloading succeeded!
HDL-1007 : analyze verilog file prj/ADC.v
RUN-1001 : reset_run syn_1 phy_1.
GUI-6001 WARNING: File E:/ChinaFPGAProject/WYSWD/WYSWD_Runs/phy_1/WYSWD.bit does not exist!
RUN-1001 : launch_runs syn_1 phy_1  -jobs 6.
RUN-1001 : syn_1: run complete.
RUN-1001 : phy_1: run complete.
RUN-1001 : open_run phy_1.
RUN-1002 : start command "import_db E:/ChinaFPGAProject/WYSWD/WYSWD_Runs/phy_1/WYSWD_pr.db"
RUN-1001 : Importing database generated by Tang Dynasty, V5.6.71036.
RUN-1001 : Database version number 46146.
RUN-1001 : Import flow parameters
PHY-1001 : Generate detailed routing grids ...
PHY-1001 : Generate nets ...
PHY-1001 : clock net ADC1_flag_syn_6 will be merged with clock ADC1_flag_dup_3
PHY-1001 : net CLK_50M_dup_1 will be routed on clock mesh
PHY-1001 : clock net ADC_init/CLK_200M will be merged with clock pll_init/clk0_buf
PHY-1001 : clock net KEY_init/bianmaqi_init1/a1_syn_4 will be merged with clock KEY_init/bianmaqi_init1/a1
PHY-1001 : clock net KEY_init/bianmaqi_init1/clock1/clk1_syn_4 will be merged with clock KEY_init/bianmaqi_init1/clock1/clk1
PHY-1001 : clock net KEY_init/bianmaqi_init2/a1_syn_4 will be merged with clock KEY_init/bianmaqi_init2/a1
PHY-1001 : clock net KEY_init/bianmaqi_init3/a1_syn_4 will be merged with clock KEY_init/bianmaqi_init3/a1
PHY-1001 : clock net KEY_init/bianmaqi_init4/a1_syn_4 will be merged with clock KEY_init/bianmaqi_init4/a1
PHY-1001 : clock net sending_init/UART_flag_syn_4 will be merged with clock sending_init/UART_flag
PHY-1001 : eco open net = 0
PHY-1001 : 3 feed throughs used by 3 nets
RUN-1001 : Import IO constraints
RUN-1001 : Import Inst constraints
RUN-1001 : Import design success TD_VERSION=5.6.71036 , DB_VERSION=46146
HDL-1007 : analyze verilog file prj/ADC.v
RUN-1001 : reset_run syn_1 phy_1.
RUN-1001 : launch_runs syn_1 phy_1  -jobs 6.
RUN-1001 : syn_1: run complete.
RUN-1001 : phy_1: run complete.
RUN-1001 : open_run phy_1.
RUN-1002 : start command "import_db E:/ChinaFPGAProject/WYSWD/WYSWD_Runs/phy_1/WYSWD_pr.db"
RUN-1001 : Importing database generated by Tang Dynasty, V5.6.71036.
RUN-1001 : Database version number 46146.
RUN-1001 : Import flow parameters
PHY-1001 : Generate detailed routing grids ...
PHY-1001 : Generate nets ...
PHY-1001 : clock net ADC1_flag_syn_6 will be merged with clock ADC1_flag_dup_3
PHY-1001 : net CLK_50M_dup_1 will be routed on clock mesh
PHY-1001 : clock net ADC_init/CLK_200M will be merged with clock pll_init/clk0_buf
PHY-1001 : clock net KEY_init/bianmaqi_init1/a1_syn_4 will be merged with clock KEY_init/bianmaqi_init1/a1
PHY-1001 : clock net KEY_init/bianmaqi_init1/clock1/clk1_syn_4 will be merged with clock KEY_init/bianmaqi_init1/clock1/clk1
PHY-1001 : clock net KEY_init/bianmaqi_init2/a1_syn_4 will be merged with clock KEY_init/bianmaqi_init2/a1
PHY-1001 : clock net KEY_init/bianmaqi_init3/a1_syn_4 will be merged with clock KEY_init/bianmaqi_init3/a1
PHY-1001 : clock net KEY_init/bianmaqi_init4/a1_syn_4 will be merged with clock KEY_init/bianmaqi_init4/a1
PHY-1001 : clock net sending_init/UART_flag_syn_4 will be merged with clock sending_init/UART_flag
PHY-1001 : eco open net = 0
PHY-1001 : 3 feed throughs used by 3 nets
RUN-1001 : Import IO constraints
RUN-1001 : Import Inst constraints
RUN-1001 : Import design success TD_VERSION=5.6.71036 , DB_VERSION=46146
RUN-1002 : start command "download -bit WYSWD_Runs\phy_1\WYSWD.bit -mode jtag -spd 7 -sec 64 -cable 0"
PRG-2014 : Chip validation success: EAGLE_S20_BG256
RUN-1002 : start command "bit_to_vec -chip EAGLE_S20_BG256 -m jtag_burst -freq 4 -bit WYSWD_Runs/phy_1/WYSWD.bit"
RUN-1002 : start command "program -cable 0 -mode svf -spd 7 -p"
RUN-1003 : finish command "program -cable 0 -mode svf -spd 7 -p" in  6.446060s wall, 0.218750s user + 0.312500s system = 0.531250s CPU (8.2%)

RUN-1004 : used memory is 591 MB, reserved memory is 586 MB, peak memory is 719 MB
RUN-1003 : finish command "download -bit WYSWD_Runs\phy_1\WYSWD.bit -mode jtag -spd 7 -sec 64 -cable 0" in  6.831945s wall, 0.328125s user + 0.328125s system = 0.656250s CPU (9.6%)

RUN-1004 : used memory is 591 MB, reserved memory is 586 MB, peak memory is 719 MB
GUI-1001 : Downloading succeeded!
RUN-1002 : start command "download -bit WYSWD_Runs\phy_1\WYSWD.bit -mode jtag -spd 7 -sec 64 -cable 0"
PRG-2014 : Chip validation success: EAGLE_S20_BG256
RUN-1002 : start command "bit_to_vec -chip EAGLE_S20_BG256 -m jtag_burst -freq 4 -bit WYSWD_Runs/phy_1/WYSWD.bit"
RUN-1002 : start command "program -cable 0 -mode svf -spd 7 -p"
RUN-1003 : finish command "program -cable 0 -mode svf -spd 7 -p" in  6.447656s wall, 0.203125s user + 0.140625s system = 0.343750s CPU (5.3%)

RUN-1004 : used memory is 588 MB, reserved memory is 583 MB, peak memory is 719 MB
RUN-1003 : finish command "download -bit WYSWD_Runs\phy_1\WYSWD.bit -mode jtag -spd 7 -sec 64 -cable 0" in  6.832349s wall, 0.296875s user + 0.140625s system = 0.437500s CPU (6.4%)

RUN-1004 : used memory is 588 MB, reserved memory is 583 MB, peak memory is 719 MB
GUI-1001 : Downloading succeeded!
HDL-1007 : analyze verilog file prj/ADC.v
HDL-1007 : analyze verilog file prj/ADC.v
RUN-1001 : reset_run syn_1 phy_1.
GUI-6001 WARNING: File E:/ChinaFPGAProject/WYSWD/WYSWD_Runs/phy_1/WYSWD.bit does not exist!
RUN-1001 : launch_runs syn_1 phy_1  -jobs 6.
RUN-1001 : syn_1: run complete.
RUN-1001 : phy_1: run complete.
RUN-1001 : open_run phy_1.
RUN-1002 : start command "import_db E:/ChinaFPGAProject/WYSWD/WYSWD_Runs/phy_1/WYSWD_pr.db"
RUN-1001 : Importing database generated by Tang Dynasty, V5.6.71036.
RUN-1001 : Database version number 46146.
RUN-1001 : Import flow parameters
PHY-1001 : Generate detailed routing grids ...
PHY-1001 : Generate nets ...
PHY-1001 : clock net ADC1_flag_syn_6 will be merged with clock ADC1_flag_dup_3
PHY-1001 : net CLK_50M_dup_1 will be routed on clock mesh
PHY-1001 : clock net ADC_init/CLK_200M will be merged with clock pll_init/clk0_buf
PHY-1001 : clock net KEY_init/bianmaqi_init1/a1_syn_4 will be merged with clock KEY_init/bianmaqi_init1/a1
PHY-1001 : clock net KEY_init/bianmaqi_init1/clock1/clk1_syn_4 will be merged with clock KEY_init/bianmaqi_init1/clock1/clk1
PHY-1001 : clock net KEY_init/bianmaqi_init2/a1_syn_4 will be merged with clock KEY_init/bianmaqi_init2/a1
PHY-1001 : clock net KEY_init/bianmaqi_init3/a1_syn_4 will be merged with clock KEY_init/bianmaqi_init3/a1
PHY-1001 : clock net KEY_init/bianmaqi_init4/a1_syn_4 will be merged with clock KEY_init/bianmaqi_init4/a1
PHY-1001 : clock net sending_init/UART_flag_syn_4 will be merged with clock sending_init/UART_flag
PHY-1001 : eco open net = 0
PHY-1001 : 3 feed throughs used by 3 nets
RUN-1001 : Import IO constraints
RUN-1001 : Import Inst constraints
RUN-1001 : Import design success TD_VERSION=5.6.71036 , DB_VERSION=46146
RUN-1002 : start command "download -bit WYSWD_Runs\phy_1\WYSWD.bit -mode jtag -spd 7 -sec 64 -cable 0"
PRG-2014 : Chip validation success: EAGLE_S20_BG256
RUN-1002 : start command "bit_to_vec -chip EAGLE_S20_BG256 -m jtag_burst -freq 4 -bit WYSWD_Runs/phy_1/WYSWD.bit"
RUN-1002 : start command "program -cable 0 -mode svf -spd 7 -p"
RUN-1003 : finish command "program -cable 0 -mode svf -spd 7 -p" in  6.439331s wall, 0.171875s user + 0.218750s system = 0.390625s CPU (6.1%)

RUN-1004 : used memory is 596 MB, reserved memory is 590 MB, peak memory is 719 MB
RUN-1003 : finish command "download -bit WYSWD_Runs\phy_1\WYSWD.bit -mode jtag -spd 7 -sec 64 -cable 0" in  6.824868s wall, 0.250000s user + 0.250000s system = 0.500000s CPU (7.3%)

RUN-1004 : used memory is 596 MB, reserved memory is 590 MB, peak memory is 719 MB
GUI-1001 : Downloading succeeded!
HDL-1007 : analyze verilog file prj/ADC.v
RUN-1001 : reset_run syn_1 phy_1.
GUI-6001 WARNING: File E:/ChinaFPGAProject/WYSWD/WYSWD_Runs/phy_1/WYSWD.bit does not exist!
RUN-1001 : launch_runs syn_1 phy_1  -jobs 6.
RUN-1001 : syn_1: run complete.
RUN-1001 : phy_1: run complete.
RUN-1001 : open_run phy_1.
RUN-1002 : start command "import_db E:/ChinaFPGAProject/WYSWD/WYSWD_Runs/phy_1/WYSWD_pr.db"
RUN-1001 : Importing database generated by Tang Dynasty, V5.6.71036.
RUN-1001 : Database version number 46146.
RUN-1001 : Import flow parameters
PHY-1001 : Generate detailed routing grids ...
PHY-1001 : Generate nets ...
PHY-1001 : clock net ADC1_flag_syn_6 will be merged with clock ADC1_flag_dup_3
PHY-1001 : net CLK_50M_dup_1 will be routed on clock mesh
PHY-1001 : clock net ADC_init/CLK_200M will be merged with clock pll_init/clk0_buf
PHY-1001 : clock net KEY_init/bianmaqi_init1/a1_syn_4 will be merged with clock KEY_init/bianmaqi_init1/a1
PHY-1001 : clock net KEY_init/bianmaqi_init1/clock1/clk1_syn_4 will be merged with clock KEY_init/bianmaqi_init1/clock1/clk1
PHY-1001 : clock net KEY_init/bianmaqi_init2/a1_syn_4 will be merged with clock KEY_init/bianmaqi_init2/a1
PHY-1001 : clock net KEY_init/bianmaqi_init3/a1_syn_4 will be merged with clock KEY_init/bianmaqi_init3/a1
PHY-1001 : clock net KEY_init/bianmaqi_init4/a1_syn_4 will be merged with clock KEY_init/bianmaqi_init4/a1
PHY-1001 : clock net sending_init/UART_flag_syn_4 will be merged with clock sending_init/UART_flag
PHY-1001 : eco open net = 0
PHY-1001 : 3 feed throughs used by 3 nets
RUN-1001 : Import IO constraints
RUN-1001 : Import Inst constraints
RUN-1001 : Import design success TD_VERSION=5.6.71036 , DB_VERSION=46146
RUN-1002 : start command "download -bit WYSWD_Runs\phy_1\WYSWD.bit -mode jtag -spd 7 -sec 64 -cable 0"
PRG-2014 : Chip validation success: EAGLE_S20_BG256
RUN-1002 : start command "bit_to_vec -chip EAGLE_S20_BG256 -m jtag_burst -freq 4 -bit WYSWD_Runs/phy_1/WYSWD.bit"
RUN-1002 : start command "program -cable 0 -mode svf -spd 7 -p"
RUN-1003 : finish command "program -cable 0 -mode svf -spd 7 -p" in  6.432064s wall, 0.109375s user + 0.234375s system = 0.343750s CPU (5.3%)

RUN-1004 : used memory is 601 MB, reserved memory is 595 MB, peak memory is 719 MB
RUN-1003 : finish command "download -bit WYSWD_Runs\phy_1\WYSWD.bit -mode jtag -spd 7 -sec 64 -cable 0" in  6.818034s wall, 0.203125s user + 0.250000s system = 0.453125s CPU (6.6%)

RUN-1004 : used memory is 601 MB, reserved memory is 595 MB, peak memory is 719 MB
GUI-1001 : Downloading succeeded!
HDL-1007 : analyze verilog file prj/ADC.v
RUN-1001 : reset_run syn_1 phy_1.
GUI-6001 WARNING: File E:/ChinaFPGAProject/WYSWD/WYSWD_Runs/phy_1/WYSWD.bit does not exist!
RUN-1001 : launch_runs syn_1 phy_1  -jobs 6.
RUN-1001 : syn_1: run complete.
RUN-1001 : phy_1: run complete.
RUN-1001 : open_run phy_1.
RUN-1002 : start command "import_db E:/ChinaFPGAProject/WYSWD/WYSWD_Runs/phy_1/WYSWD_pr.db"
RUN-1001 : Importing database generated by Tang Dynasty, V5.6.71036.
RUN-1001 : Database version number 46146.
RUN-1001 : Import flow parameters
PHY-1001 : Generate detailed routing grids ...
PHY-1001 : Generate nets ...
PHY-1001 : clock net ADC1_flag_syn_6 will be merged with clock ADC1_flag_dup_3
PHY-1001 : net CLK_50M_dup_1 will be routed on clock mesh
PHY-1001 : clock net ADC_init/CLK_200M will be merged with clock pll_init/clk0_buf
PHY-1001 : clock net KEY_init/bianmaqi_init1/a1_syn_4 will be merged with clock KEY_init/bianmaqi_init1/a1
PHY-1001 : clock net KEY_init/bianmaqi_init1/clock1/clk1_syn_4 will be merged with clock KEY_init/bianmaqi_init1/clock1/clk1
PHY-1001 : clock net KEY_init/bianmaqi_init2/a1_syn_4 will be merged with clock KEY_init/bianmaqi_init2/a1
PHY-1001 : clock net KEY_init/bianmaqi_init3/a1_syn_4 will be merged with clock KEY_init/bianmaqi_init3/a1
PHY-1001 : clock net KEY_init/bianmaqi_init4/a1_syn_4 will be merged with clock KEY_init/bianmaqi_init4/a1
PHY-1001 : clock net sending_init/UART_flag_syn_4 will be merged with clock sending_init/UART_flag
PHY-1001 : eco open net = 0
PHY-1001 : 3 feed throughs used by 3 nets
RUN-1001 : Import IO constraints
RUN-1001 : Import Inst constraints
RUN-1001 : Import design success TD_VERSION=5.6.71036 , DB_VERSION=46146
RUN-1002 : start command "download -bit WYSWD_Runs\phy_1\WYSWD.bit -mode jtag -spd 7 -sec 64 -cable 0"
PRG-2014 : Chip validation success: EAGLE_S20_BG256
RUN-1002 : start command "bit_to_vec -chip EAGLE_S20_BG256 -m jtag_burst -freq 4 -bit WYSWD_Runs/phy_1/WYSWD.bit"
RUN-1002 : start command "program -cable 0 -mode svf -spd 7 -p"
RUN-1003 : finish command "program -cable 0 -mode svf -spd 7 -p" in  6.412978s wall, 0.171875s user + 0.140625s system = 0.312500s CPU (4.9%)

RUN-1004 : used memory is 602 MB, reserved memory is 597 MB, peak memory is 719 MB
RUN-1003 : finish command "download -bit WYSWD_Runs\phy_1\WYSWD.bit -mode jtag -spd 7 -sec 64 -cable 0" in  6.800156s wall, 0.234375s user + 0.171875s system = 0.406250s CPU (6.0%)

RUN-1004 : used memory is 602 MB, reserved memory is 597 MB, peak memory is 719 MB
GUI-1001 : Downloading succeeded!
HDL-1007 : analyze verilog file prj/ADC.v
RUN-1001 : reset_run syn_1 phy_1.
GUI-6001 WARNING: File E:/ChinaFPGAProject/WYSWD/WYSWD_Runs/phy_1/WYSWD.bit does not exist!
RUN-1001 : launch_runs syn_1 phy_1  -jobs 6.
RUN-1001 : syn_1: run complete.
RUN-1001 : phy_1: run complete.
RUN-1001 : open_run phy_1.
RUN-1002 : start command "import_db E:/ChinaFPGAProject/WYSWD/WYSWD_Runs/phy_1/WYSWD_pr.db"
RUN-1001 : Importing database generated by Tang Dynasty, V5.6.71036.
RUN-1001 : Database version number 46146.
RUN-1001 : Import flow parameters
PHY-1001 : Generate detailed routing grids ...
PHY-1001 : Generate nets ...
PHY-1001 : clock net ADC1_flag_syn_6 will be merged with clock ADC1_flag_dup_3
PHY-1001 : net CLK_50M_dup_1 will be routed on clock mesh
PHY-1001 : clock net ADC_init/CLK_200M will be merged with clock pll_init/clk0_buf
PHY-1001 : clock net KEY_init/bianmaqi_init1/a1_syn_4 will be merged with clock KEY_init/bianmaqi_init1/a1
PHY-1001 : clock net KEY_init/bianmaqi_init1/clock1/clk1_syn_4 will be merged with clock KEY_init/bianmaqi_init1/clock1/clk1
PHY-1001 : clock net KEY_init/bianmaqi_init2/a1_syn_4 will be merged with clock KEY_init/bianmaqi_init2/a1
PHY-1001 : clock net KEY_init/bianmaqi_init3/a1_syn_4 will be merged with clock KEY_init/bianmaqi_init3/a1
PHY-1001 : clock net KEY_init/bianmaqi_init4/a1_syn_4 will be merged with clock KEY_init/bianmaqi_init4/a1
PHY-1001 : clock net sending_init/UART_flag_syn_4 will be merged with clock sending_init/UART_flag
PHY-1001 : eco open net = 0
PHY-1001 : 3 feed throughs used by 3 nets
RUN-1001 : Import IO constraints
RUN-1001 : Import Inst constraints
RUN-1001 : Import design success TD_VERSION=5.6.71036 , DB_VERSION=46146
RUN-1002 : start command "download -bit WYSWD_Runs\phy_1\WYSWD.bit -mode jtag -spd 7 -sec 64 -cable 0"
PRG-2014 : Chip validation success: EAGLE_S20_BG256
RUN-1002 : start command "bit_to_vec -chip EAGLE_S20_BG256 -m jtag_burst -freq 4 -bit WYSWD_Runs/phy_1/WYSWD.bit"
RUN-1002 : start command "program -cable 0 -mode svf -spd 7 -p"
RUN-1003 : finish command "program -cable 0 -mode svf -spd 7 -p" in  6.458799s wall, 0.203125s user + 0.250000s system = 0.453125s CPU (7.0%)

RUN-1004 : used memory is 603 MB, reserved memory is 597 MB, peak memory is 719 MB
RUN-1003 : finish command "download -bit WYSWD_Runs\phy_1\WYSWD.bit -mode jtag -spd 7 -sec 64 -cable 0" in  6.848527s wall, 0.281250s user + 0.265625s system = 0.546875s CPU (8.0%)

RUN-1004 : used memory is 603 MB, reserved memory is 597 MB, peak memory is 719 MB
GUI-1001 : Downloading succeeded!
HDL-1007 : analyze verilog file prj/ADC.v
RUN-1001 : reset_run syn_1 phy_1.
GUI-6001 WARNING: File E:/ChinaFPGAProject/WYSWD/WYSWD_Runs/phy_1/WYSWD.bit does not exist!
RUN-1001 : launch_runs syn_1 phy_1  -jobs 6.
RUN-1001 : syn_1: run complete.
RUN-1001 : phy_1: run complete.
RUN-1001 : open_run phy_1.
RUN-1002 : start command "import_db E:/ChinaFPGAProject/WYSWD/WYSWD_Runs/phy_1/WYSWD_pr.db"
RUN-1001 : Importing database generated by Tang Dynasty, V5.6.71036.
RUN-1001 : Database version number 46146.
RUN-1001 : Import flow parameters
PHY-1001 : Generate detailed routing grids ...
PHY-1001 : Generate nets ...
PHY-1001 : clock net ADC1_flag_syn_6 will be merged with clock ADC1_flag_dup_3
PHY-1001 : net CLK_50M_dup_1 will be routed on clock mesh
PHY-1001 : clock net ADC_init/CLK_200M will be merged with clock pll_init/clk0_buf
PHY-1001 : clock net KEY_init/bianmaqi_init1/a1_syn_4 will be merged with clock KEY_init/bianmaqi_init1/a1
PHY-1001 : clock net KEY_init/bianmaqi_init1/clock1/clk1_syn_4 will be merged with clock KEY_init/bianmaqi_init1/clock1/clk1
PHY-1001 : clock net KEY_init/bianmaqi_init2/a1_syn_4 will be merged with clock KEY_init/bianmaqi_init2/a1
PHY-1001 : clock net KEY_init/bianmaqi_init3/a1_syn_4 will be merged with clock KEY_init/bianmaqi_init3/a1
PHY-1001 : clock net KEY_init/bianmaqi_init4/a1_syn_4 will be merged with clock KEY_init/bianmaqi_init4/a1
PHY-1001 : clock net sending_init/UART_flag_syn_4 will be merged with clock sending_init/UART_flag
PHY-1001 : eco open net = 0
PHY-1001 : 1 feed throughs used by 1 nets
RUN-1001 : Import IO constraints
RUN-1001 : Import Inst constraints
RUN-1001 : Import design success TD_VERSION=5.6.71036 , DB_VERSION=46146
RUN-1002 : start command "download -bit WYSWD_Runs\phy_1\WYSWD.bit -mode jtag -spd 7 -sec 64 -cable 0"
PRG-2014 : Chip validation success: EAGLE_S20_BG256
RUN-1002 : start command "bit_to_vec -chip EAGLE_S20_BG256 -m jtag_burst -freq 4 -bit WYSWD_Runs/phy_1/WYSWD.bit"
RUN-1002 : start command "program -cable 0 -mode svf -spd 7 -p"
RUN-1003 : finish command "program -cable 0 -mode svf -spd 7 -p" in  6.458765s wall, 0.203125s user + 0.421875s system = 0.625000s CPU (9.7%)

RUN-1004 : used memory is 610 MB, reserved memory is 606 MB, peak memory is 719 MB
RUN-1003 : finish command "download -bit WYSWD_Runs\phy_1\WYSWD.bit -mode jtag -spd 7 -sec 64 -cable 0" in  6.843889s wall, 0.281250s user + 0.453125s system = 0.734375s CPU (10.7%)

RUN-1004 : used memory is 610 MB, reserved memory is 606 MB, peak memory is 719 MB
GUI-1001 : Downloading succeeded!
HDL-1007 : analyze verilog file prj/ADC.v
RUN-1001 : reset_run syn_1 phy_1.
GUI-6001 WARNING: File E:/ChinaFPGAProject/WYSWD/WYSWD_Runs/phy_1/WYSWD.bit does not exist!
RUN-1001 : launch_runs syn_1 phy_1  -jobs 6.
RUN-1001 : syn_1: run complete.
RUN-1001 : phy_1: run complete.
RUN-1001 : open_run phy_1.
RUN-1002 : start command "import_db E:/ChinaFPGAProject/WYSWD/WYSWD_Runs/phy_1/WYSWD_pr.db"
RUN-1001 : Importing database generated by Tang Dynasty, V5.6.71036.
RUN-1001 : Database version number 46146.
RUN-1001 : Import flow parameters
PHY-1001 : Generate detailed routing grids ...
PHY-1001 : Generate nets ...
PHY-1001 : clock net ADC1_flag_syn_6 will be merged with clock ADC1_flag_dup_3
PHY-1001 : net CLK_50M_dup_1 will be routed on clock mesh
PHY-1001 : clock net ADC_init/CLK_200M will be merged with clock pll_init/clk0_buf
PHY-1001 : clock net KEY_init/bianmaqi_init1/a1_syn_4 will be merged with clock KEY_init/bianmaqi_init1/a1
PHY-1001 : clock net KEY_init/bianmaqi_init1/clock1/clk1_syn_4 will be merged with clock KEY_init/bianmaqi_init1/clock1/clk1
PHY-1001 : clock net KEY_init/bianmaqi_init2/a1_syn_4 will be merged with clock KEY_init/bianmaqi_init2/a1
PHY-1001 : clock net KEY_init/bianmaqi_init3/a1_syn_4 will be merged with clock KEY_init/bianmaqi_init3/a1
PHY-1001 : clock net KEY_init/bianmaqi_init4/a1_syn_4 will be merged with clock KEY_init/bianmaqi_init4/a1
PHY-1001 : clock net sending_init/UART_flag_syn_4 will be merged with clock sending_init/UART_flag
PHY-1001 : eco open net = 0
PHY-1001 : 2 feed throughs used by 2 nets
RUN-1001 : Import IO constraints
RUN-1001 : Import Inst constraints
RUN-1001 : Import design success TD_VERSION=5.6.71036 , DB_VERSION=46146
RUN-1002 : start command "download -bit WYSWD_Runs\phy_1\WYSWD.bit -mode jtag -spd 7 -sec 64 -cable 0"
PRG-2014 : Chip validation success: EAGLE_S20_BG256
RUN-1002 : start command "bit_to_vec -chip EAGLE_S20_BG256 -m jtag_burst -freq 4 -bit WYSWD_Runs/phy_1/WYSWD.bit"
RUN-1002 : start command "program -cable 0 -mode svf -spd 7 -p"
RUN-1003 : finish command "program -cable 0 -mode svf -spd 7 -p" in  6.451664s wall, 0.109375s user + 0.093750s system = 0.203125s CPU (3.1%)

RUN-1004 : used memory is 613 MB, reserved memory is 608 MB, peak memory is 719 MB
RUN-1003 : finish command "download -bit WYSWD_Runs\phy_1\WYSWD.bit -mode jtag -spd 7 -sec 64 -cable 0" in  6.838532s wall, 0.187500s user + 0.093750s system = 0.281250s CPU (4.1%)

RUN-1004 : used memory is 613 MB, reserved memory is 608 MB, peak memory is 719 MB
GUI-1001 : Downloading succeeded!
RUN-1001 : reset_run syn_1 phy_1.
GUI-6001 WARNING: File E:/ChinaFPGAProject/WYSWD/WYSWD_Runs/phy_1/WYSWD.bit does not exist!
RUN-1001 : launch_runs syn_1 phy_1  -jobs 6.
RUN-1001 : syn_1: run complete.
RUN-1001 : phy_1: run complete.
RUN-1001 : open_run phy_1.
RUN-1002 : start command "import_db E:/ChinaFPGAProject/WYSWD/WYSWD_Runs/phy_1/WYSWD_pr.db"
RUN-1001 : Importing database generated by Tang Dynasty, V5.6.71036.
RUN-1001 : Database version number 46146.
RUN-1001 : Import flow parameters
PHY-1001 : Generate detailed routing grids ...
PHY-1001 : Generate nets ...
PHY-1001 : clock net ADC1_flag_syn_6 will be merged with clock ADC1_flag_dup_3
PHY-1001 : net CLK_50M_dup_1 will be routed on clock mesh
PHY-1001 : clock net ADC_init/CLK_200M will be merged with clock pll_init/clk0_buf
PHY-1001 : clock net KEY_init/bianmaqi_init1/a1_syn_4 will be merged with clock KEY_init/bianmaqi_init1/a1
PHY-1001 : clock net KEY_init/bianmaqi_init1/clock1/clk1_syn_4 will be merged with clock KEY_init/bianmaqi_init1/clock1/clk1
PHY-1001 : clock net KEY_init/bianmaqi_init2/a1_syn_4 will be merged with clock KEY_init/bianmaqi_init2/a1
PHY-1001 : clock net KEY_init/bianmaqi_init3/a1_syn_4 will be merged with clock KEY_init/bianmaqi_init3/a1
PHY-1001 : clock net KEY_init/bianmaqi_init4/a1_syn_4 will be merged with clock KEY_init/bianmaqi_init4/a1
PHY-1001 : clock net sending_init/UART_flag_syn_4 will be merged with clock sending_init/UART_flag
PHY-1001 : eco open net = 0
PHY-1001 : 2 feed throughs used by 2 nets
RUN-1001 : Import IO constraints
RUN-1001 : Import Inst constraints
RUN-1001 : Import design success TD_VERSION=5.6.71036 , DB_VERSION=46146
RUN-1002 : start command "download -bit WYSWD_Runs\phy_1\WYSWD.bit -mode jtag -spd 7 -sec 64 -cable 0"
PRG-2014 : Chip validation success: EAGLE_S20_BG256
RUN-1002 : start command "bit_to_vec -chip EAGLE_S20_BG256 -m jtag_burst -freq 4 -bit WYSWD_Runs/phy_1/WYSWD.bit"
RUN-1002 : start command "program -cable 0 -mode svf -spd 7 -p"
RUN-1003 : finish command "program -cable 0 -mode svf -spd 7 -p" in  6.416749s wall, 0.156250s user + 0.203125s system = 0.359375s CPU (5.6%)

RUN-1004 : used memory is 618 MB, reserved memory is 613 MB, peak memory is 719 MB
RUN-1003 : finish command "download -bit WYSWD_Runs\phy_1\WYSWD.bit -mode jtag -spd 7 -sec 64 -cable 0" in  6.803881s wall, 0.234375s user + 0.218750s system = 0.453125s CPU (6.7%)

RUN-1004 : used memory is 618 MB, reserved memory is 613 MB, peak memory is 719 MB
GUI-1001 : Downloading succeeded!
RUN-1002 : start command "download -bit WYSWD_Runs\phy_1\WYSWD.bit -mode jtag -spd 7 -sec 64 -cable 0"
PRG-2014 : Chip validation success: EAGLE_S20_BG256
RUN-1002 : start command "bit_to_vec -chip EAGLE_S20_BG256 -m jtag_burst -freq 4 -bit WYSWD_Runs/phy_1/WYSWD.bit"
RUN-1002 : start command "program -cable 0 -mode svf -spd 7 -p"
RUN-1003 : finish command "program -cable 0 -mode svf -spd 7 -p" in  6.436492s wall, 0.125000s user + 0.218750s system = 0.343750s CPU (5.3%)

RUN-1004 : used memory is 620 MB, reserved memory is 614 MB, peak memory is 719 MB
RUN-1003 : finish command "download -bit WYSWD_Runs\phy_1\WYSWD.bit -mode jtag -spd 7 -sec 64 -cable 0" in  6.819488s wall, 0.218750s user + 0.265625s system = 0.484375s CPU (7.1%)

RUN-1004 : used memory is 620 MB, reserved memory is 614 MB, peak memory is 719 MB
GUI-1001 : Downloading succeeded!
HDL-1007 : analyze verilog file prj/ADC.v
RUN-1001 : reset_run syn_1 phy_1.
GUI-6001 WARNING: File E:/ChinaFPGAProject/WYSWD/WYSWD_Runs/phy_1/WYSWD.bit does not exist!
RUN-1001 : launch_runs syn_1 phy_1  -jobs 6.
RUN-1001 : syn_1: run complete.
RUN-1001 : phy_1: run complete.
RUN-1001 : open_run phy_1.
RUN-1002 : start command "import_db E:/ChinaFPGAProject/WYSWD/WYSWD_Runs/phy_1/WYSWD_pr.db"
RUN-1001 : Importing database generated by Tang Dynasty, V5.6.71036.
RUN-1001 : Database version number 46146.
RUN-1001 : Import flow parameters
PHY-1001 : Generate detailed routing grids ...
PHY-1001 : Generate nets ...
PHY-1001 : clock net ADC1_flag_syn_6 will be merged with clock ADC1_flag_dup_3
PHY-1001 : net CLK_50M_dup_1 will be routed on clock mesh
PHY-1001 : clock net ADC_init/CLK_200M will be merged with clock pll_init/clk0_buf
PHY-1001 : clock net KEY_init/bianmaqi_init1/a1_syn_4 will be merged with clock KEY_init/bianmaqi_init1/a1
PHY-1001 : clock net KEY_init/bianmaqi_init1/clock1/clk1_syn_4 will be merged with clock KEY_init/bianmaqi_init1/clock1/clk1
PHY-1001 : clock net KEY_init/bianmaqi_init2/a1_syn_4 will be merged with clock KEY_init/bianmaqi_init2/a1
PHY-1001 : clock net KEY_init/bianmaqi_init3/a1_syn_4 will be merged with clock KEY_init/bianmaqi_init3/a1
PHY-1001 : clock net KEY_init/bianmaqi_init4/a1_syn_4 will be merged with clock KEY_init/bianmaqi_init4/a1
PHY-1001 : clock net sending_init/UART_flag_syn_4 will be merged with clock sending_init/UART_flag
PHY-1001 : eco open net = 0
PHY-1001 : 1 feed throughs used by 1 nets
RUN-1001 : Import IO constraints
RUN-1001 : Import Inst constraints
RUN-1001 : Import design success TD_VERSION=5.6.71036 , DB_VERSION=46146
RUN-1002 : start command "download -bit WYSWD_Runs\phy_1\WYSWD.bit -mode jtag -spd 7 -sec 64 -cable 0"
PRG-2014 : Chip validation success: EAGLE_S20_BG256
RUN-1002 : start command "bit_to_vec -chip EAGLE_S20_BG256 -m jtag_burst -freq 4 -bit WYSWD_Runs/phy_1/WYSWD.bit"
RUN-1002 : start command "program -cable 0 -mode svf -spd 7 -p"
RUN-1003 : finish command "program -cable 0 -mode svf -spd 7 -p" in  6.442576s wall, 0.218750s user + 0.312500s system = 0.531250s CPU (8.2%)

RUN-1004 : used memory is 624 MB, reserved memory is 619 MB, peak memory is 719 MB
RUN-1003 : finish command "download -bit WYSWD_Runs\phy_1\WYSWD.bit -mode jtag -spd 7 -sec 64 -cable 0" in  6.827751s wall, 0.328125s user + 0.312500s system = 0.640625s CPU (9.4%)

RUN-1004 : used memory is 624 MB, reserved memory is 619 MB, peak memory is 719 MB
GUI-1001 : Downloading succeeded!
HDL-1007 : analyze verilog file prj/ADC.v
RUN-1001 : reset_run syn_1 phy_1.
GUI-6001 WARNING: File E:/ChinaFPGAProject/WYSWD/WYSWD_Runs/phy_1/WYSWD.bit does not exist!
RUN-1001 : launch_runs syn_1 phy_1  -jobs 6.
RUN-1001 : syn_1: run complete.
RUN-1001 : phy_1: run complete.
RUN-1001 : open_run phy_1.
RUN-1002 : start command "import_db E:/ChinaFPGAProject/WYSWD/WYSWD_Runs/phy_1/WYSWD_pr.db"
RUN-1001 : Importing database generated by Tang Dynasty, V5.6.71036.
RUN-1001 : Database version number 46146.
RUN-1001 : Import flow parameters
PHY-1001 : Generate detailed routing grids ...
PHY-1001 : Generate nets ...
PHY-1001 : clock net ADC1_flag_syn_6 will be merged with clock ADC1_flag_dup_3
PHY-1001 : net CLK_50M_dup_1 will be routed on clock mesh
PHY-1001 : clock net ADC_init/CLK_200M will be merged with clock pll_init/clk0_buf
PHY-1001 : clock net KEY_init/bianmaqi_init1/a1_syn_4 will be merged with clock KEY_init/bianmaqi_init1/a1
PHY-1001 : clock net KEY_init/bianmaqi_init1/clock1/clk1_syn_4 will be merged with clock KEY_init/bianmaqi_init1/clock1/clk1
PHY-1001 : clock net KEY_init/bianmaqi_init2/a1_syn_4 will be merged with clock KEY_init/bianmaqi_init2/a1
PHY-1001 : clock net KEY_init/bianmaqi_init3/a1_syn_4 will be merged with clock KEY_init/bianmaqi_init3/a1
PHY-1001 : clock net KEY_init/bianmaqi_init4/a1_syn_4 will be merged with clock KEY_init/bianmaqi_init4/a1
PHY-1001 : clock net sending_init/UART_flag_syn_4 will be merged with clock sending_init/UART_flag
PHY-1001 : eco open net = 0
PHY-1001 : 1 feed throughs used by 1 nets
RUN-1001 : Import IO constraints
RUN-1001 : Import Inst constraints
RUN-1001 : Import design success TD_VERSION=5.6.71036 , DB_VERSION=46146
RUN-1002 : start command "download -bit WYSWD_Runs\phy_1\WYSWD.bit -mode jtag -spd 7 -sec 64 -cable 0"
PRG-2014 : Chip validation success: EAGLE_S20_BG256
RUN-1002 : start command "bit_to_vec -chip EAGLE_S20_BG256 -m jtag_burst -freq 4 -bit WYSWD_Runs/phy_1/WYSWD.bit"
RUN-1002 : start command "program -cable 0 -mode svf -spd 7 -p"
RUN-1003 : finish command "program -cable 0 -mode svf -spd 7 -p" in  6.429590s wall, 0.265625s user + 0.484375s system = 0.750000s CPU (11.7%)

RUN-1004 : used memory is 621 MB, reserved memory is 616 MB, peak memory is 719 MB
RUN-1003 : finish command "download -bit WYSWD_Runs\phy_1\WYSWD.bit -mode jtag -spd 7 -sec 64 -cable 0" in  6.812037s wall, 0.359375s user + 0.515625s system = 0.875000s CPU (12.8%)

RUN-1004 : used memory is 621 MB, reserved memory is 616 MB, peak memory is 719 MB
GUI-1001 : Downloading succeeded!
HDL-1007 : analyze verilog file prj/ADC.v
RUN-1001 : reset_run syn_1 phy_1.
GUI-6001 WARNING: File E:/ChinaFPGAProject/WYSWD/WYSWD_Runs/phy_1/WYSWD.bit does not exist!
RUN-1001 : launch_runs syn_1 phy_1  -jobs 6.
RUN-1001 : syn_1: run complete.
RUN-1001 : phy_1: run complete.
RUN-1001 : open_run phy_1.
RUN-1002 : start command "import_db E:/ChinaFPGAProject/WYSWD/WYSWD_Runs/phy_1/WYSWD_pr.db"
RUN-1001 : Importing database generated by Tang Dynasty, V5.6.71036.
RUN-1001 : Database version number 46146.
RUN-1001 : Import flow parameters
PHY-1001 : Generate detailed routing grids ...
PHY-1001 : Generate nets ...
PHY-1001 : clock net ADC1_flag_syn_6 will be merged with clock ADC1_flag_dup_3
PHY-1001 : net CLK_50M_dup_1 will be routed on clock mesh
PHY-1001 : clock net ADC_init/CLK_200M will be merged with clock pll_init/clk0_buf
PHY-1001 : clock net KEY_init/bianmaqi_init1/a1_syn_4 will be merged with clock KEY_init/bianmaqi_init1/a1
PHY-1001 : clock net KEY_init/bianmaqi_init1/clock1/clk1_syn_4 will be merged with clock KEY_init/bianmaqi_init1/clock1/clk1
PHY-1001 : clock net KEY_init/bianmaqi_init2/a1_syn_4 will be merged with clock KEY_init/bianmaqi_init2/a1
PHY-1001 : clock net KEY_init/bianmaqi_init3/a1_syn_4 will be merged with clock KEY_init/bianmaqi_init3/a1
PHY-1001 : clock net KEY_init/bianmaqi_init4/a1_syn_4 will be merged with clock KEY_init/bianmaqi_init4/a1
PHY-1001 : clock net sending_init/UART_flag_syn_4 will be merged with clock sending_init/UART_flag
PHY-1001 : eco open net = 0
PHY-1001 : 0 feed throughs used by 0 nets
RUN-1001 : Import IO constraints
RUN-1001 : Import Inst constraints
RUN-1001 : Import design success TD_VERSION=5.6.71036 , DB_VERSION=46146
RUN-1002 : start command "download -bit WYSWD_Runs\phy_1\WYSWD.bit -mode jtag -spd 7 -sec 64 -cable 0"
PRG-2014 : Chip validation success: EAGLE_S20_BG256
RUN-1002 : start command "bit_to_vec -chip EAGLE_S20_BG256 -m jtag_burst -freq 4 -bit WYSWD_Runs/phy_1/WYSWD.bit"
RUN-1002 : start command "program -cable 0 -mode svf -spd 7 -p"
RUN-1003 : finish command "program -cable 0 -mode svf -spd 7 -p" in  6.439469s wall, 0.234375s user + 0.296875s system = 0.531250s CPU (8.2%)

RUN-1004 : used memory is 628 MB, reserved memory is 623 MB, peak memory is 719 MB
RUN-1003 : finish command "download -bit WYSWD_Runs\phy_1\WYSWD.bit -mode jtag -spd 7 -sec 64 -cable 0" in  6.825481s wall, 0.312500s user + 0.312500s system = 0.625000s CPU (9.2%)

RUN-1004 : used memory is 628 MB, reserved memory is 623 MB, peak memory is 719 MB
GUI-1001 : Downloading succeeded!
HDL-1007 : analyze verilog file prj/ADC.v
HDL-5007 WARNING: literal value 'd21 truncated to fit in 4 bits in prj/ADC.v(46)
RUN-1001 : reset_run syn_1 phy_1.
GUI-6001 WARNING: File E:/ChinaFPGAProject/WYSWD/WYSWD_Runs/phy_1/WYSWD.bit does not exist!
RUN-1001 : launch_runs syn_1 phy_1  -jobs 6.
RUN-1001 : syn_1: run complete.
RUN-1001 : phy_1: run complete.
RUN-1001 : open_run phy_1.
RUN-1002 : start command "import_db E:/ChinaFPGAProject/WYSWD/WYSWD_Runs/phy_1/WYSWD_pr.db"
RUN-1001 : Importing database generated by Tang Dynasty, V5.6.71036.
RUN-1001 : Database version number 46146.
RUN-1001 : Import flow parameters
PHY-1001 : Generate detailed routing grids ...
PHY-1001 : Generate nets ...
PHY-1001 : clock net ADC1_flag_syn_6 will be merged with clock ADC1_flag_dup_3
PHY-1001 : net CLK_50M_dup_1 will be routed on clock mesh
PHY-1001 : clock net ADC_init/CLK_200M will be merged with clock pll_init/clk0_buf
PHY-1001 : clock net KEY_init/bianmaqi_init1/a1_syn_4 will be merged with clock KEY_init/bianmaqi_init1/a1
PHY-1001 : clock net KEY_init/bianmaqi_init1/clock1/clk1_syn_4 will be merged with clock KEY_init/bianmaqi_init1/clock1/clk1
PHY-1001 : clock net KEY_init/bianmaqi_init2/a1_syn_4 will be merged with clock KEY_init/bianmaqi_init2/a1
PHY-1001 : clock net KEY_init/bianmaqi_init3/a1_syn_4 will be merged with clock KEY_init/bianmaqi_init3/a1
PHY-1001 : clock net KEY_init/bianmaqi_init4/a1_syn_4 will be merged with clock KEY_init/bianmaqi_init4/a1
PHY-1001 : clock net sending_init/UART_flag_syn_4 will be merged with clock sending_init/UART_flag
PHY-1001 : eco open net = 0
PHY-1001 : 1 feed throughs used by 1 nets
RUN-1001 : Import IO constraints
RUN-1001 : Import Inst constraints
RUN-1001 : Import design success TD_VERSION=5.6.71036 , DB_VERSION=46146
RUN-1002 : start command "download -bit WYSWD_Runs\phy_1\WYSWD.bit -mode jtag -spd 7 -sec 64 -cable 0"
PRG-2014 : Chip validation success: EAGLE_S20_BG256
RUN-1002 : start command "bit_to_vec -chip EAGLE_S20_BG256 -m jtag_burst -freq 4 -bit WYSWD_Runs/phy_1/WYSWD.bit"
RUN-1002 : start command "program -cable 0 -mode svf -spd 7 -p"
RUN-1003 : finish command "program -cable 0 -mode svf -spd 7 -p" in  6.449876s wall, 0.109375s user + 0.265625s system = 0.375000s CPU (5.8%)

RUN-1004 : used memory is 633 MB, reserved memory is 628 MB, peak memory is 719 MB
RUN-1003 : finish command "download -bit WYSWD_Runs\phy_1\WYSWD.bit -mode jtag -spd 7 -sec 64 -cable 0" in  6.834312s wall, 0.187500s user + 0.343750s system = 0.531250s CPU (7.8%)

RUN-1004 : used memory is 633 MB, reserved memory is 628 MB, peak memory is 719 MB
GUI-1001 : Downloading succeeded!
HDL-1007 : analyze verilog file prj/ADC.v
HDL-5007 WARNING: literal value 'd21 truncated to fit in 4 bits in prj/ADC.v(46)
RUN-1001 : reset_run syn_1 phy_1.
GUI-6001 WARNING: File E:/ChinaFPGAProject/WYSWD/WYSWD_Runs/phy_1/WYSWD.bit does not exist!
RUN-1001 : launch_runs syn_1 phy_1  -jobs 6.
RUN-1001 : syn_1: run complete.
RUN-1001 : phy_1: run complete.
RUN-1001 : open_run phy_1.
RUN-1002 : start command "import_db E:/ChinaFPGAProject/WYSWD/WYSWD_Runs/phy_1/WYSWD_pr.db"
RUN-1001 : Importing database generated by Tang Dynasty, V5.6.71036.
RUN-1001 : Database version number 46146.
RUN-1001 : Import flow parameters
PHY-1001 : Generate detailed routing grids ...
PHY-1001 : Generate nets ...
PHY-1001 : clock net ADC1_flag_syn_6 will be merged with clock ADC1_flag_dup_3
PHY-1001 : net CLK_50M_dup_1 will be routed on clock mesh
PHY-1001 : clock net ADC_init/CLK_200M will be merged with clock pll_init/clk0_buf
PHY-1001 : clock net KEY_init/bianmaqi_init1/a1_syn_4 will be merged with clock KEY_init/bianmaqi_init1/a1
PHY-1001 : clock net KEY_init/bianmaqi_init1/clock1/clk1_syn_4 will be merged with clock KEY_init/bianmaqi_init1/clock1/clk1
PHY-1001 : clock net KEY_init/bianmaqi_init2/a1_syn_4 will be merged with clock KEY_init/bianmaqi_init2/a1
PHY-1001 : clock net KEY_init/bianmaqi_init3/a1_syn_4 will be merged with clock KEY_init/bianmaqi_init3/a1
PHY-1001 : clock net KEY_init/bianmaqi_init4/a1_syn_4 will be merged with clock KEY_init/bianmaqi_init4/a1
PHY-1001 : clock net sending_init/UART_flag_syn_4 will be merged with clock sending_init/UART_flag
PHY-1001 : eco open net = 0
PHY-1001 : 1 feed throughs used by 1 nets
RUN-1001 : Import IO constraints
RUN-1001 : Import Inst constraints
RUN-1001 : Import design success TD_VERSION=5.6.71036 , DB_VERSION=46146
RUN-1002 : start command "download -bit WYSWD_Runs\phy_1\WYSWD.bit -mode jtag -spd 7 -sec 64 -cable 0"
PRG-2014 : Chip validation success: EAGLE_S20_BG256
RUN-1002 : start command "bit_to_vec -chip EAGLE_S20_BG256 -m jtag_burst -freq 4 -bit WYSWD_Runs/phy_1/WYSWD.bit"
RUN-1002 : start command "program -cable 0 -mode svf -spd 7 -p"
RUN-1003 : finish command "program -cable 0 -mode svf -spd 7 -p" in  6.434808s wall, 0.156250s user + 0.203125s system = 0.359375s CPU (5.6%)

RUN-1004 : used memory is 632 MB, reserved memory is 626 MB, peak memory is 719 MB
RUN-1003 : finish command "download -bit WYSWD_Runs\phy_1\WYSWD.bit -mode jtag -spd 7 -sec 64 -cable 0" in  6.817890s wall, 0.234375s user + 0.203125s system = 0.437500s CPU (6.4%)

RUN-1004 : used memory is 632 MB, reserved memory is 626 MB, peak memory is 719 MB
GUI-1001 : Downloading succeeded!
HDL-1007 : analyze verilog file prj/ADC.v
RUN-1001 : reset_run syn_1 phy_1.
GUI-6001 WARNING: File E:/ChinaFPGAProject/WYSWD/WYSWD_Runs/phy_1/WYSWD.bit does not exist!
RUN-1001 : launch_runs syn_1 phy_1  -jobs 6.
RUN-1001 : syn_1: run complete.
RUN-1001 : phy_1: run complete.
RUN-1001 : open_run phy_1.
RUN-1002 : start command "import_db E:/ChinaFPGAProject/WYSWD/WYSWD_Runs/phy_1/WYSWD_pr.db"
RUN-1001 : Importing database generated by Tang Dynasty, V5.6.71036.
RUN-1001 : Database version number 46146.
RUN-1001 : Import flow parameters
PHY-1001 : Generate detailed routing grids ...
PHY-1001 : Generate nets ...
PHY-1001 : clock net ADC1_flag_syn_6 will be merged with clock ADC1_flag_dup_3
PHY-1001 : net CLK_50M_dup_1 will be routed on clock mesh
PHY-1001 : clock net ADC_init/CLK_200M will be merged with clock pll_init/clk0_buf
PHY-1001 : clock net KEY_init/bianmaqi_init1/a1_syn_4 will be merged with clock KEY_init/bianmaqi_init1/a1
PHY-1001 : clock net KEY_init/bianmaqi_init1/clock1/clk1_syn_4 will be merged with clock KEY_init/bianmaqi_init1/clock1/clk1
PHY-1001 : clock net KEY_init/bianmaqi_init2/a1_syn_4 will be merged with clock KEY_init/bianmaqi_init2/a1
PHY-1001 : clock net KEY_init/bianmaqi_init3/a1_syn_4 will be merged with clock KEY_init/bianmaqi_init3/a1
PHY-1001 : clock net KEY_init/bianmaqi_init4/a1_syn_4 will be merged with clock KEY_init/bianmaqi_init4/a1
PHY-1001 : clock net sending_init/UART_flag_syn_4 will be merged with clock sending_init/UART_flag
PHY-1001 : eco open net = 0
PHY-1001 : 0 feed throughs used by 0 nets
RUN-1001 : Import IO constraints
RUN-1001 : Import Inst constraints
RUN-1001 : Import design success TD_VERSION=5.6.71036 , DB_VERSION=46146
RUN-1002 : start command "download -bit WYSWD_Runs\phy_1\WYSWD.bit -mode jtag -spd 7 -sec 64 -cable 0"
PRG-2014 : Chip validation success: EAGLE_S20_BG256
RUN-1002 : start command "bit_to_vec -chip EAGLE_S20_BG256 -m jtag_burst -freq 4 -bit WYSWD_Runs/phy_1/WYSWD.bit"
RUN-1002 : start command "program -cable 0 -mode svf -spd 7 -p"
RUN-1003 : finish command "program -cable 0 -mode svf -spd 7 -p" in  6.432329s wall, 0.125000s user + 0.281250s system = 0.406250s CPU (6.3%)

RUN-1004 : used memory is 634 MB, reserved memory is 628 MB, peak memory is 719 MB
RUN-1003 : finish command "download -bit WYSWD_Runs\phy_1\WYSWD.bit -mode jtag -spd 7 -sec 64 -cable 0" in  6.814620s wall, 0.203125s user + 0.296875s system = 0.500000s CPU (7.3%)

RUN-1004 : used memory is 634 MB, reserved memory is 628 MB, peak memory is 719 MB
GUI-1001 : Downloading succeeded!
HDL-1007 : analyze verilog file prj/WYSWD.v
RUN-1001 : reset_run syn_1 phy_1.
GUI-6001 WARNING: File E:/ChinaFPGAProject/WYSWD/WYSWD_Runs/phy_1/WYSWD.bit does not exist!
RUN-1001 : launch_runs syn_1 phy_1  -jobs 6.
RUN-1001 : syn_1: run complete.
RUN-1001 : phy_1: run complete.
RUN-1001 : open_run phy_1.
RUN-1002 : start command "import_db E:/ChinaFPGAProject/WYSWD/WYSWD_Runs/phy_1/WYSWD_pr.db"
RUN-1001 : Importing database generated by Tang Dynasty, V5.6.71036.
RUN-1001 : Database version number 46146.
RUN-1001 : Import flow parameters
PHY-1001 : Generate detailed routing grids ...
PHY-1001 : Generate nets ...
PHY-1001 : clock net ADC1_flag_syn_6 will be merged with clock ADC1_flag_dup_3
PHY-1001 : net CLK_50M_dup_1 will be routed on clock mesh
PHY-1001 : clock net ADC_init/CLK_200M will be merged with clock pll_init/clk0_buf
PHY-1001 : clock net KEY_init/bianmaqi_init1/a1_syn_4 will be merged with clock KEY_init/bianmaqi_init1/a1
PHY-1001 : clock net KEY_init/bianmaqi_init1/clock1/clk1_syn_4 will be merged with clock KEY_init/bianmaqi_init1/clock1/clk1
PHY-1001 : clock net KEY_init/bianmaqi_init2/a1_syn_4 will be merged with clock KEY_init/bianmaqi_init2/a1
PHY-1001 : clock net KEY_init/bianmaqi_init3/a1_syn_4 will be merged with clock KEY_init/bianmaqi_init3/a1
PHY-1001 : clock net KEY_init/bianmaqi_init4/a1_syn_4 will be merged with clock KEY_init/bianmaqi_init4/a1
PHY-1001 : clock net sending_init/UART_flag_syn_4 will be merged with clock sending_init/UART_flag
PHY-1001 : eco open net = 0
PHY-1001 : 0 feed throughs used by 0 nets
RUN-1001 : Import IO constraints
RUN-1001 : Import Inst constraints
RUN-1001 : Import design success TD_VERSION=5.6.71036 , DB_VERSION=46146
RUN-1002 : start command "download -bit WYSWD_Runs\phy_1\WYSWD.bit -mode jtag -spd 7 -sec 64 -cable 0"
PRG-2014 : Chip validation success: EAGLE_S20_BG256
RUN-1002 : start command "bit_to_vec -chip EAGLE_S20_BG256 -m jtag_burst -freq 4 -bit WYSWD_Runs/phy_1/WYSWD.bit"
RUN-1002 : start command "program -cable 0 -mode svf -spd 7 -p"
RUN-1003 : finish command "program -cable 0 -mode svf -spd 7 -p" in  6.441596s wall, 0.156250s user + 0.125000s system = 0.281250s CPU (4.4%)

RUN-1004 : used memory is 635 MB, reserved memory is 631 MB, peak memory is 719 MB
RUN-1003 : finish command "download -bit WYSWD_Runs\phy_1\WYSWD.bit -mode jtag -spd 7 -sec 64 -cable 0" in  6.823630s wall, 0.218750s user + 0.125000s system = 0.343750s CPU (5.0%)

RUN-1004 : used memory is 635 MB, reserved memory is 631 MB, peak memory is 719 MB
GUI-1001 : Downloading succeeded!
HDL-1007 : analyze verilog file prj/ADC.v
RUN-1001 : reset_run syn_1 phy_1.
GUI-6001 WARNING: File E:/ChinaFPGAProject/WYSWD/WYSWD_Runs/phy_1/WYSWD.bit does not exist!
RUN-1001 : launch_runs syn_1 phy_1  -jobs 6.
RUN-1001 : syn_1: run complete.
RUN-1001 : phy_1: run complete.
RUN-1001 : open_run phy_1.
RUN-1002 : start command "import_db E:/ChinaFPGAProject/WYSWD/WYSWD_Runs/phy_1/WYSWD_pr.db"
RUN-1001 : Importing database generated by Tang Dynasty, V5.6.71036.
RUN-1001 : Database version number 46146.
RUN-1001 : Import flow parameters
PHY-1001 : Generate detailed routing grids ...
PHY-1001 : Generate nets ...
PHY-1001 : clock net ADC1_flag_syn_6 will be merged with clock ADC1_flag_dup_3
PHY-1001 : net CLK_50M_dup_1 will be routed on clock mesh
PHY-1001 : clock net ADC_init/CLK_200M will be merged with clock pll_init/clk0_buf
PHY-1001 : clock net KEY_init/bianmaqi_init1/a1_syn_4 will be merged with clock KEY_init/bianmaqi_init1/a1
PHY-1001 : clock net KEY_init/bianmaqi_init1/clock1/clk1_syn_4 will be merged with clock KEY_init/bianmaqi_init1/clock1/clk1
PHY-1001 : clock net KEY_init/bianmaqi_init2/a1_syn_4 will be merged with clock KEY_init/bianmaqi_init2/a1
PHY-1001 : clock net KEY_init/bianmaqi_init3/a1_syn_4 will be merged with clock KEY_init/bianmaqi_init3/a1
PHY-1001 : clock net KEY_init/bianmaqi_init4/a1_syn_4 will be merged with clock KEY_init/bianmaqi_init4/a1
PHY-1001 : clock net sending_init/UART_flag_syn_4 will be merged with clock sending_init/UART_flag
PHY-1001 : eco open net = 0
PHY-1001 : 0 feed throughs used by 0 nets
RUN-1001 : Import IO constraints
RUN-1001 : Import Inst constraints
RUN-1001 : Import design success TD_VERSION=5.6.71036 , DB_VERSION=46146
RUN-1002 : start command "download -bit WYSWD_Runs\phy_1\WYSWD.bit -mode jtag -spd 7 -sec 64 -cable 0"
PRG-2014 : Chip validation success: EAGLE_S20_BG256
RUN-1002 : start command "bit_to_vec -chip EAGLE_S20_BG256 -m jtag_burst -freq 4 -bit WYSWD_Runs/phy_1/WYSWD.bit"
RUN-1002 : start command "program -cable 0 -mode svf -spd 7 -p"
RUN-1003 : finish command "program -cable 0 -mode svf -spd 7 -p" in  6.454620s wall, 0.125000s user + 0.125000s system = 0.250000s CPU (3.9%)

RUN-1004 : used memory is 640 MB, reserved memory is 634 MB, peak memory is 719 MB
RUN-1003 : finish command "download -bit WYSWD_Runs\phy_1\WYSWD.bit -mode jtag -spd 7 -sec 64 -cable 0" in  6.842554s wall, 0.218750s user + 0.171875s system = 0.390625s CPU (5.7%)

RUN-1004 : used memory is 640 MB, reserved memory is 634 MB, peak memory is 719 MB
GUI-1001 : Downloading succeeded!
HDL-1007 : analyze verilog file prj/ADC.v
RUN-1001 : reset_run syn_1 phy_1.
GUI-6001 WARNING: File E:/ChinaFPGAProject/WYSWD/WYSWD_Runs/phy_1/WYSWD.bit does not exist!
RUN-1001 : launch_runs syn_1 phy_1  -jobs 6.
RUN-1001 : syn_1: run complete.
RUN-1001 : phy_1: run complete.
RUN-1001 : open_run phy_1.
RUN-1002 : start command "import_db E:/ChinaFPGAProject/WYSWD/WYSWD_Runs/phy_1/WYSWD_pr.db"
RUN-1001 : Importing database generated by Tang Dynasty, V5.6.71036.
RUN-1001 : Database version number 46146.
RUN-1001 : Import flow parameters
PHY-1001 : Generate detailed routing grids ...
PHY-1001 : Generate nets ...
PHY-1001 : clock net ADC1_flag_syn_6 will be merged with clock ADC1_flag_dup_3
PHY-1001 : net CLK_50M_dup_1 will be routed on clock mesh
PHY-1001 : clock net ADC_init/CLK_200M will be merged with clock pll_init/clk0_buf
PHY-1001 : clock net KEY_init/bianmaqi_init1/a1_syn_4 will be merged with clock KEY_init/bianmaqi_init1/a1
PHY-1001 : clock net KEY_init/bianmaqi_init1/clock1/clk1_syn_4 will be merged with clock KEY_init/bianmaqi_init1/clock1/clk1
PHY-1001 : clock net KEY_init/bianmaqi_init2/a1_syn_4 will be merged with clock KEY_init/bianmaqi_init2/a1
PHY-1001 : clock net KEY_init/bianmaqi_init3/a1_syn_4 will be merged with clock KEY_init/bianmaqi_init3/a1
PHY-1001 : clock net KEY_init/bianmaqi_init4/a1_syn_4 will be merged with clock KEY_init/bianmaqi_init4/a1
PHY-1001 : clock net sending_init/UART_flag_syn_4 will be merged with clock sending_init/UART_flag
PHY-1001 : eco open net = 0
PHY-1001 : 0 feed throughs used by 0 nets
RUN-1001 : Import IO constraints
RUN-1001 : Import Inst constraints
RUN-1001 : Import design success TD_VERSION=5.6.71036 , DB_VERSION=46146
RUN-1002 : start command "download -bit WYSWD_Runs\phy_1\WYSWD.bit -mode jtag -spd 7 -sec 64 -cable 0"
PRG-2014 : Chip validation success: EAGLE_S20_BG256
RUN-1002 : start command "bit_to_vec -chip EAGLE_S20_BG256 -m jtag_burst -freq 4 -bit WYSWD_Runs/phy_1/WYSWD.bit"
RUN-1002 : start command "program -cable 0 -mode svf -spd 7 -p"
RUN-1003 : finish command "program -cable 0 -mode svf -spd 7 -p" in  6.352932s wall, 0.171875s user + 0.250000s system = 0.421875s CPU (6.6%)

RUN-1004 : used memory is 642 MB, reserved memory is 637 MB, peak memory is 719 MB
RUN-1003 : finish command "download -bit WYSWD_Runs\phy_1\WYSWD.bit -mode jtag -spd 7 -sec 64 -cable 0" in  6.735297s wall, 0.250000s user + 0.250000s system = 0.500000s CPU (7.4%)

RUN-1004 : used memory is 642 MB, reserved memory is 637 MB, peak memory is 719 MB
GUI-1001 : Downloading succeeded!
HDL-1007 : analyze verilog file prj/ADC.v
RUN-1001 : reset_run syn_1 phy_1.
GUI-6001 WARNING: File E:/ChinaFPGAProject/WYSWD/WYSWD_Runs/phy_1/WYSWD.bit does not exist!
RUN-1001 : launch_runs syn_1 phy_1  -jobs 6.
RUN-1001 : syn_1: run complete.
RUN-1001 : phy_1: run complete.
RUN-1001 : open_run phy_1.
RUN-1002 : start command "import_db E:/ChinaFPGAProject/WYSWD/WYSWD_Runs/phy_1/WYSWD_pr.db"
RUN-1001 : Importing database generated by Tang Dynasty, V5.6.71036.
RUN-1001 : Database version number 46146.
RUN-1001 : Import flow parameters
PHY-1001 : Generate detailed routing grids ...
PHY-1001 : Generate nets ...
PHY-1001 : clock net ADC1_flag_syn_6 will be merged with clock ADC1_flag_dup_3
PHY-1001 : net CLK_50M_dup_1 will be routed on clock mesh
PHY-1001 : clock net ADC_init/CLK_200M will be merged with clock pll_init/clk0_buf
PHY-1001 : clock net KEY_init/bianmaqi_init1/a1_syn_4 will be merged with clock KEY_init/bianmaqi_init1/a1
PHY-1001 : clock net KEY_init/bianmaqi_init1/clock1/clk1_syn_4 will be merged with clock KEY_init/bianmaqi_init1/clock1/clk1
PHY-1001 : clock net KEY_init/bianmaqi_init2/a1_syn_4 will be merged with clock KEY_init/bianmaqi_init2/a1
PHY-1001 : clock net KEY_init/bianmaqi_init3/a1_syn_4 will be merged with clock KEY_init/bianmaqi_init3/a1
PHY-1001 : clock net KEY_init/bianmaqi_init4/a1_syn_4 will be merged with clock KEY_init/bianmaqi_init4/a1
PHY-1001 : clock net sending_init/UART_flag_syn_4 will be merged with clock sending_init/UART_flag
PHY-1001 : eco open net = 0
PHY-1001 : 0 feed throughs used by 0 nets
RUN-1001 : Import IO constraints
RUN-1001 : Import Inst constraints
RUN-1001 : Import design success TD_VERSION=5.6.71036 , DB_VERSION=46146
RUN-1002 : start command "download -bit WYSWD_Runs\phy_1\WYSWD.bit -mode jtag -spd 7 -sec 64 -cable 0"
PRG-2014 : Chip validation success: EAGLE_S20_BG256
RUN-1002 : start command "bit_to_vec -chip EAGLE_S20_BG256 -m jtag_burst -freq 4 -bit WYSWD_Runs/phy_1/WYSWD.bit"
RUN-1002 : start command "program -cable 0 -mode svf -spd 7 -p"
RUN-1003 : finish command "program -cable 0 -mode svf -spd 7 -p" in  6.439407s wall, 0.187500s user + 0.218750s system = 0.406250s CPU (6.3%)

RUN-1004 : used memory is 646 MB, reserved memory is 641 MB, peak memory is 719 MB
RUN-1003 : finish command "download -bit WYSWD_Runs\phy_1\WYSWD.bit -mode jtag -spd 7 -sec 64 -cable 0" in  6.824511s wall, 0.281250s user + 0.234375s system = 0.515625s CPU (7.6%)

RUN-1004 : used memory is 646 MB, reserved memory is 641 MB, peak memory is 719 MB
GUI-1001 : Downloading succeeded!
HDL-1007 : analyze verilog file prj/ADC.v
RUN-1001 : reset_run syn_1 phy_1.
GUI-6001 WARNING: File E:/ChinaFPGAProject/WYSWD/WYSWD_Runs/phy_1/WYSWD.bit does not exist!
RUN-1001 : launch_runs syn_1 phy_1  -jobs 6.
RUN-1001 : syn_1: run complete.
RUN-1001 : phy_1: run complete.
RUN-1001 : open_run phy_1.
RUN-1002 : start command "import_db E:/ChinaFPGAProject/WYSWD/WYSWD_Runs/phy_1/WYSWD_pr.db"
RUN-1001 : Importing database generated by Tang Dynasty, V5.6.71036.
RUN-1001 : Database version number 46146.
RUN-1001 : Import flow parameters
PHY-1001 : Generate detailed routing grids ...
PHY-1001 : Generate nets ...
PHY-1001 : clock net ADC1_flag_syn_6 will be merged with clock ADC1_flag_dup_3
PHY-1001 : net CLK_50M_dup_1 will be routed on clock mesh
PHY-1001 : clock net ADC_init/CLK_200M will be merged with clock pll_init/clk0_buf
PHY-1001 : clock net KEY_init/bianmaqi_init1/a1_syn_4 will be merged with clock KEY_init/bianmaqi_init1/a1
PHY-1001 : clock net KEY_init/bianmaqi_init1/clock1/clk1_syn_4 will be merged with clock KEY_init/bianmaqi_init1/clock1/clk1
PHY-1001 : clock net KEY_init/bianmaqi_init2/a1_syn_4 will be merged with clock KEY_init/bianmaqi_init2/a1
PHY-1001 : clock net KEY_init/bianmaqi_init3/a1_syn_4 will be merged with clock KEY_init/bianmaqi_init3/a1
PHY-1001 : clock net KEY_init/bianmaqi_init4/a1_syn_4 will be merged with clock KEY_init/bianmaqi_init4/a1
PHY-1001 : clock net sending_init/UART_flag_syn_4 will be merged with clock sending_init/UART_flag
PHY-1001 : eco open net = 0
PHY-1001 : 0 feed throughs used by 0 nets
RUN-1001 : Import IO constraints
RUN-1001 : Import Inst constraints
RUN-1001 : Import design success TD_VERSION=5.6.71036 , DB_VERSION=46146
RUN-1002 : start command "download -bit WYSWD_Runs\phy_1\WYSWD.bit -mode jtag -spd 7 -sec 64 -cable 0"
PRG-2014 : Chip validation success: EAGLE_S20_BG256
RUN-1002 : start command "bit_to_vec -chip EAGLE_S20_BG256 -m jtag_burst -freq 4 -bit WYSWD_Runs/phy_1/WYSWD.bit"
RUN-1002 : start command "program -cable 0 -mode svf -spd 7 -p"
RUN-1003 : finish command "program -cable 0 -mode svf -spd 7 -p" in  6.423276s wall, 0.250000s user + 0.187500s system = 0.437500s CPU (6.8%)

RUN-1004 : used memory is 647 MB, reserved memory is 643 MB, peak memory is 719 MB
RUN-1003 : finish command "download -bit WYSWD_Runs\phy_1\WYSWD.bit -mode jtag -spd 7 -sec 64 -cable 0" in  6.810681s wall, 0.328125s user + 0.187500s system = 0.515625s CPU (7.6%)

RUN-1004 : used memory is 647 MB, reserved memory is 643 MB, peak memory is 719 MB
GUI-1001 : Downloading succeeded!
HDL-1007 : analyze verilog file prj/ADC.v
RUN-1001 : reset_run syn_1 phy_1.
GUI-6001 WARNING: File E:/ChinaFPGAProject/WYSWD/WYSWD_Runs/phy_1/WYSWD.bit does not exist!
RUN-1001 : launch_runs syn_1 phy_1  -jobs 6.
RUN-1001 : syn_1: run complete.
RUN-1001 : phy_1: run complete.
RUN-1001 : open_run phy_1.
RUN-1002 : start command "import_db E:/ChinaFPGAProject/WYSWD/WYSWD_Runs/phy_1/WYSWD_pr.db"
RUN-1001 : Importing database generated by Tang Dynasty, V5.6.71036.
RUN-1001 : Database version number 46146.
RUN-1001 : Import flow parameters
PHY-1001 : Generate detailed routing grids ...
PHY-1001 : Generate nets ...
PHY-1001 : clock net ADC1_flag_syn_6 will be merged with clock ADC1_flag_dup_3
PHY-1001 : net CLK_50M_dup_1 will be routed on clock mesh
PHY-1001 : clock net ADC_init/CLK_200M will be merged with clock pll_init/clk0_buf
PHY-1001 : clock net KEY_init/bianmaqi_init1/a1_syn_4 will be merged with clock KEY_init/bianmaqi_init1/a1
PHY-1001 : clock net KEY_init/bianmaqi_init1/clock1/clk1_syn_4 will be merged with clock KEY_init/bianmaqi_init1/clock1/clk1
PHY-1001 : clock net KEY_init/bianmaqi_init2/a1_syn_4 will be merged with clock KEY_init/bianmaqi_init2/a1
PHY-1001 : clock net KEY_init/bianmaqi_init3/a1_syn_4 will be merged with clock KEY_init/bianmaqi_init3/a1
PHY-1001 : clock net KEY_init/bianmaqi_init4/a1_syn_4 will be merged with clock KEY_init/bianmaqi_init4/a1
PHY-1001 : clock net sending_init/UART_flag_syn_4 will be merged with clock sending_init/UART_flag
PHY-1001 : eco open net = 0
PHY-1001 : 1 feed throughs used by 1 nets
RUN-1001 : Import IO constraints
RUN-1001 : Import Inst constraints
RUN-1001 : Import design success TD_VERSION=5.6.71036 , DB_VERSION=46146
RUN-1002 : start command "download -bit WYSWD_Runs\phy_1\WYSWD.bit -mode jtag -spd 7 -sec 64 -cable 0"
PRG-2014 : Chip validation success: EAGLE_S20_BG256
RUN-1002 : start command "bit_to_vec -chip EAGLE_S20_BG256 -m jtag_burst -freq 4 -bit WYSWD_Runs/phy_1/WYSWD.bit"
RUN-1002 : start command "program -cable 0 -mode svf -spd 7 -p"
RUN-1003 : finish command "program -cable 0 -mode svf -spd 7 -p" in  6.449980s wall, 0.234375s user + 0.187500s system = 0.421875s CPU (6.5%)

RUN-1004 : used memory is 651 MB, reserved memory is 647 MB, peak memory is 719 MB
RUN-1003 : finish command "download -bit WYSWD_Runs\phy_1\WYSWD.bit -mode jtag -spd 7 -sec 64 -cable 0" in  6.838135s wall, 0.343750s user + 0.187500s system = 0.531250s CPU (7.8%)

RUN-1004 : used memory is 651 MB, reserved memory is 647 MB, peak memory is 719 MB
GUI-1001 : Downloading succeeded!
HDL-1007 : analyze verilog file prj/ADC.v
RUN-1001 : reset_run syn_1 phy_1.
GUI-6001 WARNING: File E:/ChinaFPGAProject/WYSWD/WYSWD_Runs/phy_1/WYSWD.bit does not exist!
RUN-1001 : launch_runs syn_1 phy_1  -jobs 6.
RUN-1001 : syn_1: run complete.
RUN-1001 : phy_1: run complete.
RUN-1001 : open_run phy_1.
RUN-1002 : start command "import_db E:/ChinaFPGAProject/WYSWD/WYSWD_Runs/phy_1/WYSWD_pr.db"
RUN-1001 : Importing database generated by Tang Dynasty, V5.6.71036.
RUN-1001 : Database version number 46146.
RUN-1001 : Import flow parameters
PHY-1001 : Generate detailed routing grids ...
PHY-1001 : Generate nets ...
PHY-1001 : clock net ADC1_flag_syn_6 will be merged with clock ADC1_flag_dup_3
PHY-1001 : net CLK_50M_dup_1 will be routed on clock mesh
PHY-1001 : clock net ADC_init/CLK_200M will be merged with clock pll_init/clk0_buf
PHY-1001 : clock net KEY_init/bianmaqi_init1/a1_syn_4 will be merged with clock KEY_init/bianmaqi_init1/a1
PHY-1001 : clock net KEY_init/bianmaqi_init1/clock1/clk1_syn_4 will be merged with clock KEY_init/bianmaqi_init1/clock1/clk1
PHY-1001 : clock net KEY_init/bianmaqi_init2/a1_syn_4 will be merged with clock KEY_init/bianmaqi_init2/a1
PHY-1001 : clock net KEY_init/bianmaqi_init3/a1_syn_4 will be merged with clock KEY_init/bianmaqi_init3/a1
PHY-1001 : clock net KEY_init/bianmaqi_init4/a1_syn_4 will be merged with clock KEY_init/bianmaqi_init4/a1
PHY-1001 : clock net sending_init/UART_flag_syn_4 will be merged with clock sending_init/UART_flag
PHY-1001 : eco open net = 0
PHY-1001 : 1 feed throughs used by 1 nets
RUN-1001 : Import IO constraints
RUN-1001 : Import Inst constraints
RUN-1001 : Import design success TD_VERSION=5.6.71036 , DB_VERSION=46146
RUN-1002 : start command "download -bit WYSWD_Runs\phy_1\WYSWD.bit -mode jtag -spd 7 -sec 64 -cable 0"
PRG-2014 : Chip validation success: EAGLE_S20_BG256
RUN-1002 : start command "bit_to_vec -chip EAGLE_S20_BG256 -m jtag_burst -freq 4 -bit WYSWD_Runs/phy_1/WYSWD.bit"
RUN-1002 : start command "program -cable 0 -mode svf -spd 7 -p"
RUN-1003 : finish command "program -cable 0 -mode svf -spd 7 -p" in  6.438772s wall, 0.203125s user + 0.281250s system = 0.484375s CPU (7.5%)

RUN-1004 : used memory is 650 MB, reserved memory is 647 MB, peak memory is 719 MB
RUN-1003 : finish command "download -bit WYSWD_Runs\phy_1\WYSWD.bit -mode jtag -spd 7 -sec 64 -cable 0" in  6.820126s wall, 0.281250s user + 0.312500s system = 0.593750s CPU (8.7%)

RUN-1004 : used memory is 650 MB, reserved memory is 647 MB, peak memory is 719 MB
GUI-1001 : Downloading succeeded!
HDL-1007 : analyze verilog file prj/ADC.v
RUN-1001 : reset_run syn_1 phy_1.
GUI-6001 WARNING: File E:/ChinaFPGAProject/WYSWD/WYSWD_Runs/phy_1/WYSWD.bit does not exist!
RUN-1001 : launch_runs syn_1 phy_1  -jobs 6.
RUN-1001 : syn_1: run complete.
RUN-1001 : phy_1: run complete.
RUN-1001 : open_run phy_1.
RUN-1002 : start command "import_db E:/ChinaFPGAProject/WYSWD/WYSWD_Runs/phy_1/WYSWD_pr.db"
RUN-1001 : Importing database generated by Tang Dynasty, V5.6.71036.
RUN-1001 : Database version number 46146.
RUN-1001 : Import flow parameters
PHY-1001 : Generate detailed routing grids ...
PHY-1001 : Generate nets ...
PHY-1001 : clock net ADC1_flag_syn_6 will be merged with clock ADC1_flag_dup_3
PHY-1001 : net CLK_50M_dup_1 will be routed on clock mesh
PHY-1001 : clock net ADC_init/CLK_200M will be merged with clock pll_init/clk0_buf
PHY-1001 : clock net KEY_init/bianmaqi_init1/a1_syn_4 will be merged with clock KEY_init/bianmaqi_init1/a1
PHY-1001 : clock net KEY_init/bianmaqi_init1/clock1/clk1_syn_4 will be merged with clock KEY_init/bianmaqi_init1/clock1/clk1
PHY-1001 : clock net KEY_init/bianmaqi_init2/a1_syn_4 will be merged with clock KEY_init/bianmaqi_init2/a1
PHY-1001 : clock net KEY_init/bianmaqi_init3/a1_syn_4 will be merged with clock KEY_init/bianmaqi_init3/a1
PHY-1001 : clock net KEY_init/bianmaqi_init4/a1_syn_4 will be merged with clock KEY_init/bianmaqi_init4/a1
PHY-1001 : clock net sending_init/UART_flag_syn_4 will be merged with clock sending_init/UART_flag
PHY-1001 : eco open net = 0
PHY-1001 : 2 feed throughs used by 2 nets
RUN-1001 : Import IO constraints
RUN-1001 : Import Inst constraints
RUN-1001 : Import design success TD_VERSION=5.6.71036 , DB_VERSION=46146
RUN-1002 : start command "download -bit WYSWD_Runs\phy_1\WYSWD.bit -mode jtag -spd 7 -sec 64 -cable 0"
PRG-2014 : Chip validation success: EAGLE_S20_BG256
RUN-1002 : start command "bit_to_vec -chip EAGLE_S20_BG256 -m jtag_burst -freq 4 -bit WYSWD_Runs/phy_1/WYSWD.bit"
RUN-1002 : start command "program -cable 0 -mode svf -spd 7 -p"
RUN-1003 : finish command "program -cable 0 -mode svf -spd 7 -p" in  6.425514s wall, 0.140625s user + 0.328125s system = 0.468750s CPU (7.3%)

RUN-1004 : used memory is 651 MB, reserved memory is 647 MB, peak memory is 719 MB
RUN-1003 : finish command "download -bit WYSWD_Runs\phy_1\WYSWD.bit -mode jtag -spd 7 -sec 64 -cable 0" in  6.811637s wall, 0.250000s user + 0.328125s system = 0.578125s CPU (8.5%)

RUN-1004 : used memory is 651 MB, reserved memory is 647 MB, peak memory is 719 MB
GUI-1001 : Downloading succeeded!
RUN-1001 : reset_run syn_1 phy_1.
GUI-6001 WARNING: File E:/ChinaFPGAProject/WYSWD/WYSWD_Runs/phy_1/WYSWD.bit does not exist!
RUN-1001 : launch_runs syn_1 phy_1  -jobs 6.
RUN-1001 : syn_1: run complete.
RUN-1001 : phy_1: run complete.
RUN-1001 : open_run phy_1.
RUN-1002 : start command "import_db E:/ChinaFPGAProject/WYSWD/WYSWD_Runs/phy_1/WYSWD_pr.db"
RUN-1001 : Importing database generated by Tang Dynasty, V5.6.71036.
RUN-1001 : Database version number 46146.
RUN-1001 : Import flow parameters
PHY-1001 : Generate detailed routing grids ...
PHY-1001 : Generate nets ...
PHY-1001 : clock net ADC1_flag_syn_6 will be merged with clock ADC1_flag_dup_3
PHY-1001 : net CLK_50M_dup_1 will be routed on clock mesh
PHY-1001 : clock net ADC_init/CLK_200M will be merged with clock pll_init/clk0_buf
PHY-1001 : clock net KEY_init/bianmaqi_init1/a1_syn_4 will be merged with clock KEY_init/bianmaqi_init1/a1
PHY-1001 : clock net KEY_init/bianmaqi_init1/clock1/clk1_syn_4 will be merged with clock KEY_init/bianmaqi_init1/clock1/clk1
PHY-1001 : clock net KEY_init/bianmaqi_init2/a1_syn_4 will be merged with clock KEY_init/bianmaqi_init2/a1
PHY-1001 : clock net KEY_init/bianmaqi_init3/a1_syn_4 will be merged with clock KEY_init/bianmaqi_init3/a1
PHY-1001 : clock net KEY_init/bianmaqi_init4/a1_syn_4 will be merged with clock KEY_init/bianmaqi_init4/a1
PHY-1001 : clock net sending_init/UART_flag_syn_4 will be merged with clock sending_init/UART_flag
PHY-1001 : eco open net = 0
PHY-1001 : 0 feed throughs used by 0 nets
RUN-1001 : Import IO constraints
RUN-1001 : Import Inst constraints
RUN-1001 : Import design success TD_VERSION=5.6.71036 , DB_VERSION=46146
RUN-1002 : start command "download -bit WYSWD_Runs\phy_1\WYSWD.bit -mode jtag -spd 7 -sec 64 -cable 0"
PRG-2014 : Chip validation success: EAGLE_S20_BG256
RUN-1002 : start command "bit_to_vec -chip EAGLE_S20_BG256 -m jtag_burst -freq 4 -bit WYSWD_Runs/phy_1/WYSWD.bit"
RUN-1002 : start command "program -cable 0 -mode svf -spd 7 -p"
RUN-1003 : finish command "program -cable 0 -mode svf -spd 7 -p" in  6.396068s wall, 0.156250s user + 0.187500s system = 0.343750s CPU (5.4%)

RUN-1004 : used memory is 676 MB, reserved memory is 672 MB, peak memory is 719 MB
RUN-1003 : finish command "download -bit WYSWD_Runs\phy_1\WYSWD.bit -mode jtag -spd 7 -sec 64 -cable 0" in  6.781962s wall, 0.234375s user + 0.187500s system = 0.421875s CPU (6.2%)

RUN-1004 : used memory is 676 MB, reserved memory is 672 MB, peak memory is 719 MB
GUI-1001 : Downloading succeeded!
RUN-1002 : start command "svfgen -scan_mode prog_spi -level 1 -bit WYSWD_Runs/phy_1/WYSWD.bit -svf al_devicechain/WYSWD_L1.svf -opt no_comment -tool tde -bg_mode no -len_mode normal -rf_mode yes -bypass 11111111 -freq 1MHz"
RUN-1002 : start command "program_svf -svf al_devicechain/WYSWD_L1.svf -spd 6 -cable 0"
PRG-2505 : ProgramSvf:  program al_devicechain/WYSWD_L1.svf successfully
RUN-1003 : finish command "program_svf -svf al_devicechain/WYSWD_L1.svf -spd 6 -cable 0" in  78.594230s wall, 2.093750s user + 1.906250s system = 4.000000s CPU (5.1%)

RUN-1004 : used memory is 702 MB, reserved memory is 707 MB, peak memory is 788 MB
