============================================================
   Tang Dynasty, V5.6.71036
      Copyright (c) 2012-2023 Anlogic Inc.
   Executable = E:/TD562/bin/td.exe
   Built at =   20:34:38 Mar 21 2023
   Run by =     ’≈≤©∫≠
   Run Date =   Sat Jun 29 10:52:24 2024

   Run on =     BOBBY
============================================================
RUN-1001 : Print Global Property
RUN-1001 : ---------------------------------------------------------------
RUN-1001 :        Parameters        |  Settings  |  Default Values  |  Note  
RUN-1001 : ---------------------------------------------------------------
RUN-1001 :          message         |  standard  |     standard     |        
RUN-1001 :   mixed_pack_place_flow  |     on     |        on        |        
RUN-1001 :        qor_monitor       |    off     |       off        |        
RUN-1001 :        syn_ip_flow       |    off     |       off        |        
RUN-1001 :          thread          |    auto    |       auto       |        
RUN-1001 : ---------------------------------------------------------------
RUN-1001 : Print Design Property
RUN-1001 : --------------------------------------------------------------
RUN-1001 :        Parameters       |  Settings  |  Default Values  |  Note  
RUN-1001 : --------------------------------------------------------------
RUN-1001 :   default_reg_initial   |    auto    |       auto       |        
RUN-1001 :        infer_add        |     on     |        on        |        
RUN-1001 :        infer_fsm        |    off     |       off        |        
RUN-1001 :        infer_mult       |     on     |        on        |        
RUN-1001 :        infer_ram        |     on     |        on        |        
RUN-1001 :        infer_reg        |     on     |        on        |        
RUN-1001 :   infer_reg_init_value  |     on     |        on        |        
RUN-1001 :        infer_rom        |     on     |        on        |        
RUN-1001 :      infer_shifter      |     on     |        on        |        
RUN-1001 : --------------------------------------------------------------
RUN-1001 : Print Rtl Property
RUN-1001 : --------------------------------------------------------------
RUN-1001 :        Parameters       |  Settings  |  Default Values  |  Note  
RUN-1001 : --------------------------------------------------------------
RUN-1001 :       compress_add      |   ripple   |      ripple      |        
RUN-1001 :        elf_sload        |    off     |       off        |        
RUN-1001 :       fix_undriven      |     0      |        0         |        
RUN-1001 :         flatten         |    off     |       off        |        
RUN-1001 :       gate_sharing      |     on     |        on        |        
RUN-1001 :    hdl_warning_level    |   normal   |      normal      |        
RUN-1001 :   impl_internal_tribuf  |     on     |        on        |        
RUN-1001 :      impl_set_reset     |     on     |        on        |        
RUN-1001 :        infer_gsr        |    off     |       off        |        
RUN-1001 :      keep_hierarchy     |    auto    |       auto       |        
RUN-1001 :        max_fanout       |    9999    |       9999       |        
RUN-1001 :      max_oh2bin_len     |     10     |        10        |        
RUN-1001 :       merge_equal       |     on     |        on        |        
RUN-1001 :       merge_equiv       |     on     |        on        |        
RUN-1001 :        merge_mux        |    off     |       off        |        
RUN-1001 :     min_control_set     |     8      |        8         |        
RUN-1001 :      min_ripple_len     |    auto    |       auto       |        
RUN-1001 :       oh2bin_ratio      |    0.08    |       0.08       |        
RUN-1001 :     opt_adder_fanout    |     on     |        on        |        
RUN-1001 :        opt_arith        |     on     |        on        |        
RUN-1001 :       opt_big_gate      |    off     |       off        |        
RUN-1001 :        opt_const        |     on     |        on        |        
RUN-1001 :      opt_const_mult     |     on     |        on        |        
RUN-1001 :       opt_lessthan      |     on     |        on        |        
RUN-1001 :         opt_mux         |    off     |       off        |        
RUN-1001 :         opt_ram         |    high    |       high       |        
RUN-1001 :      rtl_sim_model      |    off     |       off        |        
RUN-1001 :         seq_syn         |     on     |        on        |        
RUN-1001 : --------------------------------------------------------------
HDL-1007 : analyze verilog file IP/PLL.v
HDL-1007 : undeclared symbol 'open', assumed default net type 'wire' in IP/PLL.v(70)
RUN-1001 : Print Global Property
RUN-1001 : ---------------------------------------------------------------
RUN-1001 :        Parameters        |  Settings  |  Default Values  |  Note  
RUN-1001 : ---------------------------------------------------------------
RUN-1001 :          message         |  standard  |     standard     |        
RUN-1001 :   mixed_pack_place_flow  |     on     |        on        |        
RUN-1001 :        qor_monitor       |    off     |       off        |        
RUN-1001 :        syn_ip_flow       |    off     |       off        |        
RUN-1001 :          thread          |    auto    |       auto       |        
RUN-1001 : ---------------------------------------------------------------
RUN-1001 : Print Design Property
RUN-1001 : --------------------------------------------------------------
RUN-1001 :        Parameters       |  Settings  |  Default Values  |  Note  
RUN-1001 : --------------------------------------------------------------
RUN-1001 :   default_reg_initial   |    auto    |       auto       |        
RUN-1001 :        infer_add        |     on     |        on        |        
RUN-1001 :        infer_fsm        |    off     |       off        |        
RUN-1001 :        infer_mult       |     on     |        on        |        
RUN-1001 :        infer_ram        |     on     |        on        |        
RUN-1001 :        infer_reg        |     on     |        on        |        
RUN-1001 :   infer_reg_init_value  |     on     |        on        |        
RUN-1001 :        infer_rom        |     on     |        on        |        
RUN-1001 :      infer_shifter      |     on     |        on        |        
RUN-1001 : --------------------------------------------------------------
RUN-1001 : Print Rtl Property
RUN-1001 : --------------------------------------------------------------
RUN-1001 :        Parameters       |  Settings  |  Default Values  |  Note  
RUN-1001 : --------------------------------------------------------------
RUN-1001 :       compress_add      |   ripple   |      ripple      |        
RUN-1001 :        elf_sload        |    off     |       off        |        
RUN-1001 :       fix_undriven      |     0      |        0         |        
RUN-1001 :         flatten         |    off     |       off        |        
RUN-1001 :       gate_sharing      |     on     |        on        |        
RUN-1001 :    hdl_warning_level    |   normal   |      normal      |        
RUN-1001 :   impl_internal_tribuf  |     on     |        on        |        
RUN-1001 :      impl_set_reset     |     on     |        on        |        
RUN-1001 :        infer_gsr        |    off     |       off        |        
RUN-1001 :      keep_hierarchy     |    auto    |       auto       |        
RUN-1001 :        max_fanout       |    9999    |       9999       |        
RUN-1001 :      max_oh2bin_len     |     10     |        10        |        
RUN-1001 :       merge_equal       |     on     |        on        |        
RUN-1001 :       merge_equiv       |     on     |        on        |        
RUN-1001 :        merge_mux        |    off     |       off        |        
RUN-1001 :     min_control_set     |     8      |        8         |        
RUN-1001 :      min_ripple_len     |    auto    |       auto       |        
RUN-1001 :       oh2bin_ratio      |    0.08    |       0.08       |        
RUN-1001 :     opt_adder_fanout    |     on     |        on        |        
RUN-1001 :        opt_arith        |     on     |        on        |        
RUN-1001 :       opt_big_gate      |    off     |       off        |        
RUN-1001 :        opt_const        |     on     |        on        |        
RUN-1001 :      opt_const_mult     |     on     |        on        |        
RUN-1001 :       opt_lessthan      |     on     |        on        |        
RUN-1001 :         opt_mux         |    off     |       off        |        
RUN-1001 :         opt_ram         |    high    |       high       |        
RUN-1001 :      rtl_sim_model      |    off     |       off        |        
RUN-1001 :         seq_syn         |     on     |        on        |        
RUN-1001 : --------------------------------------------------------------
HDL-1007 : analyze verilog file IP/PLL.v
HDL-1007 : undeclared symbol 'open', assumed default net type 'wire' in IP/PLL.v(70)
HDL-1007 : analyze verilog file prj/WYSWD.v
HDL-1007 : analyze verilog file prj/WYSWD.v
RUN-1001 : reset_run syn_1 phy_1.
RUN-1001 : launch_runs syn_1 phy_1  -jobs 6.
RUN-1001 : syn_1: run complete.
RUN-1001 : phy_1: run complete.
RUN-1001 : open_run phy_1.
RUN-1002 : start command "import_db E:/ChinaFPGAProject/WYSWD/WYSWD_Runs/phy_1/WYSWD_pr.db"
RUN-1001 : Importing database generated by Tang Dynasty, V5.6.71036.
RUN-1001 : Database version number 46146.
RUN-1001 : Import flow parameters
PHY-1001 : Generate detailed routing grids ...
PHY-1001 : Generate nets ...
PHY-1001 : net CLK_10M_dup_1 will be routed on clock mesh
PHY-1001 : clock net CLK_200M_dup_1 will be merged with clock pll_init/clk0_buf
PHY-1001 : net CLK_50M_dup_1 will be routed on clock mesh
PHY-1001 : eco open net = 0
PHY-1001 : 0 feed throughs used by 0 nets
RUN-1001 : Import IO constraints
RUN-1001 : Import Inst constraints
RUN-1001 : Import design success TD_VERSION=5.6.71036 , DB_VERSION=46146
RUN-1003 : finish command "import_db E:/ChinaFPGAProject/WYSWD/WYSWD_Runs/phy_1/WYSWD_pr.db" in  3.075720s wall, 3.000000s user + 0.140625s system = 3.140625s CPU (102.1%)

RUN-1004 : used memory is 528 MB, reserved memory is 461 MB, peak memory is 557 MB
RUN-1001 : reset_run syn_1 phy_1.
RUN-1001 : launch_runs syn_1 phy_1  -jobs 6.
RUN-1001 : syn_1: run complete.
RUN-1001 : phy_1: run complete.
RUN-1001 : open_run phy_1.
RUN-1002 : start command "import_db E:/ChinaFPGAProject/WYSWD/WYSWD_Runs/phy_1/WYSWD_pr.db"
RUN-1001 : Importing database generated by Tang Dynasty, V5.6.71036.
RUN-1001 : Database version number 46146.
RUN-1001 : Import flow parameters
PHY-1001 : Generate detailed routing grids ...
PHY-1001 : Generate nets ...
PHY-1001 : net CLK_10M_dup_1 will be routed on clock mesh
PHY-1001 : clock net CLK_200M_dup_1 will be merged with clock pll_init/clk0_buf
PHY-1001 : net CLK_50M_dup_1 will be routed on clock mesh
PHY-1001 : eco open net = 0
PHY-1001 : 0 feed throughs used by 0 nets
RUN-1001 : Import IO constraints
RUN-1001 : Import Inst constraints
RUN-1001 : Import design success TD_VERSION=5.6.71036 , DB_VERSION=46146
RUN-1002 : start command "download -bit WYSWD_Runs\phy_1\WYSWD.bit -mode jtag -spd 7 -sec 64 -cable 0"
PRG-2014 : Chip validation success: EAGLE_S20_BG256
RUN-1002 : start command "bit_to_vec -chip EAGLE_S20_BG256 -m jtag_burst -freq 4 -bit WYSWD_Runs/phy_1/WYSWD.bit"
RUN-1002 : start command "program -cable 0 -mode svf -spd 7 -p"
RUN-1003 : finish command "program -cable 0 -mode svf -spd 7 -p" in  6.244693s wall, 0.171875s user + 0.171875s system = 0.343750s CPU (5.5%)

RUN-1004 : used memory is 641 MB, reserved memory is 557 MB, peak memory is 657 MB
RUN-1003 : finish command "download -bit WYSWD_Runs\phy_1\WYSWD.bit -mode jtag -spd 7 -sec 64 -cable 0" in  6.636646s wall, 0.265625s user + 0.187500s system = 0.453125s CPU (6.8%)

RUN-1004 : used memory is 641 MB, reserved memory is 557 MB, peak memory is 657 MB
GUI-1001 : Downloading succeeded!
HDL-1007 : analyze verilog file prj/WYSWD.v
RUN-1001 : reset_run syn_1 phy_1.
GUI-6001 WARNING: File E:/ChinaFPGAProject/WYSWD/WYSWD_Runs/phy_1/WYSWD.bit does not exist!
RUN-1001 : launch_runs syn_1 phy_1  -jobs 6.
RUN-1001 : syn_1: run complete.
RUN-1001 : phy_1: run complete.
RUN-1001 : open_run phy_1.
RUN-1002 : start command "import_db E:/ChinaFPGAProject/WYSWD/WYSWD_Runs/phy_1/WYSWD_pr.db"
RUN-1001 : Importing database generated by Tang Dynasty, V5.6.71036.
RUN-1001 : Database version number 46146.
RUN-1001 : Import flow parameters
PHY-1001 : Generate detailed routing grids ...
PHY-1001 : Generate nets ...
PHY-1001 : net CLK_10M_dup_1 will be routed on clock mesh
PHY-1001 : clock net CLK_200M_dup_1 will be merged with clock pll_init/clk0_buf
PHY-1001 : net CLK_50M_dup_1 will be routed on clock mesh
PHY-1001 : eco open net = 0
PHY-1001 : 0 feed throughs used by 0 nets
RUN-1001 : Import IO constraints
RUN-1001 : Import Inst constraints
RUN-1001 : Import design success TD_VERSION=5.6.71036 , DB_VERSION=46146
RUN-1002 : start command "download -bit WYSWD_Runs\phy_1\WYSWD.bit -mode jtag -spd 7 -sec 64 -cable 0"
PRG-2014 : Chip validation success: EAGLE_S20_BG256
RUN-1002 : start command "bit_to_vec -chip EAGLE_S20_BG256 -m jtag_burst -freq 4 -bit WYSWD_Runs/phy_1/WYSWD.bit"
RUN-1002 : start command "program -cable 0 -mode svf -spd 7 -p"
RUN-1003 : finish command "program -cable 0 -mode svf -spd 7 -p" in  6.243676s wall, 0.156250s user + 0.171875s system = 0.328125s CPU (5.3%)

RUN-1004 : used memory is 642 MB, reserved memory is 561 MB, peak memory is 659 MB
RUN-1003 : finish command "download -bit WYSWD_Runs\phy_1\WYSWD.bit -mode jtag -spd 7 -sec 64 -cable 0" in  6.636237s wall, 0.250000s user + 0.234375s system = 0.484375s CPU (7.3%)

RUN-1004 : used memory is 642 MB, reserved memory is 561 MB, peak memory is 659 MB
GUI-1001 : Downloading succeeded!
RUN-1001 : reset_run syn_1 phy_1.
GUI-6001 WARNING: File E:/ChinaFPGAProject/WYSWD/WYSWD_Runs/phy_1/WYSWD.bit does not exist!
RUN-1001 : launch_runs syn_1 phy_1  -jobs 6.
RUN-1001 : syn_1: run complete.
RUN-1001 : phy_1: run complete.
RUN-1001 : open_run phy_1.
RUN-1002 : start command "import_db E:/ChinaFPGAProject/WYSWD/WYSWD_Runs/phy_1/WYSWD_pr.db"
RUN-1001 : Importing database generated by Tang Dynasty, V5.6.71036.
RUN-1001 : Database version number 46146.
RUN-1001 : Import flow parameters
PHY-1001 : Generate detailed routing grids ...
PHY-1001 : Generate nets ...
PHY-1001 : net CLK_10M_dup_1 will be routed on clock mesh
PHY-1001 : clock net CLK_200M_dup_1 will be merged with clock pll_init/clk0_buf
PHY-1001 : net CLK_50M_dup_1 will be routed on clock mesh
PHY-1001 : eco open net = 0
PHY-1001 : 0 feed throughs used by 0 nets
RUN-1001 : Import IO constraints
RUN-1001 : Import Inst constraints
RUN-1001 : Import design success TD_VERSION=5.6.71036 , DB_VERSION=46146
RUN-1001 : reset_run syn_1 phy_1.
RUN-1001 : launch_runs syn_1 phy_1  -jobs 6.
RUN-1001 : syn_1: run complete.
RUN-1001 : phy_1: run complete.
RUN-1001 : open_run phy_1.
RUN-1002 : start command "import_db E:/ChinaFPGAProject/WYSWD/WYSWD_Runs/phy_1/WYSWD_pr.db"
RUN-1001 : Importing database generated by Tang Dynasty, V5.6.71036.
RUN-1001 : Database version number 46146.
RUN-1001 : Import flow parameters
PHY-1001 : Generate detailed routing grids ...
PHY-1001 : Generate nets ...
PHY-1001 : net CLK_10M_dup_1 will be routed on clock mesh
PHY-1001 : clock net CLK_200M_dup_1 will be merged with clock pll_init/clk0_buf
PHY-1001 : net CLK_50M_dup_1 will be routed on clock mesh
PHY-1001 : eco open net = 0
PHY-1001 : 0 feed throughs used by 0 nets
RUN-1001 : Import IO constraints
RUN-1001 : Import Inst constraints
RUN-1001 : Import design success TD_VERSION=5.6.71036 , DB_VERSION=46146
HDL-1007 : analyze verilog file prj/WYSWD.v
RUN-1001 : reset_run syn_1 phy_1.
RUN-1001 : launch_runs syn_1 phy_1  -jobs 6.
RUN-6001 WARNING: syn_1: run failed.
RUN-1001 : reset_run syn_1 phy_1.
RUN-1001 : launch_runs syn_1 phy_1  -jobs 6.
RUN-6001 WARNING: syn_1: run failed.
RUN-1001 : Print Global Property
RUN-1001 : ---------------------------------------------------------------
RUN-1001 :        Parameters        |  Settings  |  Default Values  |  Note  
RUN-1001 : ---------------------------------------------------------------
RUN-1001 :          message         |  standard  |     standard     |        
RUN-1001 :   mixed_pack_place_flow  |     on     |        on        |        
RUN-1001 :        qor_monitor       |    off     |       off        |        
RUN-1001 :        syn_ip_flow       |    off     |       off        |        
RUN-1001 :          thread          |    auto    |       auto       |        
RUN-1001 : ---------------------------------------------------------------
RUN-1001 : Print Design Property
RUN-1001 : --------------------------------------------------------------
RUN-1001 :        Parameters       |  Settings  |  Default Values  |  Note  
RUN-1001 : --------------------------------------------------------------
RUN-1001 :   default_reg_initial   |    auto    |       auto       |        
RUN-1001 :        infer_add        |     on     |        on        |        
RUN-1001 :        infer_fsm        |    off     |       off        |        
RUN-1001 :        infer_mult       |     on     |        on        |        
RUN-1001 :        infer_ram        |     on     |        on        |        
RUN-1001 :        infer_reg        |     on     |        on        |        
RUN-1001 :   infer_reg_init_value  |     on     |        on        |        
RUN-1001 :        infer_rom        |     on     |        on        |        
RUN-1001 :      infer_shifter      |     on     |        on        |        
RUN-1001 : --------------------------------------------------------------
RUN-1001 : Print Rtl Property
RUN-1001 : --------------------------------------------------------------
RUN-1001 :        Parameters       |  Settings  |  Default Values  |  Note  
RUN-1001 : --------------------------------------------------------------
RUN-1001 :       compress_add      |   ripple   |      ripple      |        
RUN-1001 :        elf_sload        |    off     |       off        |        
RUN-1001 :       fix_undriven      |     0      |        0         |        
RUN-1001 :         flatten         |    off     |       off        |        
RUN-1001 :       gate_sharing      |     on     |        on        |        
RUN-1001 :    hdl_warning_level    |   normal   |      normal      |        
RUN-1001 :   impl_internal_tribuf  |     on     |        on        |        
RUN-1001 :      impl_set_reset     |     on     |        on        |        
RUN-1001 :        infer_gsr        |    off     |       off        |        
RUN-1001 :      keep_hierarchy     |    auto    |       auto       |        
RUN-1001 :        max_fanout       |    9999    |       9999       |        
RUN-1001 :      max_oh2bin_len     |     10     |        10        |        
RUN-1001 :       merge_equal       |     on     |        on        |        
RUN-1001 :       merge_equiv       |     on     |        on        |        
RUN-1001 :        merge_mux        |    off     |       off        |        
RUN-1001 :     min_control_set     |     8      |        8         |        
RUN-1001 :      min_ripple_len     |    auto    |       auto       |        
RUN-1001 :       oh2bin_ratio      |    0.08    |       0.08       |        
RUN-1001 :     opt_adder_fanout    |     on     |        on        |        
RUN-1001 :        opt_arith        |     on     |        on        |        
RUN-1001 :       opt_big_gate      |    off     |       off        |        
RUN-1001 :        opt_const        |     on     |        on        |        
RUN-1001 :      opt_const_mult     |     on     |        on        |        
RUN-1001 :       opt_lessthan      |     on     |        on        |        
RUN-1001 :         opt_mux         |    off     |       off        |        
RUN-1001 :         opt_ram         |    high    |       high       |        
RUN-1001 :      rtl_sim_model      |    off     |       off        |        
RUN-1001 :         seq_syn         |     on     |        on        |        
RUN-1001 : --------------------------------------------------------------
HDL-1007 : analyze verilog file prj/ADC.v
RUN-1001 : reset_run syn_1 phy_1.
RUN-1001 : launch_runs syn_1 phy_1  -jobs 6.
RUN-6001 WARNING: syn_1: run failed.
RUN-1001 : open_run syn_1.
RUN-1002 : start command "import_db E:/ChinaFPGAProject/WYSWD/WYSWD_Runs/syn_1/WYSWD_elaborate.db"
RUN-1001 : Importing database generated by Tang Dynasty, V5.6.71036.
RUN-1001 : Database version number 46146.
RUN-1001 : Import flow parameters
RUN-1001 : Import IO constraints
RUN-1001 : Import Inst constraints
RUN-1001 : Import design success TD_VERSION=5.6.71036 , DB_VERSION=46146
HDL-1007 : analyze verilog file prj/WYSWD.v
RUN-1001 : reset_run syn_1 phy_1.
RUN-1001 : launch_runs syn_1 phy_1  -jobs 6.
RUN-6001 WARNING: syn_1: run failed.
RUN-1001 : open_run syn_1.
RUN-1002 : start command "import_db E:/ChinaFPGAProject/WYSWD/WYSWD_Runs/syn_1/WYSWD_elaborate.db"
RUN-1001 : Importing database generated by Tang Dynasty, V5.6.71036.
RUN-1001 : Database version number 46146.
RUN-1001 : Import flow parameters
RUN-1001 : Import IO constraints
RUN-1001 : Import Inst constraints
RUN-1001 : Import design success TD_VERSION=5.6.71036 , DB_VERSION=46146
HDL-1007 : analyze verilog file prj/WYSWD.v
RUN-1001 : reset_run syn_1 phy_1.
RUN-1001 : launch_runs syn_1 phy_1  -jobs 6.
RUN-6001 WARNING: syn_1: run failed.
RUN-1001 : open_run syn_1.
RUN-1002 : start command "import_db E:/ChinaFPGAProject/WYSWD/WYSWD_Runs/syn_1/WYSWD_elaborate.db"
RUN-1001 : Importing database generated by Tang Dynasty, V5.6.71036.
RUN-1001 : Database version number 46146.
RUN-1001 : Import flow parameters
RUN-1001 : Import IO constraints
RUN-1001 : Import Inst constraints
RUN-1001 : Import design success TD_VERSION=5.6.71036 , DB_VERSION=46146
GUI-8402 ERROR: Error found at 'DRIVESTRENGTH = 8'.
GUI-8402 ERROR: Error found at 'PULLTYPE = NONE'.
GUI-8402 ERROR: Error found at 'DRIVESTRENGTH = 8'.
GUI-8402 ERROR: Error found at 'PULLTYPE = NONE'.
GUI-5004 WARNING: ADC1_CLK has not been assigned a location ...
GUI-5004 WARNING: ADC2_CLK has not been assigned a location ...
GUI-8405 ERROR: CLK_10M is not the signal of the project.
GUI-8405 ERROR: CLK_200M is not the signal of the project.
GUI-6001 WARNING: File E:/ChinaFPGAProject/WYSWD/PIN/one.adc does not exist!
RUN-8001 ERROR: Project manager: failed to remove source files, invalid type.
GUI-6001 WARNING: File E:/ChinaFPGAProject/WYSWD/PIN/one.adc does not exist!
RUN-1001 : Print Global Property
RUN-1001 : ---------------------------------------------------------------
RUN-1001 :        Parameters        |  Settings  |  Default Values  |  Note  
RUN-1001 : ---------------------------------------------------------------
RUN-1001 :          message         |  standard  |     standard     |        
RUN-1001 :   mixed_pack_place_flow  |     on     |        on        |        
RUN-1001 :        qor_monitor       |    off     |       off        |        
RUN-1001 :        syn_ip_flow       |    off     |       off        |        
RUN-1001 :          thread          |    auto    |       auto       |        
RUN-1001 : ---------------------------------------------------------------
RUN-1001 : Print Design Property
RUN-1001 : --------------------------------------------------------------
RUN-1001 :        Parameters       |  Settings  |  Default Values  |  Note  
RUN-1001 : --------------------------------------------------------------
RUN-1001 :   default_reg_initial   |    auto    |       auto       |        
RUN-1001 :        infer_add        |     on     |        on        |        
RUN-1001 :        infer_fsm        |    off     |       off        |        
RUN-1001 :        infer_mult       |     on     |        on        |        
RUN-1001 :        infer_ram        |     on     |        on        |        
RUN-1001 :        infer_reg        |     on     |        on        |        
RUN-1001 :   infer_reg_init_value  |     on     |        on        |        
RUN-1001 :        infer_rom        |     on     |        on        |        
RUN-1001 :      infer_shifter      |     on     |        on        |        
RUN-1001 : --------------------------------------------------------------
RUN-1001 : Print Rtl Property
RUN-1001 : --------------------------------------------------------------
RUN-1001 :        Parameters       |  Settings  |  Default Values  |  Note  
RUN-1001 : --------------------------------------------------------------
RUN-1001 :       compress_add      |   ripple   |      ripple      |        
RUN-1001 :        elf_sload        |    off     |       off        |        
RUN-1001 :       fix_undriven      |     0      |        0         |        
RUN-1001 :         flatten         |    off     |       off        |        
RUN-1001 :       gate_sharing      |     on     |        on        |        
RUN-1001 :    hdl_warning_level    |   normal   |      normal      |        
RUN-1001 :   impl_internal_tribuf  |     on     |        on        |        
RUN-1001 :      impl_set_reset     |     on     |        on        |        
RUN-1001 :        infer_gsr        |    off     |       off        |        
RUN-1001 :      keep_hierarchy     |    auto    |       auto       |        
RUN-1001 :        max_fanout       |    9999    |       9999       |        
RUN-1001 :      max_oh2bin_len     |     10     |        10        |        
RUN-1001 :       merge_equal       |     on     |        on        |        
RUN-1001 :       merge_equiv       |     on     |        on        |        
RUN-1001 :        merge_mux        |    off     |       off        |        
RUN-1001 :     min_control_set     |     8      |        8         |        
RUN-1001 :      min_ripple_len     |    auto    |       auto       |        
RUN-1001 :       oh2bin_ratio      |    0.08    |       0.08       |        
RUN-1001 :     opt_adder_fanout    |     on     |        on        |        
RUN-1001 :        opt_arith        |     on     |        on        |        
RUN-1001 :       opt_big_gate      |    off     |       off        |        
RUN-1001 :        opt_const        |     on     |        on        |        
RUN-1001 :      opt_const_mult     |     on     |        on        |        
RUN-1001 :       opt_lessthan      |     on     |        on        |        
RUN-1001 :         opt_mux         |    off     |       off        |        
RUN-1001 :         opt_ram         |    high    |       high       |        
RUN-1001 :      rtl_sim_model      |    off     |       off        |        
RUN-1001 :         seq_syn         |     on     |        on        |        
RUN-1001 : --------------------------------------------------------------
HDL-1007 : analyze verilog file IP/PLL.v
HDL-1007 : undeclared symbol 'open', assumed default net type 'wire' in IP/PLL.v(70)
HDL-1007 : analyze verilog file prj/WYSWD.v
HDL-1007 : analyze verilog file prj/ADC.v
GUI-6002 WARNING: Unable to open file:PIN/one.adc
RUN-1001 : reset_run syn_1 phy_1.
RUN-1001 : launch_runs syn_1 phy_1  -jobs 6.
RUN-6001 WARNING: syn_1: run failed.
RUN-1001 : open_run syn_1.
RUN-1002 : start command "import_db E:/ChinaFPGAProject/WYSWD/WYSWD_Runs/syn_1/WYSWD_elaborate.db"
RUN-1001 : Importing database generated by Tang Dynasty, V5.6.71036.
RUN-1001 : Database version number 46146.
RUN-1001 : Import flow parameters
RUN-1001 : Import IO constraints
RUN-1001 : Import Inst constraints
RUN-1001 : Import design success TD_VERSION=5.6.71036 , DB_VERSION=46146
GUI-6001 WARNING: File PIN/one.adc does not exist!
GUI-6001 WARNING: File PIN/one.adc does not exist!
RUN-1001 : reset_run syn_1 phy_1.
RUN-1001 : launch_runs syn_1 phy_1  -jobs 6.
RUN-1001 : syn_1: run complete.
RUN-1001 : phy_1: run complete.
RUN-1001 : open_run phy_1.
RUN-1002 : start command "import_db E:/ChinaFPGAProject/WYSWD/WYSWD_Runs/phy_1/WYSWD_pr.db"
RUN-1001 : Importing database generated by Tang Dynasty, V5.6.71036.
RUN-1001 : Database version number 46146.
RUN-1001 : Import flow parameters
PHY-1001 : Generate detailed routing grids ...
PHY-1001 : Generate nets ...
PHY-1001 : net CLK_50M_dup_1 will be routed on clock mesh
PHY-1001 : clock net ADC_init/CLK_200M will be merged with clock pll_init/clk0_buf
PHY-1001 : eco open net = 0
PHY-1001 : 1 feed throughs used by 1 nets
RUN-1001 : Import IO constraints
RUN-1001 : Import Inst constraints
RUN-1001 : Import design success TD_VERSION=5.6.71036 , DB_VERSION=46146
RUN-1001 : reset_run syn_1 phy_1.
RUN-1001 : launch_runs syn_1 phy_1  -jobs 6.
RUN-1001 : syn_1: run complete.
RUN-1001 : phy_1: run complete.
RUN-1001 : open_run phy_1.
RUN-1002 : start command "import_db E:/ChinaFPGAProject/WYSWD/WYSWD_Runs/phy_1/WYSWD_pr.db"
RUN-1001 : Importing database generated by Tang Dynasty, V5.6.71036.
RUN-1001 : Database version number 46146.
RUN-1001 : Import flow parameters
PHY-1001 : Generate detailed routing grids ...
PHY-1001 : Generate nets ...
PHY-1001 : net CLK_50M_dup_1 will be routed on clock mesh
PHY-1001 : clock net ADC_init/CLK_200M will be merged with clock pll_init/clk0_buf
PHY-1001 : eco open net = 0
PHY-1001 : 1 feed throughs used by 1 nets
RUN-1001 : Import IO constraints
RUN-1001 : Import Inst constraints
RUN-1001 : Import design success TD_VERSION=5.6.71036 , DB_VERSION=46146
RUN-1001 : reset_run syn_1 phy_1.
RUN-1001 : launch_runs syn_1 phy_1  -jobs 6.
RUN-1001 : syn_1: run complete.
RUN-1001 : phy_1: run complete.
RUN-1001 : open_run phy_1.
RUN-1002 : start command "import_db E:/ChinaFPGAProject/WYSWD/WYSWD_Runs/phy_1/WYSWD_pr.db"
RUN-1001 : Importing database generated by Tang Dynasty, V5.6.71036.
RUN-1001 : Database version number 46146.
RUN-1001 : Import flow parameters
PHY-1001 : Generate detailed routing grids ...
PHY-1001 : Generate nets ...
PHY-1001 : net CLK_50M_dup_1 will be routed on clock mesh
PHY-1001 : clock net ADC_init/CLK_200M will be merged with clock pll_init/clk0_buf
PHY-1001 : eco open net = 0
PHY-1001 : 1 feed throughs used by 1 nets
RUN-1001 : Import IO constraints
RUN-1001 : Import Inst constraints
RUN-1001 : Import design success TD_VERSION=5.6.71036 , DB_VERSION=46146
RUN-1002 : start command "download -bit WYSWD_Runs\phy_1\WYSWD.bit -mode jtag -spd 7 -sec 64 -cable 0"
PRG-2014 : Chip validation success: EAGLE_S20_BG256
RUN-1002 : start command "bit_to_vec -chip EAGLE_S20_BG256 -m jtag_burst -freq 4 -bit WYSWD_Runs/phy_1/WYSWD.bit"
RUN-1002 : start command "program -cable 0 -mode svf -spd 7 -p"
RUN-1003 : finish command "program -cable 0 -mode svf -spd 7 -p" in  6.246612s wall, 0.234375s user + 0.203125s system = 0.437500s CPU (7.0%)

RUN-1004 : used memory is 590 MB, reserved memory is 578 MB, peak memory is 664 MB
RUN-1003 : finish command "download -bit WYSWD_Runs\phy_1\WYSWD.bit -mode jtag -spd 7 -sec 64 -cable 0" in  6.643257s wall, 0.343750s user + 0.218750s system = 0.562500s CPU (8.5%)

RUN-1004 : used memory is 590 MB, reserved memory is 578 MB, peak memory is 664 MB
GUI-1001 : Downloading succeeded!
HDL-1007 : analyze verilog file prj/ADC.v
HDL-1007 : analyze verilog file prj/ADC.v
RUN-1001 : reset_run syn_1 phy_1.
GUI-6001 WARNING: File E:/ChinaFPGAProject/WYSWD/WYSWD_Runs/phy_1/WYSWD.bit does not exist!
RUN-1001 : launch_runs syn_1 phy_1  -jobs 6.
RUN-1001 : syn_1: run complete.
RUN-1001 : phy_1: run complete.
RUN-1001 : open_run phy_1.
RUN-1002 : start command "import_db E:/ChinaFPGAProject/WYSWD/WYSWD_Runs/phy_1/WYSWD_pr.db"
RUN-1001 : Importing database generated by Tang Dynasty, V5.6.71036.
RUN-1001 : Database version number 46146.
RUN-1001 : Import flow parameters
PHY-1001 : Generate detailed routing grids ...
PHY-1001 : Generate nets ...
PHY-1001 : net CLK_50M_dup_1 will be routed on clock mesh
PHY-1001 : clock net ADC_init/CLK_200M will be merged with clock pll_init/clk0_buf
PHY-1001 : clock net ADC_init/ADC1_CLK_n_syn_5 will be merged with clock ADC_init/ADC1_CLK_n
PHY-1001 : eco open net = 0
PHY-1001 : 0 feed throughs used by 0 nets
RUN-1001 : Import IO constraints
RUN-1001 : Import Inst constraints
RUN-1001 : Import design success TD_VERSION=5.6.71036 , DB_VERSION=46146
RUN-1002 : start command "download -bit WYSWD_Runs\phy_1\WYSWD.bit -mode jtag -spd 7 -sec 64 -cable 0"
PRG-2014 : Chip validation success: EAGLE_S20_BG256
RUN-1002 : start command "bit_to_vec -chip EAGLE_S20_BG256 -m jtag_burst -freq 4 -bit WYSWD_Runs/phy_1/WYSWD.bit"
RUN-1002 : start command "program -cable 0 -mode svf -spd 7 -p"
RUN-1003 : finish command "program -cable 0 -mode svf -spd 7 -p" in  6.244992s wall, 0.125000s user + 0.140625s system = 0.265625s CPU (4.3%)

RUN-1004 : used memory is 611 MB, reserved memory is 602 MB, peak memory is 664 MB
RUN-1003 : finish command "download -bit WYSWD_Runs\phy_1\WYSWD.bit -mode jtag -spd 7 -sec 64 -cable 0" in  6.626200s wall, 0.250000s user + 0.203125s system = 0.453125s CPU (6.8%)

RUN-1004 : used memory is 611 MB, reserved memory is 602 MB, peak memory is 664 MB
GUI-1001 : Downloading succeeded!
RUN-1002 : start command "download -bit WYSWD_Runs\phy_1\WYSWD.bit -mode jtag -spd 7 -sec 64 -cable 0"
PRG-2014 : Chip validation success: EAGLE_S20_BG256
RUN-1002 : start command "bit_to_vec -chip EAGLE_S20_BG256 -m jtag_burst -freq 4 -bit WYSWD_Runs/phy_1/WYSWD.bit"
RUN-1002 : start command "program -cable 0 -mode svf -spd 7 -p"
RUN-1003 : finish command "program -cable 0 -mode svf -spd 7 -p" in  6.244189s wall, 0.171875s user + 0.359375s system = 0.531250s CPU (8.5%)

RUN-1004 : used memory is 608 MB, reserved memory is 599 MB, peak memory is 664 MB
RUN-1003 : finish command "download -bit WYSWD_Runs\phy_1\WYSWD.bit -mode jtag -spd 7 -sec 64 -cable 0" in  6.634535s wall, 0.250000s user + 0.390625s system = 0.640625s CPU (9.7%)

RUN-1004 : used memory is 608 MB, reserved memory is 599 MB, peak memory is 664 MB
GUI-1001 : Downloading succeeded!
GUI-5004 WARNING: ADC1_CLK has not been assigned a location ...
GUI-5004 WARNING: ADC2_CLK has not been assigned a location ...
GUI-5004 WARNING: CLK_50M has not been assigned a location ...
RUN-1001 : reset_run syn_1 phy_1.
GUI-6001 WARNING: File E:/ChinaFPGAProject/WYSWD/WYSWD_Runs/phy_1/WYSWD.bit does not exist!
RUN-1001 : launch_runs syn_1 phy_1  -jobs 6.
RUN-1001 : syn_1: run complete.
RUN-1001 : phy_1: run complete.
RUN-1001 : open_run phy_1.
RUN-1002 : start command "import_db E:/ChinaFPGAProject/WYSWD/WYSWD_Runs/phy_1/WYSWD_pr.db"
RUN-1001 : Importing database generated by Tang Dynasty, V5.6.71036.
RUN-1001 : Database version number 46146.
RUN-1001 : Import flow parameters
PHY-1001 : Generate detailed routing grids ...
PHY-1001 : Generate nets ...
PHY-1001 : net CLK_50M_dup_1 will be routed on clock mesh
PHY-1001 : clock net ADC_init/CLK_200M will be merged with clock pll_init/clk0_buf
PHY-1001 : clock net ADC_init/ADC1_CLK_n_syn_5 will be merged with clock ADC_init/ADC1_CLK_n
PHY-1001 : eco open net = 0
PHY-1001 : 1 feed throughs used by 1 nets
RUN-1001 : Import IO constraints
RUN-1001 : Import Inst constraints
RUN-1001 : Import design success TD_VERSION=5.6.71036 , DB_VERSION=46146
RUN-1002 : start command "download -bit WYSWD_Runs\phy_1\WYSWD.bit -mode jtag -spd 7 -sec 64 -cable 0"
PRG-2014 : Chip validation success: EAGLE_S20_BG256
RUN-1002 : start command "bit_to_vec -chip EAGLE_S20_BG256 -m jtag_burst -freq 4 -bit WYSWD_Runs/phy_1/WYSWD.bit"
RUN-1002 : start command "program -cable 0 -mode svf -spd 7 -p"
RUN-1003 : finish command "program -cable 0 -mode svf -spd 7 -p" in  6.242803s wall, 0.140625s user + 0.125000s system = 0.265625s CPU (4.3%)

RUN-1004 : used memory is 635 MB, reserved memory is 625 MB, peak memory is 664 MB
RUN-1003 : finish command "download -bit WYSWD_Runs\phy_1\WYSWD.bit -mode jtag -spd 7 -sec 64 -cable 0" in  6.633694s wall, 0.234375s user + 0.140625s system = 0.375000s CPU (5.7%)

RUN-1004 : used memory is 635 MB, reserved memory is 625 MB, peak memory is 664 MB
GUI-1001 : Downloading succeeded!
HDL-1007 : analyze verilog file prj/WYSWD.v
RUN-1001 : reset_run syn_1 phy_1.
GUI-6001 WARNING: File E:/ChinaFPGAProject/WYSWD/WYSWD_Runs/phy_1/WYSWD.bit does not exist!
RUN-1001 : launch_runs syn_1 phy_1  -jobs 6.
RUN-1001 : syn_1: run complete.
RUN-1001 : phy_1: run complete.
RUN-1001 : open_run phy_1.
RUN-1002 : start command "import_db E:/ChinaFPGAProject/WYSWD/WYSWD_Runs/phy_1/WYSWD_pr.db"
RUN-1001 : Importing database generated by Tang Dynasty, V5.6.71036.
RUN-1001 : Database version number 46146.
RUN-1001 : Import flow parameters
PHY-1001 : Generate detailed routing grids ...
PHY-1001 : Generate nets ...
PHY-1001 : net ADC1_CLK_dup_1 will be routed on clock mesh
PHY-1001 : clock net ADC_init/CLK_200M will be merged with clock pll_init/clk0_buf
PHY-1001 : eco open net = 0
PHY-1001 : 0 feed throughs used by 0 nets
RUN-1001 : Import IO constraints
RUN-1001 : Import Inst constraints
RUN-1001 : Import design success TD_VERSION=5.6.71036 , DB_VERSION=46146
RUN-1002 : start command "download -bit WYSWD_Runs\phy_1\WYSWD.bit -mode jtag -spd 7 -sec 64 -cable 0"
PRG-2014 : Chip validation success: EAGLE_S20_BG256
RUN-1002 : start command "bit_to_vec -chip EAGLE_S20_BG256 -m jtag_burst -freq 4 -bit WYSWD_Runs/phy_1/WYSWD.bit"
RUN-1002 : start command "program -cable 0 -mode svf -spd 7 -p"
RUN-1003 : finish command "program -cable 0 -mode svf -spd 7 -p" in  6.249505s wall, 0.125000s user + 0.156250s system = 0.281250s CPU (4.5%)

RUN-1004 : used memory is 616 MB, reserved memory is 606 MB, peak memory is 664 MB
RUN-1003 : finish command "download -bit WYSWD_Runs\phy_1\WYSWD.bit -mode jtag -spd 7 -sec 64 -cable 0" in  6.640461s wall, 0.203125s user + 0.171875s system = 0.375000s CPU (5.6%)

RUN-1004 : used memory is 616 MB, reserved memory is 606 MB, peak memory is 664 MB
GUI-1001 : Downloading succeeded!
HDL-1007 : analyze verilog file prj/ADC.v
HDL-1007 : analyze verilog file prj/WYSWD.v
RUN-1001 : reset_run syn_1 phy_1.
GUI-6001 WARNING: File E:/ChinaFPGAProject/WYSWD/WYSWD_Runs/phy_1/WYSWD.bit does not exist!
RUN-1001 : launch_runs syn_1 phy_1  -jobs 6.
RUN-1001 : syn_1: run complete.
RUN-1001 : phy_1: run complete.
RUN-1001 : open_run phy_1.
RUN-1002 : start command "import_db E:/ChinaFPGAProject/WYSWD/WYSWD_Runs/phy_1/WYSWD_pr.db"
RUN-1001 : Importing database generated by Tang Dynasty, V5.6.71036.
RUN-1001 : Database version number 46146.
RUN-1001 : Import flow parameters
PHY-1001 : Generate detailed routing grids ...
PHY-1001 : Generate nets ...
PHY-1001 : net CLK_50M_dup_1 will be routed on clock mesh
PHY-1001 : clock net ADC_init/CLK_200M will be merged with clock pll_init/clk0_buf
PHY-1001 : clock net ADC_init/ADC1_CLK_n_syn_5 will be merged with clock ADC_init/ADC1_CLK_n
PHY-1001 : eco open net = 0
PHY-1001 : 1 feed throughs used by 1 nets
RUN-1001 : Import IO constraints
RUN-1001 : Import Inst constraints
RUN-1001 : Import design success TD_VERSION=5.6.71036 , DB_VERSION=46146
RUN-1002 : start command "download -bit WYSWD_Runs\phy_1\WYSWD.bit -mode jtag -spd 7 -sec 64 -cable 0"
PRG-2014 : Chip validation success: EAGLE_S20_BG256
RUN-1002 : start command "bit_to_vec -chip EAGLE_S20_BG256 -m jtag_burst -freq 4 -bit WYSWD_Runs/phy_1/WYSWD.bit"
RUN-1002 : start command "program -cable 0 -mode svf -spd 7 -p"
RUN-1003 : finish command "program -cable 0 -mode svf -spd 7 -p" in  6.249888s wall, 0.156250s user + 0.250000s system = 0.406250s CPU (6.5%)

RUN-1004 : used memory is 618 MB, reserved memory is 609 MB, peak memory is 664 MB
RUN-1003 : finish command "download -bit WYSWD_Runs\phy_1\WYSWD.bit -mode jtag -spd 7 -sec 64 -cable 0" in  6.642090s wall, 0.234375s user + 0.265625s system = 0.500000s CPU (7.5%)

RUN-1004 : used memory is 618 MB, reserved memory is 609 MB, peak memory is 664 MB
GUI-1001 : Downloading succeeded!
HDL-1007 : analyze verilog file prj/ADC.v
RUN-1001 : reset_run syn_1 phy_1.
GUI-6001 WARNING: File E:/ChinaFPGAProject/WYSWD/WYSWD_Runs/phy_1/WYSWD.bit does not exist!
RUN-1001 : launch_runs syn_1 phy_1  -jobs 6.
RUN-1001 : syn_1: run complete.
RUN-1001 : phy_1: run complete.
RUN-1001 : open_run phy_1.
RUN-1002 : start command "import_db E:/ChinaFPGAProject/WYSWD/WYSWD_Runs/phy_1/WYSWD_pr.db"
RUN-1001 : Importing database generated by Tang Dynasty, V5.6.71036.
RUN-1001 : Database version number 46146.
RUN-1001 : Import flow parameters
PHY-1001 : Generate detailed routing grids ...
PHY-1001 : Generate nets ...
PHY-1001 : net CLK_50M_dup_1 will be routed on clock mesh
PHY-1001 : clock net ADC_init/CLK_200M will be merged with clock pll_init/clk0_buf
PHY-1001 : eco open net = 0
PHY-1001 : 0 feed throughs used by 0 nets
RUN-1001 : Import IO constraints
RUN-1001 : Import Inst constraints
RUN-1001 : Import design success TD_VERSION=5.6.71036 , DB_VERSION=46146
RUN-1002 : start command "download -bit WYSWD_Runs\phy_1\WYSWD.bit -mode jtag -spd 7 -sec 64 -cable 0"
PRG-2014 : Chip validation success: EAGLE_S20_BG256
RUN-1002 : start command "bit_to_vec -chip EAGLE_S20_BG256 -m jtag_burst -freq 4 -bit WYSWD_Runs/phy_1/WYSWD.bit"
RUN-1002 : start command "program -cable 0 -mode svf -spd 7 -p"
RUN-1003 : finish command "program -cable 0 -mode svf -spd 7 -p" in  6.249365s wall, 0.109375s user + 0.140625s system = 0.250000s CPU (4.0%)

RUN-1004 : used memory is 624 MB, reserved memory is 611 MB, peak memory is 664 MB
RUN-1003 : finish command "download -bit WYSWD_Runs\phy_1\WYSWD.bit -mode jtag -spd 7 -sec 64 -cable 0" in  6.637720s wall, 0.187500s user + 0.156250s system = 0.343750s CPU (5.2%)

RUN-1004 : used memory is 624 MB, reserved memory is 611 MB, peak memory is 664 MB
GUI-1001 : Downloading succeeded!
HDL-1007 : analyze verilog file prj/WYSWD.v
RUN-1001 : reset_run syn_1 phy_1.
GUI-6001 WARNING: File E:/ChinaFPGAProject/WYSWD/WYSWD_Runs/phy_1/WYSWD.bit does not exist!
RUN-1001 : launch_runs syn_1 phy_1  -jobs 6.
RUN-1001 : syn_1: run complete.
RUN-1001 : phy_1: run complete.
RUN-1001 : open_run phy_1.
RUN-1002 : start command "import_db E:/ChinaFPGAProject/WYSWD/WYSWD_Runs/phy_1/WYSWD_pr.db"
RUN-1001 : Importing database generated by Tang Dynasty, V5.6.71036.
RUN-1001 : Database version number 46146.
RUN-1001 : Import flow parameters
PHY-1001 : Generate detailed routing grids ...
PHY-1001 : Generate nets ...
PHY-1001 : net ADC1_CLK_dup_1 will be routed on clock mesh
PHY-1001 : clock net ADC_init/CLK_200M will be merged with clock pll_init/clk0_buf
PHY-1001 : eco open net = 0
PHY-1001 : 0 feed throughs used by 0 nets
RUN-1001 : Import IO constraints
RUN-1001 : Import Inst constraints
RUN-1001 : Import design success TD_VERSION=5.6.71036 , DB_VERSION=46146
RUN-1002 : start command "download -bit WYSWD_Runs\phy_1\WYSWD.bit -mode jtag -spd 7 -sec 64 -cable 0"
PRG-2014 : Chip validation success: EAGLE_S20_BG256
RUN-1002 : start command "bit_to_vec -chip EAGLE_S20_BG256 -m jtag_burst -freq 4 -bit WYSWD_Runs/phy_1/WYSWD.bit"
RUN-1002 : start command "program -cable 0 -mode svf -spd 7 -p"
RUN-1003 : finish command "program -cable 0 -mode svf -spd 7 -p" in  6.244269s wall, 0.093750s user + 0.062500s system = 0.156250s CPU (2.5%)

RUN-1004 : used memory is 647 MB, reserved memory is 633 MB, peak memory is 665 MB
RUN-1003 : finish command "download -bit WYSWD_Runs\phy_1\WYSWD.bit -mode jtag -spd 7 -sec 64 -cable 0" in  6.635070s wall, 0.171875s user + 0.093750s system = 0.265625s CPU (4.0%)

RUN-1004 : used memory is 647 MB, reserved memory is 633 MB, peak memory is 665 MB
GUI-1001 : Downloading succeeded!
HDL-1007 : analyze verilog file prj/WYSWD.v
RUN-1001 : reset_run syn_1 phy_1.
GUI-6001 WARNING: File E:/ChinaFPGAProject/WYSWD/WYSWD_Runs/phy_1/WYSWD.bit does not exist!
RUN-1001 : launch_runs syn_1 phy_1  -jobs 6.
RUN-1001 : syn_1: run complete.
RUN-1001 : phy_1: run complete.
RUN-1001 : open_run phy_1.
RUN-1002 : start command "import_db E:/ChinaFPGAProject/WYSWD/WYSWD_Runs/phy_1/WYSWD_pr.db"
RUN-1001 : Importing database generated by Tang Dynasty, V5.6.71036.
RUN-1001 : Database version number 46146.
RUN-1001 : Import flow parameters
PHY-1001 : Generate detailed routing grids ...
PHY-1001 : Generate nets ...
PHY-1001 : net CLK_50M_dup_1 will be routed on clock mesh
PHY-1001 : clock net ADC_init/CLK_200M will be merged with clock pll_init/clk0_buf
PHY-1001 : eco open net = 0
PHY-1001 : 1 feed throughs used by 1 nets
RUN-1001 : Import IO constraints
RUN-1001 : Import Inst constraints
RUN-1001 : Import design success TD_VERSION=5.6.71036 , DB_VERSION=46146
RUN-1002 : start command "download -bit WYSWD_Runs\phy_1\WYSWD.bit -mode jtag -spd 7 -sec 64 -cable 0"
PRG-2014 : Chip validation success: EAGLE_S20_BG256
RUN-1002 : start command "bit_to_vec -chip EAGLE_S20_BG256 -m jtag_burst -freq 4 -bit WYSWD_Runs/phy_1/WYSWD.bit"
RUN-1002 : start command "program -cable 0 -mode svf -spd 7 -p"
RUN-1003 : finish command "program -cable 0 -mode svf -spd 7 -p" in  6.249446s wall, 0.187500s user + 0.234375s system = 0.421875s CPU (6.8%)

RUN-1004 : used memory is 652 MB, reserved memory is 638 MB, peak memory is 673 MB
RUN-1003 : finish command "download -bit WYSWD_Runs\phy_1\WYSWD.bit -mode jtag -spd 7 -sec 64 -cable 0" in  6.639694s wall, 0.265625s user + 0.234375s system = 0.500000s CPU (7.5%)

RUN-1004 : used memory is 652 MB, reserved memory is 638 MB, peak memory is 673 MB
GUI-1001 : Downloading succeeded!
HDL-1007 : analyze verilog file prj/WYSWD.v
RUN-1001 : reset_run syn_1 phy_1.
GUI-6001 WARNING: File E:/ChinaFPGAProject/WYSWD/WYSWD_Runs/phy_1/WYSWD.bit does not exist!
RUN-1001 : launch_runs syn_1 phy_1  -jobs 6.
RUN-1001 : syn_1: run complete.
RUN-1001 : phy_1: run complete.
RUN-1001 : open_run phy_1.
RUN-1002 : start command "import_db E:/ChinaFPGAProject/WYSWD/WYSWD_Runs/phy_1/WYSWD_pr.db"
RUN-1001 : Importing database generated by Tang Dynasty, V5.6.71036.
RUN-1001 : Database version number 46146.
RUN-1001 : Import flow parameters
PHY-1001 : Generate detailed routing grids ...
PHY-1001 : Generate nets ...
PHY-1001 : clock net ADC1_CLK_dup_1 will be merged with clock pll_init/clk0_buf
PHY-1001 : net CLK_50M_dup_1 will be routed on clock mesh
PHY-1001 : eco open net = 0
PHY-1001 : 0 feed throughs used by 0 nets
RUN-1001 : Import IO constraints
RUN-1001 : Import Inst constraints
RUN-1001 : Import design success TD_VERSION=5.6.71036 , DB_VERSION=46146
RUN-1002 : start command "download -bit WYSWD_Runs\phy_1\WYSWD.bit -mode jtag -spd 7 -sec 64 -cable 0"
PRG-2014 : Chip validation success: EAGLE_S20_BG256
RUN-1002 : start command "bit_to_vec -chip EAGLE_S20_BG256 -m jtag_burst -freq 4 -bit WYSWD_Runs/phy_1/WYSWD.bit"
RUN-1002 : start command "program -cable 0 -mode svf -spd 7 -p"
RUN-1003 : finish command "program -cable 0 -mode svf -spd 7 -p" in  6.251584s wall, 0.109375s user + 0.140625s system = 0.250000s CPU (4.0%)

RUN-1004 : used memory is 653 MB, reserved memory is 640 MB, peak memory is 673 MB
RUN-1003 : finish command "download -bit WYSWD_Runs\phy_1\WYSWD.bit -mode jtag -spd 7 -sec 64 -cable 0" in  6.641928s wall, 0.203125s user + 0.171875s system = 0.375000s CPU (5.6%)

RUN-1004 : used memory is 653 MB, reserved memory is 640 MB, peak memory is 673 MB
GUI-1001 : Downloading succeeded!
HDL-1007 : analyze verilog file prj/WYSWD.v
RUN-1001 : reset_run syn_1 phy_1.
GUI-6001 WARNING: File E:/ChinaFPGAProject/WYSWD/WYSWD_Runs/phy_1/WYSWD.bit does not exist!
RUN-1001 : launch_runs syn_1 phy_1  -jobs 6.
RUN-1001 : syn_1: run complete.
RUN-1001 : phy_1: run complete.
RUN-1001 : open_run phy_1.
RUN-1002 : start command "import_db E:/ChinaFPGAProject/WYSWD/WYSWD_Runs/phy_1/WYSWD_pr.db"
RUN-1001 : Importing database generated by Tang Dynasty, V5.6.71036.
RUN-1001 : Database version number 46146.
RUN-1001 : Import flow parameters
PHY-1001 : Generate detailed routing grids ...
PHY-1001 : Generate nets ...
PHY-1001 : net ADC1_CLK_dup_1 will be routed on clock mesh
PHY-1001 : clock net ADC_init/CLK_200M will be merged with clock pll_init/clk0_buf
PHY-1001 : eco open net = 0
PHY-1001 : 0 feed throughs used by 0 nets
RUN-1001 : Import IO constraints
RUN-1001 : Import Inst constraints
RUN-1001 : Import design success TD_VERSION=5.6.71036 , DB_VERSION=46146
RUN-1002 : start command "download -bit WYSWD_Runs\phy_1\WYSWD.bit -mode jtag -spd 7 -sec 64 -cable 0"
PRG-2014 : Chip validation success: EAGLE_S20_BG256
RUN-1002 : start command "bit_to_vec -chip EAGLE_S20_BG256 -m jtag_burst -freq 4 -bit WYSWD_Runs/phy_1/WYSWD.bit"
RUN-1002 : start command "program -cable 0 -mode svf -spd 7 -p"
RUN-1003 : finish command "program -cable 0 -mode svf -spd 7 -p" in  6.249956s wall, 0.078125s user + 0.296875s system = 0.375000s CPU (6.0%)

RUN-1004 : used memory is 656 MB, reserved memory is 642 MB, peak memory is 674 MB
RUN-1003 : finish command "download -bit WYSWD_Runs\phy_1\WYSWD.bit -mode jtag -spd 7 -sec 64 -cable 0" in  6.641821s wall, 0.156250s user + 0.375000s system = 0.531250s CPU (8.0%)

RUN-1004 : used memory is 656 MB, reserved memory is 642 MB, peak memory is 674 MB
GUI-1001 : Downloading succeeded!
HDL-1007 : analyze verilog file prj/ADC.v
HDL-1007 : analyze verilog file prj/WYSWD.v
RUN-1001 : reset_run syn_1 phy_1.
GUI-6001 WARNING: File E:/ChinaFPGAProject/WYSWD/WYSWD_Runs/phy_1/WYSWD.bit does not exist!
RUN-1001 : launch_runs syn_1 phy_1  -jobs 6.
RUN-1001 : syn_1: run complete.
RUN-1001 : phy_1: run complete.
RUN-1001 : open_run phy_1.
RUN-1002 : start command "import_db E:/ChinaFPGAProject/WYSWD/WYSWD_Runs/phy_1/WYSWD_pr.db"
RUN-1001 : Importing database generated by Tang Dynasty, V5.6.71036.
RUN-1001 : Database version number 46146.
RUN-1001 : Import flow parameters
PHY-1001 : Generate detailed routing grids ...
PHY-1001 : Generate nets ...
PHY-1001 : clock net ADC1_CLK_dup_1 will be merged with clock pll_init/clk0_buf
PHY-1001 : net CLK_50M_dup_1 will be routed on clock mesh
PHY-1001 : eco open net = 0
PHY-1001 : 0 feed throughs used by 0 nets
RUN-1001 : Import IO constraints
RUN-1001 : Import Inst constraints
RUN-1001 : Import design success TD_VERSION=5.6.71036 , DB_VERSION=46146
RUN-1002 : start command "download -bit WYSWD_Runs\phy_1\WYSWD.bit -mode jtag -spd 7 -sec 64 -cable 0"
PRG-2014 : Chip validation success: EAGLE_S20_BG256
RUN-1002 : start command "bit_to_vec -chip EAGLE_S20_BG256 -m jtag_burst -freq 4 -bit WYSWD_Runs/phy_1/WYSWD.bit"
RUN-1002 : start command "program -cable 0 -mode svf -spd 7 -p"
RUN-1003 : finish command "program -cable 0 -mode svf -spd 7 -p" in  6.251133s wall, 0.156250s user + 0.265625s system = 0.421875s CPU (6.7%)

RUN-1004 : used memory is 657 MB, reserved memory is 644 MB, peak memory is 675 MB
RUN-1003 : finish command "download -bit WYSWD_Runs\phy_1\WYSWD.bit -mode jtag -spd 7 -sec 64 -cable 0" in  6.641623s wall, 0.250000s user + 0.265625s system = 0.515625s CPU (7.8%)

RUN-1004 : used memory is 657 MB, reserved memory is 644 MB, peak memory is 675 MB
GUI-1001 : Downloading succeeded!
HDL-1007 : analyze verilog file prj/ADC.v
RUN-1001 : reset_run syn_1 phy_1.
GUI-6001 WARNING: File E:/ChinaFPGAProject/WYSWD/WYSWD_Runs/phy_1/WYSWD.bit does not exist!
RUN-1001 : launch_runs syn_1 phy_1  -jobs 6.
RUN-1001 : syn_1: run complete.
RUN-1001 : phy_1: run complete.
RUN-1001 : open_run phy_1.
RUN-1002 : start command "import_db E:/ChinaFPGAProject/WYSWD/WYSWD_Runs/phy_1/WYSWD_pr.db"
RUN-1001 : Importing database generated by Tang Dynasty, V5.6.71036.
RUN-1001 : Database version number 46146.
RUN-1001 : Import flow parameters
PHY-1001 : Generate detailed routing grids ...
PHY-1001 : Generate nets ...
PHY-1001 : net CLK_50M_dup_1 will be routed on clock mesh
PHY-1001 : clock net ADC_init/CLK_200M will be merged with clock pll_init/clk0_buf
PHY-1001 : eco open net = 0
PHY-1001 : 1 feed throughs used by 1 nets
RUN-1001 : Import IO constraints
RUN-1001 : Import Inst constraints
RUN-1001 : Import design success TD_VERSION=5.6.71036 , DB_VERSION=46146
RUN-1002 : start command "download -bit WYSWD_Runs\phy_1\WYSWD.bit -mode jtag -spd 7 -sec 64 -cable 0"
PRG-2014 : Chip validation success: EAGLE_S20_BG256
RUN-1002 : start command "bit_to_vec -chip EAGLE_S20_BG256 -m jtag_burst -freq 4 -bit WYSWD_Runs/phy_1/WYSWD.bit"
RUN-1002 : start command "program -cable 0 -mode svf -spd 7 -p"
RUN-1003 : finish command "program -cable 0 -mode svf -spd 7 -p" in  6.255463s wall, 0.078125s user + 0.140625s system = 0.218750s CPU (3.5%)

RUN-1004 : used memory is 661 MB, reserved memory is 648 MB, peak memory is 679 MB
RUN-1003 : finish command "download -bit WYSWD_Runs\phy_1\WYSWD.bit -mode jtag -spd 7 -sec 64 -cable 0" in  6.648686s wall, 0.156250s user + 0.156250s system = 0.312500s CPU (4.7%)

RUN-1004 : used memory is 661 MB, reserved memory is 648 MB, peak memory is 679 MB
GUI-1001 : Downloading succeeded!
HDL-1007 : analyze verilog file prj/ADC.v
RUN-1001 : reset_run syn_1 phy_1.
GUI-6001 WARNING: File E:/ChinaFPGAProject/WYSWD/WYSWD_Runs/phy_1/WYSWD.bit does not exist!
RUN-1001 : launch_runs syn_1 phy_1  -jobs 6.
RUN-1001 : syn_1: run complete.
RUN-1001 : phy_1: run complete.
RUN-1001 : open_run phy_1.
RUN-1002 : start command "import_db E:/ChinaFPGAProject/WYSWD/WYSWD_Runs/phy_1/WYSWD_pr.db"
RUN-1001 : Importing database generated by Tang Dynasty, V5.6.71036.
RUN-1001 : Database version number 46146.
RUN-1001 : Import flow parameters
PHY-1001 : Generate detailed routing grids ...
PHY-1001 : Generate nets ...
PHY-1001 : net CLK_50M_dup_1 will be routed on clock mesh
PHY-1001 : clock net ADC_init/CLK_200M will be merged with clock pll_init/clk0_buf
PHY-1001 : eco open net = 0
PHY-1001 : 0 feed throughs used by 0 nets
RUN-1001 : Import IO constraints
RUN-1001 : Import Inst constraints
RUN-1001 : Import design success TD_VERSION=5.6.71036 , DB_VERSION=46146
RUN-1002 : start command "download -bit WYSWD_Runs\phy_1\WYSWD.bit -mode jtag -spd 7 -sec 64 -cable 0"
PRG-2014 : Chip validation success: EAGLE_S20_BG256
RUN-1002 : start command "bit_to_vec -chip EAGLE_S20_BG256 -m jtag_burst -freq 4 -bit WYSWD_Runs/phy_1/WYSWD.bit"
RUN-1002 : start command "program -cable 0 -mode svf -spd 7 -p"
RUN-1003 : finish command "program -cable 0 -mode svf -spd 7 -p" in  6.247948s wall, 0.171875s user + 0.093750s system = 0.265625s CPU (4.3%)

RUN-1004 : used memory is 661 MB, reserved memory is 647 MB, peak memory is 679 MB
RUN-1003 : finish command "download -bit WYSWD_Runs\phy_1\WYSWD.bit -mode jtag -spd 7 -sec 64 -cable 0" in  6.642364s wall, 0.250000s user + 0.140625s system = 0.390625s CPU (5.9%)

RUN-1004 : used memory is 661 MB, reserved memory is 647 MB, peak memory is 679 MB
GUI-1001 : Downloading succeeded!
HDL-1007 : analyze verilog file prj/ADC.v
RUN-1001 : reset_run syn_1 phy_1.
GUI-6001 WARNING: File E:/ChinaFPGAProject/WYSWD/WYSWD_Runs/phy_1/WYSWD.bit does not exist!
RUN-1001 : launch_runs syn_1 phy_1  -jobs 6.
RUN-1001 : syn_1: run complete.
RUN-1001 : phy_1: run complete.
RUN-1001 : open_run phy_1.
RUN-1002 : start command "import_db E:/ChinaFPGAProject/WYSWD/WYSWD_Runs/phy_1/WYSWD_pr.db"
RUN-1001 : Importing database generated by Tang Dynasty, V5.6.71036.
RUN-1001 : Database version number 46146.
RUN-1001 : Import flow parameters
PHY-1001 : Generate detailed routing grids ...
PHY-1001 : Generate nets ...
PHY-1001 : net CLK_50M_dup_1 will be routed on clock mesh
PHY-1001 : clock net ADC_init/CLK_200M will be merged with clock pll_init/clk0_buf
PHY-1001 : eco open net = 0
PHY-1001 : 0 feed throughs used by 0 nets
RUN-1001 : Import IO constraints
RUN-1001 : Import Inst constraints
RUN-1001 : Import design success TD_VERSION=5.6.71036 , DB_VERSION=46146
RUN-1002 : start command "download -bit WYSWD_Runs\phy_1\WYSWD.bit -mode jtag -spd 7 -sec 64 -cable 0"
PRG-2014 : Chip validation success: EAGLE_S20_BG256
RUN-1002 : start command "bit_to_vec -chip EAGLE_S20_BG256 -m jtag_burst -freq 4 -bit WYSWD_Runs/phy_1/WYSWD.bit"
RUN-1002 : start command "program -cable 0 -mode svf -spd 7 -p"
RUN-1003 : finish command "program -cable 0 -mode svf -spd 7 -p" in  6.252013s wall, 0.078125s user + 0.140625s system = 0.218750s CPU (3.5%)

RUN-1004 : used memory is 664 MB, reserved memory is 651 MB, peak memory is 682 MB
RUN-1003 : finish command "download -bit WYSWD_Runs\phy_1\WYSWD.bit -mode jtag -spd 7 -sec 64 -cable 0" in  6.647621s wall, 0.187500s user + 0.171875s system = 0.359375s CPU (5.4%)

RUN-1004 : used memory is 664 MB, reserved memory is 651 MB, peak memory is 682 MB
GUI-1001 : Downloading succeeded!
HDL-1007 : analyze verilog file prj/ADC.v
RUN-1001 : reset_run syn_1 phy_1.
GUI-6001 WARNING: File E:/ChinaFPGAProject/WYSWD/WYSWD_Runs/phy_1/WYSWD.bit does not exist!
RUN-1001 : launch_runs syn_1 phy_1  -jobs 6.
RUN-1001 : syn_1: run complete.
RUN-1001 : phy_1: run complete.
RUN-1001 : open_run phy_1.
RUN-1002 : start command "import_db E:/ChinaFPGAProject/WYSWD/WYSWD_Runs/phy_1/WYSWD_pr.db"
RUN-1001 : Importing database generated by Tang Dynasty, V5.6.71036.
RUN-1001 : Database version number 46146.
RUN-1001 : Import flow parameters
PHY-1001 : Generate detailed routing grids ...
PHY-1001 : Generate nets ...
PHY-1001 : net CLK_50M_dup_1 will be routed on clock mesh
PHY-1001 : clock net ADC_init/CLK_200M will be merged with clock pll_init/clk0_buf
PHY-1001 : eco open net = 0
PHY-1001 : 0 feed throughs used by 0 nets
RUN-1001 : Import IO constraints
RUN-1001 : Import Inst constraints
RUN-1001 : Import design success TD_VERSION=5.6.71036 , DB_VERSION=46146
RUN-1002 : start command "download -bit WYSWD_Runs\phy_1\WYSWD.bit -mode jtag -spd 7 -sec 64 -cable 0"
PRG-2014 : Chip validation success: EAGLE_S20_BG256
RUN-1002 : start command "bit_to_vec -chip EAGLE_S20_BG256 -m jtag_burst -freq 4 -bit WYSWD_Runs/phy_1/WYSWD.bit"
RUN-1002 : start command "program -cable 0 -mode svf -spd 7 -p"
RUN-1003 : finish command "program -cable 0 -mode svf -spd 7 -p" in  6.250367s wall, 0.140625s user + 0.218750s system = 0.359375s CPU (5.7%)

RUN-1004 : used memory is 667 MB, reserved memory is 653 MB, peak memory is 684 MB
RUN-1003 : finish command "download -bit WYSWD_Runs\phy_1\WYSWD.bit -mode jtag -spd 7 -sec 64 -cable 0" in  6.641377s wall, 0.203125s user + 0.234375s system = 0.437500s CPU (6.6%)

RUN-1004 : used memory is 667 MB, reserved memory is 653 MB, peak memory is 684 MB
GUI-1001 : Downloading succeeded!
HDL-1007 : analyze verilog file prj/WYSWD.v
RUN-1001 : reset_run syn_1 phy_1.
GUI-6001 WARNING: File E:/ChinaFPGAProject/WYSWD/WYSWD_Runs/phy_1/WYSWD.bit does not exist!
RUN-1001 : launch_runs syn_1 phy_1  -jobs 6.
RUN-1001 : syn_1: run complete.
RUN-1001 : phy_1: run complete.
RUN-1001 : open_run phy_1.
RUN-1002 : start command "import_db E:/ChinaFPGAProject/WYSWD/WYSWD_Runs/phy_1/WYSWD_pr.db"
RUN-1001 : Importing database generated by Tang Dynasty, V5.6.71036.
RUN-1001 : Database version number 46146.
RUN-1001 : Import flow parameters
PHY-1001 : Generate detailed routing grids ...
PHY-1001 : Generate nets ...
PHY-1001 : net CLK_50M_dup_1 will be routed on clock mesh
PHY-1001 : clock net ADC_init/CLK_200M will be merged with clock pll_init/clk0_buf
PHY-1001 : eco open net = 0
PHY-1001 : 0 feed throughs used by 0 nets
RUN-1001 : Import IO constraints
RUN-1001 : Import Inst constraints
RUN-1001 : Import design success TD_VERSION=5.6.71036 , DB_VERSION=46146
RUN-1002 : start command "download -bit WYSWD_Runs\phy_1\WYSWD.bit -mode jtag -spd 7 -sec 64 -cable 0"
PRG-2014 : Chip validation success: EAGLE_S20_BG256
RUN-1002 : start command "bit_to_vec -chip EAGLE_S20_BG256 -m jtag_burst -freq 4 -bit WYSWD_Runs/phy_1/WYSWD.bit"
RUN-1002 : start command "program -cable 0 -mode svf -spd 7 -p"
RUN-1003 : finish command "program -cable 0 -mode svf -spd 7 -p" in  6.245936s wall, 0.140625s user + 0.156250s system = 0.296875s CPU (4.8%)

RUN-1004 : used memory is 669 MB, reserved memory is 656 MB, peak memory is 687 MB
RUN-1003 : finish command "download -bit WYSWD_Runs\phy_1\WYSWD.bit -mode jtag -spd 7 -sec 64 -cable 0" in  6.635749s wall, 0.203125s user + 0.187500s system = 0.390625s CPU (5.9%)

RUN-1004 : used memory is 669 MB, reserved memory is 656 MB, peak memory is 687 MB
GUI-1001 : Downloading succeeded!
HDL-1007 : analyze verilog file prj/ADC.v
RUN-1001 : reset_run syn_1 phy_1.
GUI-6001 WARNING: File E:/ChinaFPGAProject/WYSWD/WYSWD_Runs/phy_1/WYSWD.bit does not exist!
RUN-1001 : launch_runs syn_1 phy_1  -jobs 6.
RUN-1001 : syn_1: run complete.
RUN-1001 : phy_1: run complete.
RUN-1001 : open_run phy_1.
RUN-1002 : start command "import_db E:/ChinaFPGAProject/WYSWD/WYSWD_Runs/phy_1/WYSWD_pr.db"
RUN-1001 : Importing database generated by Tang Dynasty, V5.6.71036.
RUN-1001 : Database version number 46146.
RUN-1001 : Import flow parameters
PHY-1001 : Generate detailed routing grids ...
PHY-1001 : Generate nets ...
PHY-1001 : net CLK_50M_dup_1 will be routed on clock mesh
PHY-1001 : clock net ADC_init/CLK_200M will be merged with clock pll_init/clk0_buf
PHY-1001 : eco open net = 0
PHY-1001 : 0 feed throughs used by 0 nets
RUN-1001 : Import IO constraints
RUN-1001 : Import Inst constraints
RUN-1001 : Import design success TD_VERSION=5.6.71036 , DB_VERSION=46146
RUN-1002 : start command "download -bit WYSWD_Runs\phy_1\WYSWD.bit -mode jtag -spd 7 -sec 64 -cable 0"
PRG-2014 : Chip validation success: EAGLE_S20_BG256
RUN-1002 : start command "bit_to_vec -chip EAGLE_S20_BG256 -m jtag_burst -freq 4 -bit WYSWD_Runs/phy_1/WYSWD.bit"
RUN-1002 : start command "program -cable 0 -mode svf -spd 7 -p"
RUN-1003 : finish command "program -cable 0 -mode svf -spd 7 -p" in  6.248839s wall, 0.171875s user + 0.359375s system = 0.531250s CPU (8.5%)

RUN-1004 : used memory is 672 MB, reserved memory is 658 MB, peak memory is 689 MB
RUN-1003 : finish command "download -bit WYSWD_Runs\phy_1\WYSWD.bit -mode jtag -spd 7 -sec 64 -cable 0" in  6.637850s wall, 0.234375s user + 0.453125s system = 0.687500s CPU (10.4%)

RUN-1004 : used memory is 672 MB, reserved memory is 658 MB, peak memory is 689 MB
GUI-1001 : Downloading succeeded!
HDL-1007 : analyze verilog file prj/WYSWD.v
RUN-1001 : reset_run syn_1 phy_1.
GUI-6001 WARNING: File E:/ChinaFPGAProject/WYSWD/WYSWD_Runs/phy_1/WYSWD.bit does not exist!
RUN-1001 : launch_runs syn_1 phy_1  -jobs 6.
RUN-1001 : syn_1: run complete.
RUN-1001 : phy_1: run complete.
RUN-1001 : open_run phy_1.
RUN-1002 : start command "import_db E:/ChinaFPGAProject/WYSWD/WYSWD_Runs/phy_1/WYSWD_pr.db"
RUN-1001 : Importing database generated by Tang Dynasty, V5.6.71036.
RUN-1001 : Database version number 46146.
RUN-1001 : Import flow parameters
PHY-1001 : Generate detailed routing grids ...
PHY-1001 : Generate nets ...
PHY-1001 : net CLK_50M_dup_1 will be routed on clock mesh
PHY-1001 : clock net ADC_init/CLK_200M will be merged with clock pll_init/clk0_buf
PHY-1001 : eco open net = 0
PHY-1001 : 0 feed throughs used by 0 nets
RUN-1001 : Import IO constraints
RUN-1001 : Import Inst constraints
RUN-1001 : Import design success TD_VERSION=5.6.71036 , DB_VERSION=46146
RUN-1002 : start command "download -bit WYSWD_Runs\phy_1\WYSWD.bit -mode jtag -spd 7 -sec 64 -cable 0"
PRG-2014 : Chip validation success: EAGLE_S20_BG256
RUN-1002 : start command "bit_to_vec -chip EAGLE_S20_BG256 -m jtag_burst -freq 4 -bit WYSWD_Runs/phy_1/WYSWD.bit"
RUN-1002 : start command "program -cable 0 -mode svf -spd 7 -p"
RUN-1003 : finish command "program -cable 0 -mode svf -spd 7 -p" in  6.255107s wall, 0.171875s user + 0.281250s system = 0.453125s CPU (7.2%)

RUN-1004 : used memory is 673 MB, reserved memory is 659 MB, peak memory is 690 MB
RUN-1003 : finish command "download -bit WYSWD_Runs\phy_1\WYSWD.bit -mode jtag -spd 7 -sec 64 -cable 0" in  6.646972s wall, 0.250000s user + 0.312500s system = 0.562500s CPU (8.5%)

RUN-1004 : used memory is 673 MB, reserved memory is 659 MB, peak memory is 690 MB
GUI-1001 : Downloading succeeded!
HDL-1007 : analyze verilog file prj/ADC.v
RUN-1001 : reset_run syn_1 phy_1.
GUI-6001 WARNING: File E:/ChinaFPGAProject/WYSWD/WYSWD_Runs/phy_1/WYSWD.bit does not exist!
RUN-1001 : launch_runs syn_1 phy_1  -jobs 6.
RUN-1001 : syn_1: run complete.
RUN-1001 : phy_1: run complete.
RUN-1001 : open_run phy_1.
RUN-1002 : start command "import_db E:/ChinaFPGAProject/WYSWD/WYSWD_Runs/phy_1/WYSWD_pr.db"
RUN-1001 : Importing database generated by Tang Dynasty, V5.6.71036.
RUN-1001 : Database version number 46146.
RUN-1001 : Import flow parameters
PHY-1001 : Generate detailed routing grids ...
PHY-1001 : Generate nets ...
PHY-1001 : net CLK_50M_dup_1 will be routed on clock mesh
PHY-1001 : clock net ADC_init/CLK_200M will be merged with clock pll_init/clk0_buf
PHY-1001 : eco open net = 0
PHY-1001 : 0 feed throughs used by 0 nets
RUN-1001 : Import IO constraints
RUN-1001 : Import Inst constraints
RUN-1001 : Import design success TD_VERSION=5.6.71036 , DB_VERSION=46146
RUN-1002 : start command "download -bit WYSWD_Runs\phy_1\WYSWD.bit -mode jtag -spd 7 -sec 64 -cable 0"
PRG-2014 : Chip validation success: EAGLE_S20_BG256
RUN-1002 : start command "bit_to_vec -chip EAGLE_S20_BG256 -m jtag_burst -freq 4 -bit WYSWD_Runs/phy_1/WYSWD.bit"
RUN-1002 : start command "program -cable 0 -mode svf -spd 7 -p"
RUN-1003 : finish command "program -cable 0 -mode svf -spd 7 -p" in  6.248610s wall, 0.078125s user + 0.093750s system = 0.171875s CPU (2.8%)

RUN-1004 : used memory is 674 MB, reserved memory is 661 MB, peak memory is 692 MB
RUN-1003 : finish command "download -bit WYSWD_Runs\phy_1\WYSWD.bit -mode jtag -spd 7 -sec 64 -cable 0" in  6.643576s wall, 0.171875s user + 0.125000s system = 0.296875s CPU (4.5%)

RUN-1004 : used memory is 674 MB, reserved memory is 661 MB, peak memory is 692 MB
GUI-1001 : Downloading succeeded!
HDL-1007 : analyze verilog file prj/WYSWD.v
RUN-1001 : reset_run syn_1 phy_1.
GUI-6001 WARNING: File E:/ChinaFPGAProject/WYSWD/WYSWD_Runs/phy_1/WYSWD.bit does not exist!
RUN-1001 : launch_runs syn_1 phy_1  -jobs 6.
RUN-1001 : syn_1: run complete.
RUN-1001 : phy_1: run complete.
RUN-1001 : open_run phy_1.
RUN-1002 : start command "import_db E:/ChinaFPGAProject/WYSWD/WYSWD_Runs/phy_1/WYSWD_pr.db"
RUN-1001 : Importing database generated by Tang Dynasty, V5.6.71036.
RUN-1001 : Database version number 46146.
RUN-1001 : Import flow parameters
PHY-1001 : Generate detailed routing grids ...
PHY-1001 : Generate nets ...
PHY-1001 : net CLK_50M_dup_1 will be routed on clock mesh
PHY-1001 : clock net ADC_init/CLK_200M will be merged with clock pll_init/clk0_buf
PHY-1001 : eco open net = 0
PHY-1001 : 1 feed throughs used by 1 nets
RUN-1001 : Import IO constraints
RUN-1001 : Import Inst constraints
RUN-1001 : Import design success TD_VERSION=5.6.71036 , DB_VERSION=46146
RUN-1002 : start command "download -bit WYSWD_Runs\phy_1\WYSWD.bit -mode jtag -spd 7 -sec 64 -cable 0"
PRG-2014 : Chip validation success: EAGLE_S20_BG256
RUN-1002 : start command "bit_to_vec -chip EAGLE_S20_BG256 -m jtag_burst -freq 4 -bit WYSWD_Runs/phy_1/WYSWD.bit"
RUN-1002 : start command "program -cable 0 -mode svf -spd 7 -p"
RUN-1003 : finish command "program -cable 0 -mode svf -spd 7 -p" in  6.250932s wall, 0.109375s user + 0.140625s system = 0.250000s CPU (4.0%)

RUN-1004 : used memory is 675 MB, reserved memory is 662 MB, peak memory is 693 MB
RUN-1003 : finish command "download -bit WYSWD_Runs\phy_1\WYSWD.bit -mode jtag -spd 7 -sec 64 -cable 0" in  6.643073s wall, 0.187500s user + 0.156250s system = 0.343750s CPU (5.2%)

RUN-1004 : used memory is 675 MB, reserved memory is 662 MB, peak memory is 693 MB
GUI-1001 : Downloading succeeded!
HDL-1007 : analyze verilog file prj/ADC.v
HDL-8007 ERROR: syntax error near '<=' in prj/ADC.v(87)
HDL-8007 ERROR: syntax error near '<=' in prj/ADC.v(91)
HDL-8007 ERROR: syntax error near '<=' in prj/ADC.v(96)
HDL-8007 ERROR: 'ADC2_CLK' is not a constant in prj/ADC.v(83)
HDL-8007 ERROR: 'ADC2_flag_cnt' is not a constant in prj/ADC.v(85)
HDL-8007 ERROR: 'ADC2_flag' is not a type in prj/ADC.v(87)
HDL-8007 ERROR: 'ADC2_flag_cnt' is not a type in prj/ADC.v(91)
HDL-8007 ERROR: 'ADC2_flag' is not a type in prj/ADC.v(92)
HDL-8007 ERROR: 'ADC2_flag_cnt' is not a type in prj/ADC.v(96)
HDL-8007 ERROR: ignore module module due to previous errors in prj/ADC.v(1)
HDL-1007 : Verilog file 'prj/ADC.v' ignored due to errors
HDL-1007 : analyze verilog file prj/WYSWD.v
HDL-1007 : analyze verilog file prj/ADC.v
RUN-1001 : reset_run syn_1 phy_1.
GUI-6001 WARNING: File E:/ChinaFPGAProject/WYSWD/WYSWD_Runs/phy_1/WYSWD.bit does not exist!
RUN-1001 : launch_runs syn_1 phy_1  -jobs 6.
RUN-1001 : syn_1: run complete.
RUN-1001 : phy_1: run complete.
RUN-1001 : open_run phy_1.
RUN-1002 : start command "import_db E:/ChinaFPGAProject/WYSWD/WYSWD_Runs/phy_1/WYSWD_pr.db"
RUN-1001 : Importing database generated by Tang Dynasty, V5.6.71036.
RUN-1001 : Database version number 46146.
RUN-1001 : Import flow parameters
PHY-1001 : Generate detailed routing grids ...
PHY-1001 : Generate nets ...
PHY-1001 : net CLK_50M_dup_1 will be routed on clock mesh
PHY-1001 : clock net ADC_init/CLK_200M will be merged with clock pll_init/clk0_buf
PHY-1001 : eco open net = 0
PHY-1001 : 1 feed throughs used by 1 nets
RUN-1001 : Import IO constraints
RUN-1001 : Import Inst constraints
RUN-1001 : Import design success TD_VERSION=5.6.71036 , DB_VERSION=46146
GUI-5004 WARNING: ADC1_flag has not been assigned a location ...
RUN-1002 : start command "download -bit WYSWD_Runs\phy_1\WYSWD.bit -mode jtag -spd 7 -sec 64 -cable 0"
PRG-2014 : Chip validation success: EAGLE_S20_BG256
RUN-1002 : start command "bit_to_vec -chip EAGLE_S20_BG256 -m jtag_burst -freq 4 -bit WYSWD_Runs/phy_1/WYSWD.bit"
RUN-1002 : start command "program -cable 0 -mode svf -spd 7 -p"
RUN-1003 : finish command "program -cable 0 -mode svf -spd 7 -p" in  6.249999s wall, 0.093750s user + 0.156250s system = 0.250000s CPU (4.0%)

RUN-1004 : used memory is 702 MB, reserved memory is 689 MB, peak memory is 720 MB
RUN-1003 : finish command "download -bit WYSWD_Runs\phy_1\WYSWD.bit -mode jtag -spd 7 -sec 64 -cable 0" in  6.641652s wall, 0.203125s user + 0.171875s system = 0.375000s CPU (5.6%)

RUN-1004 : used memory is 702 MB, reserved memory is 689 MB, peak memory is 720 MB
GUI-1001 : Downloading succeeded!
RUN-1002 : start command "download -bit WYSWD_Runs\phy_1\WYSWD.bit -mode jtag -spd 7 -sec 64 -cable 0"
PRG-2014 : Chip validation success: EAGLE_S20_BG256
RUN-1002 : start command "bit_to_vec -chip EAGLE_S20_BG256 -m jtag_burst -freq 4 -bit WYSWD_Runs/phy_1/WYSWD.bit"
RUN-1002 : start command "program -cable 0 -mode svf -spd 7 -p"
RUN-1003 : finish command "program -cable 0 -mode svf -spd 7 -p" in  6.249507s wall, 0.062500s user + 0.109375s system = 0.171875s CPU (2.8%)

RUN-1004 : used memory is 702 MB, reserved memory is 689 MB, peak memory is 720 MB
RUN-1003 : finish command "download -bit WYSWD_Runs\phy_1\WYSWD.bit -mode jtag -spd 7 -sec 64 -cable 0" in  6.639664s wall, 0.218750s user + 0.140625s system = 0.359375s CPU (5.4%)

RUN-1004 : used memory is 702 MB, reserved memory is 689 MB, peak memory is 720 MB
GUI-1001 : Downloading succeeded!
RUN-1001 : reset_run syn_1 phy_1.
GUI-6001 WARNING: File E:/ChinaFPGAProject/WYSWD/WYSWD_Runs/phy_1/WYSWD.bit does not exist!
RUN-1001 : launch_runs syn_1 phy_1  -jobs 6.
RUN-1001 : syn_1: run complete.
RUN-1001 : phy_1: run complete.
RUN-1001 : open_run phy_1.
RUN-1002 : start command "import_db E:/ChinaFPGAProject/WYSWD/WYSWD_Runs/phy_1/WYSWD_pr.db"
RUN-1001 : Importing database generated by Tang Dynasty, V5.6.71036.
RUN-1001 : Database version number 46146.
RUN-1001 : Import flow parameters
PHY-1001 : Generate detailed routing grids ...
PHY-1001 : Generate nets ...
PHY-1001 : net CLK_50M_dup_1 will be routed on clock mesh
PHY-1001 : clock net ADC_init/CLK_200M will be merged with clock pll_init/clk0_buf
PHY-1001 : eco open net = 0
PHY-1001 : 0 feed throughs used by 0 nets
RUN-1001 : Import IO constraints
RUN-1001 : Import Inst constraints
RUN-1001 : Import design success TD_VERSION=5.6.71036 , DB_VERSION=46146
RUN-1002 : start command "download -bit WYSWD_Runs\phy_1\WYSWD.bit -mode jtag -spd 7 -sec 64 -cable 0"
PRG-2014 : Chip validation success: EAGLE_S20_BG256
RUN-1002 : start command "bit_to_vec -chip EAGLE_S20_BG256 -m jtag_burst -freq 4 -bit WYSWD_Runs/phy_1/WYSWD.bit"
RUN-1002 : start command "program -cable 0 -mode svf -spd 7 -p"
RUN-1003 : finish command "program -cable 0 -mode svf -spd 7 -p" in  6.246349s wall, 0.093750s user + 0.062500s system = 0.156250s CPU (2.5%)

RUN-1004 : used memory is 706 MB, reserved memory is 693 MB, peak memory is 724 MB
RUN-1003 : finish command "download -bit WYSWD_Runs\phy_1\WYSWD.bit -mode jtag -spd 7 -sec 64 -cable 0" in  6.637637s wall, 0.171875s user + 0.078125s system = 0.250000s CPU (3.8%)

RUN-1004 : used memory is 706 MB, reserved memory is 693 MB, peak memory is 724 MB
GUI-1001 : Downloading succeeded!
HDL-1007 : analyze verilog file prj/WYSWD.v
HDL-1007 : analyze verilog file prj/ADC.v
HDL-8007 ERROR: cannot find port 'ADC1_data' on this module in prj/WYSWD.v(28)
HDL-8007 ERROR: cannot find port 'ADC2_data' on this module in prj/WYSWD.v(29)
HDL-1007 : analyze verilog file prj/WYSWD.v
RUN-1001 : reset_run syn_1 phy_1.
GUI-6001 WARNING: File E:/ChinaFPGAProject/WYSWD/WYSWD_Runs/phy_1/WYSWD.bit does not exist!
RUN-1001 : launch_runs syn_1 phy_1  -jobs 6.
RUN-1001 : syn_1: run complete.
RUN-1001 : phy_1: run complete.
RUN-1001 : open_run phy_1.
RUN-1002 : start command "import_db E:/ChinaFPGAProject/WYSWD/WYSWD_Runs/phy_1/WYSWD_pr.db"
RUN-1001 : Importing database generated by Tang Dynasty, V5.6.71036.
RUN-1001 : Database version number 46146.
RUN-1001 : Import flow parameters
PHY-1001 : Generate detailed routing grids ...
PHY-1001 : Generate nets ...
PHY-1001 : net CLK_50M_dup_1 will be routed on clock mesh
PHY-1001 : clock net ADC_init/CLK_200M will be merged with clock pll_init/clk0_buf
PHY-1001 : eco open net = 0
PHY-1001 : 0 feed throughs used by 0 nets
RUN-1001 : Import IO constraints
RUN-1001 : Import Inst constraints
RUN-1001 : Import design success TD_VERSION=5.6.71036 , DB_VERSION=46146
RUN-1001 : Print Global Property
RUN-1001 : ---------------------------------------------------------------
RUN-1001 :        Parameters        |  Settings  |  Default Values  |  Note  
RUN-1001 : ---------------------------------------------------------------
RUN-1001 :          message         |  standard  |     standard     |        
RUN-1001 :   mixed_pack_place_flow  |     on     |        on        |        
RUN-1001 :        qor_monitor       |    off     |       off        |        
RUN-1001 :        syn_ip_flow       |    off     |       off        |        
RUN-1001 :          thread          |    auto    |       auto       |        
RUN-1001 : ---------------------------------------------------------------
RUN-1001 : Print Design Property
RUN-1001 : --------------------------------------------------------------
RUN-1001 :        Parameters       |  Settings  |  Default Values  |  Note  
RUN-1001 : --------------------------------------------------------------
RUN-1001 :   default_reg_initial   |    auto    |       auto       |        
RUN-1001 :        infer_add        |     on     |        on        |        
RUN-1001 :        infer_fsm        |    off     |       off        |        
RUN-1001 :        infer_mult       |     on     |        on        |        
RUN-1001 :        infer_ram        |     on     |        on        |        
RUN-1001 :        infer_reg        |     on     |        on        |        
RUN-1001 :   infer_reg_init_value  |     on     |        on        |        
RUN-1001 :        infer_rom        |     on     |        on        |        
RUN-1001 :      infer_shifter      |     on     |        on        |        
RUN-1001 : --------------------------------------------------------------
RUN-1001 : Print Rtl Property
RUN-1001 : --------------------------------------------------------------
RUN-1001 :        Parameters       |  Settings  |  Default Values  |  Note  
RUN-1001 : --------------------------------------------------------------
RUN-1001 :       compress_add      |   ripple   |      ripple      |        
RUN-1001 :        elf_sload        |    off     |       off        |        
RUN-1001 :       fix_undriven      |     0      |        0         |        
RUN-1001 :         flatten         |    off     |       off        |        
RUN-1001 :       gate_sharing      |     on     |        on        |        
RUN-1001 :    hdl_warning_level    |   normal   |      normal      |        
RUN-1001 :   impl_internal_tribuf  |     on     |        on        |        
RUN-1001 :      impl_set_reset     |     on     |        on        |        
RUN-1001 :        infer_gsr        |    off     |       off        |        
RUN-1001 :      keep_hierarchy     |    auto    |       auto       |        
RUN-1001 :        max_fanout       |    9999    |       9999       |        
RUN-1001 :      max_oh2bin_len     |     10     |        10        |        
RUN-1001 :       merge_equal       |     on     |        on        |        
RUN-1001 :       merge_equiv       |     on     |        on        |        
RUN-1001 :        merge_mux        |    off     |       off        |        
RUN-1001 :     min_control_set     |     8      |        8         |        
RUN-1001 :      min_ripple_len     |    auto    |       auto       |        
RUN-1001 :       oh2bin_ratio      |    0.08    |       0.08       |        
RUN-1001 :     opt_adder_fanout    |     on     |        on        |        
RUN-1001 :        opt_arith        |     on     |        on        |        
RUN-1001 :       opt_big_gate      |    off     |       off        |        
RUN-1001 :        opt_const        |     on     |        on        |        
RUN-1001 :      opt_const_mult     |     on     |        on        |        
RUN-1001 :       opt_lessthan      |     on     |        on        |        
RUN-1001 :         opt_mux         |    off     |       off        |        
RUN-1001 :         opt_ram         |    high    |       high       |        
RUN-1001 :      rtl_sim_model      |    off     |       off        |        
RUN-1001 :         seq_syn         |     on     |        on        |        
RUN-1001 : --------------------------------------------------------------
HDL-1007 : analyze verilog file prj/KEY.v
RUN-1001 : Print Global Property
RUN-1001 : ---------------------------------------------------------------
RUN-1001 :        Parameters        |  Settings  |  Default Values  |  Note  
RUN-1001 : ---------------------------------------------------------------
RUN-1001 :          message         |  standard  |     standard     |        
RUN-1001 :   mixed_pack_place_flow  |     on     |        on        |        
RUN-1001 :        qor_monitor       |    off     |       off        |        
RUN-1001 :        syn_ip_flow       |    off     |       off        |        
RUN-1001 :          thread          |    auto    |       auto       |        
RUN-1001 : ---------------------------------------------------------------
RUN-1001 : Print Design Property
RUN-1001 : --------------------------------------------------------------
RUN-1001 :        Parameters       |  Settings  |  Default Values  |  Note  
RUN-1001 : --------------------------------------------------------------
RUN-1001 :   default_reg_initial   |    auto    |       auto       |        
RUN-1001 :        infer_add        |     on     |        on        |        
RUN-1001 :        infer_fsm        |    off     |       off        |        
RUN-1001 :        infer_mult       |     on     |        on        |        
RUN-1001 :        infer_ram        |     on     |        on        |        
RUN-1001 :        infer_reg        |     on     |        on        |        
RUN-1001 :   infer_reg_init_value  |     on     |        on        |        
RUN-1001 :        infer_rom        |     on     |        on        |        
RUN-1001 :      infer_shifter      |     on     |        on        |        
RUN-1001 : --------------------------------------------------------------
RUN-1001 : Print Rtl Property
RUN-1001 : --------------------------------------------------------------
RUN-1001 :        Parameters       |  Settings  |  Default Values  |  Note  
RUN-1001 : --------------------------------------------------------------
RUN-1001 :       compress_add      |   ripple   |      ripple      |        
RUN-1001 :        elf_sload        |    off     |       off        |        
RUN-1001 :       fix_undriven      |     0      |        0         |        
RUN-1001 :         flatten         |    off     |       off        |        
RUN-1001 :       gate_sharing      |     on     |        on        |        
RUN-1001 :    hdl_warning_level    |   normal   |      normal      |        
RUN-1001 :   impl_internal_tribuf  |     on     |        on        |        
RUN-1001 :      impl_set_reset     |     on     |        on        |        
RUN-1001 :        infer_gsr        |    off     |       off        |        
RUN-1001 :      keep_hierarchy     |    auto    |       auto       |        
RUN-1001 :        max_fanout       |    9999    |       9999       |        
RUN-1001 :      max_oh2bin_len     |     10     |        10        |        
RUN-1001 :       merge_equal       |     on     |        on        |        
RUN-1001 :       merge_equiv       |     on     |        on        |        
RUN-1001 :        merge_mux        |    off     |       off        |        
RUN-1001 :     min_control_set     |     8      |        8         |        
RUN-1001 :      min_ripple_len     |    auto    |       auto       |        
RUN-1001 :       oh2bin_ratio      |    0.08    |       0.08       |        
RUN-1001 :     opt_adder_fanout    |     on     |        on        |        
RUN-1001 :        opt_arith        |     on     |        on        |        
RUN-1001 :       opt_big_gate      |    off     |       off        |        
RUN-1001 :        opt_const        |     on     |        on        |        
RUN-1001 :      opt_const_mult     |     on     |        on        |        
RUN-1001 :       opt_lessthan      |     on     |        on        |        
RUN-1001 :         opt_mux         |    off     |       off        |        
RUN-1001 :         opt_ram         |    high    |       high       |        
RUN-1001 :      rtl_sim_model      |    off     |       off        |        
RUN-1001 :         seq_syn         |     on     |        on        |        
RUN-1001 : --------------------------------------------------------------
HDL-1007 : analyze verilog file prj/DAC.v
HDL-1007 : analyze verilog file prj/KEY.v
HDL-1007 : analyze verilog file prj/DAC.v
HDL-1007 : analyze verilog file prj/DAC.v
