============================================================
   Tang Dynasty, V5.6.71036
      Copyright (c) 2012-2023 Anlogic Inc.
   Executable = E:/TD562/bin/td.exe
   Built at =   20:34:38 Mar 21 2023
   Run by =     ’≈≤©∫≠
   Run Date =   Sun Jul  7 11:20:05 2024

   Run on =     BOBBY
============================================================
RUN-1001 : open_run phy_1.
RUN-1002 : start command "import_db E:/ChinaFPGAProject/WYSWD/WYSWD_Runs/phy_1/WYSWD_pr.db"
RUN-1001 : Importing database generated by Tang Dynasty, V5.6.71036.
RUN-1001 : Database version number 46146.
RUN-1001 : Import flow parameters
PHY-1001 : Generate detailed routing grids ...
PHY-1001 : Generate nets ...
PHY-1001 : clock net ADC1_flag_syn_6 will be merged with clock ADC1_flag_dup_3
PHY-1001 : net CLK_50M_dup_1 will be routed on clock mesh
PHY-1001 : clock net ADC_init/CLK_200M will be merged with clock pll_init/clk0_buf
PHY-1001 : clock net KEY_init/ADC1_ouhe_t_syn_4 will be merged with clock KEY_init/ADC1_ouhe_t
PHY-1001 : clock net KEY_init/ADC2_ouhe_t_syn_4 will be merged with clock KEY_init/ADC2_ouhe_t
PHY-1001 : clock net KEY_init/CLK_5_syn_4 will be merged with clock KEY_init/CLK_5
PHY-1001 : clock net KEY_init/bianyan_flag_t_syn_4 will be merged with clock KEY_init/bianyan_flag_t
PHY-1001 : clock net KEY_init/bianmaqi_init1/a1_syn_4 will be merged with clock KEY_init/bianmaqi_init1/a1
PHY-1001 : clock net KEY_init/bianmaqi_init1/clock1/clk1_syn_4 will be merged with clock KEY_init/bianmaqi_init1/clock1/clk1
PHY-1001 : clock net KEY_init/bianmaqi_init2/a1_syn_4 will be merged with clock KEY_init/bianmaqi_init2/a1
PHY-1001 : clock net KEY_init/bianmaqi_init3/a1_syn_4 will be merged with clock KEY_init/bianmaqi_init3/a1
PHY-1001 : clock net KEY_init/bianmaqi_init4/a1_syn_4 will be merged with clock KEY_init/bianmaqi_init4/a1
PHY-1001 : net divider_init/clk_in will be routed on clock mesh
PHY-1001 : clock net sending_init/UART_flag_syn_4 will be merged with clock sending_init/UART_flag
PHY-1001 : eco open net = 0
PHY-1001 : 4 feed throughs used by 4 nets
RUN-1001 : Import IO constraints
RUN-1001 : Import Inst constraints
RUN-1001 : Import design success TD_VERSION=5.6.71036 , DB_VERSION=46146
RUN-1003 : finish command "import_db E:/ChinaFPGAProject/WYSWD/WYSWD_Runs/phy_1/WYSWD_pr.db" in  3.401370s wall, 3.171875s user + 0.359375s system = 3.531250s CPU (103.8%)

RUN-1004 : used memory is 488 MB, reserved memory is 453 MB, peak memory is 517 MB
HDL-1007 : analyze verilog file prj/sending.v
RUN-1001 : reset_run syn_1 phy_1.
RUN-6001 WARNING: Failed to reset phy_1: some files can't be removed in E:/ChinaFPGAProject/WYSWD/WYSWD_Runs/phy_1
RUN-6001 WARNING: Failed to reset syn_1: some files can't be removed in E:/ChinaFPGAProject/WYSWD/WYSWD_Runs/syn_1
RUN-1001 : launch_runs syn_1 phy_1  -jobs 6.
RUN-1001 : syn_1: run complete.
RUN-1001 : phy_1: run complete.
RUN-1001 : open_run phy_1.
RUN-1002 : start command "import_db E:/ChinaFPGAProject/WYSWD/WYSWD_Runs/phy_1/WYSWD_pr.db"
RUN-1001 : Importing database generated by Tang Dynasty, V5.6.71036.
RUN-1001 : Database version number 46146.
RUN-1001 : Import flow parameters
PHY-1001 : Generate detailed routing grids ...
PHY-1001 : Generate nets ...
PHY-1001 : clock net ADC1_flag_syn_6 will be merged with clock ADC1_flag_dup_3
PHY-1001 : net CLK_50M_dup_1 will be routed on clock mesh
PHY-1001 : clock net ADC_init/CLK_200M will be merged with clock pll_init/clk0_buf
PHY-1001 : clock net KEY_init/ADC1_ouhe_t_syn_4 will be merged with clock KEY_init/ADC1_ouhe_t
PHY-1001 : clock net KEY_init/ADC2_ouhe_t_syn_4 will be merged with clock KEY_init/ADC2_ouhe_t
PHY-1001 : clock net KEY_init/CLK_5_syn_4 will be merged with clock KEY_init/CLK_5
PHY-1001 : clock net KEY_init/bianyan_flag_t_syn_4 will be merged with clock KEY_init/bianyan_flag_t
PHY-1001 : clock net KEY_init/bianmaqi_init1/a1_syn_4 will be merged with clock KEY_init/bianmaqi_init1/a1
PHY-1001 : clock net KEY_init/bianmaqi_init1/clock1/clk1_syn_4 will be merged with clock KEY_init/bianmaqi_init1/clock1/clk1
PHY-1001 : clock net KEY_init/bianmaqi_init2/a1_syn_4 will be merged with clock KEY_init/bianmaqi_init2/a1
PHY-1001 : clock net KEY_init/bianmaqi_init3/a1_syn_4 will be merged with clock KEY_init/bianmaqi_init3/a1
PHY-1001 : clock net KEY_init/bianmaqi_init4/a1_syn_4 will be merged with clock KEY_init/bianmaqi_init4/a1
PHY-1001 : net divider_init/clk_in will be routed on clock mesh
PHY-1001 : clock net sending_init/UART_flag_syn_4 will be merged with clock sending_init/UART_flag
PHY-1001 : eco open net = 0
PHY-1001 : 4 feed throughs used by 4 nets
RUN-1001 : Import IO constraints
RUN-1001 : Import Inst constraints
RUN-1001 : Import design success TD_VERSION=5.6.71036 , DB_VERSION=46146
HDL-1007 : analyze verilog file prj/sending.v
RUN-1001 : reset_run syn_1 phy_1.
RUN-1001 : launch_runs syn_1 phy_1  -jobs 6.
RUN-1001 : syn_1: run complete.
RUN-1001 : phy_1: run complete.
RUN-1001 : open_run phy_1.
RUN-1002 : start command "import_db E:/ChinaFPGAProject/WYSWD/WYSWD_Runs/phy_1/WYSWD_pr.db"
RUN-1001 : Importing database generated by Tang Dynasty, V5.6.71036.
RUN-1001 : Database version number 46146.
RUN-1001 : Import flow parameters
PHY-1001 : Generate detailed routing grids ...
PHY-1001 : Generate nets ...
PHY-1001 : clock net ADC1_flag_syn_6 will be merged with clock ADC1_flag_dup_3
PHY-1001 : net CLK_50M_dup_1 will be routed on clock mesh
PHY-1001 : clock net ADC_init/CLK_200M will be merged with clock pll_init/clk0_buf
PHY-1001 : clock net KEY_init/ADC1_ouhe_t_syn_4 will be merged with clock KEY_init/ADC1_ouhe_t
PHY-1001 : clock net KEY_init/ADC2_ouhe_t_syn_4 will be merged with clock KEY_init/ADC2_ouhe_t
PHY-1001 : clock net KEY_init/CLK_5_syn_4 will be merged with clock KEY_init/CLK_5
PHY-1001 : clock net KEY_init/bianyan_flag_t_syn_4 will be merged with clock KEY_init/bianyan_flag_t
PHY-1001 : clock net KEY_init/bianmaqi_init1/a1_syn_4 will be merged with clock KEY_init/bianmaqi_init1/a1
PHY-1001 : clock net KEY_init/bianmaqi_init1/clock1/clk1_syn_4 will be merged with clock KEY_init/bianmaqi_init1/clock1/clk1
PHY-1001 : clock net KEY_init/bianmaqi_init2/a1_syn_4 will be merged with clock KEY_init/bianmaqi_init2/a1
PHY-1001 : clock net KEY_init/bianmaqi_init3/a1_syn_4 will be merged with clock KEY_init/bianmaqi_init3/a1
PHY-1001 : clock net KEY_init/bianmaqi_init4/a1_syn_4 will be merged with clock KEY_init/bianmaqi_init4/a1
PHY-1001 : net divider_init/clk_in will be routed on clock mesh
PHY-1001 : clock net sending_init/UART_flag_syn_4 will be merged with clock sending_init/UART_flag
PHY-1001 : eco open net = 0
PHY-1001 : 3 feed throughs used by 3 nets
RUN-1001 : Import IO constraints
RUN-1001 : Import Inst constraints
RUN-1001 : Import design success TD_VERSION=5.6.71036 , DB_VERSION=46146
RUN-1003 : finish command "import_db E:/ChinaFPGAProject/WYSWD/WYSWD_Runs/phy_1/WYSWD_pr.db" in  1.731935s wall, 1.296875s user + 0.156250s system = 1.453125s CPU (83.9%)

RUN-1004 : used memory is 550 MB, reserved memory is 492 MB, peak memory is 571 MB
RUN-1001 : reset_run syn_1 phy_1.
RUN-1001 : launch_runs syn_1 phy_1  -jobs 6.
RUN-1001 : syn_1: run complete.
RUN-1001 : phy_1: run complete.
RUN-1001 : open_run phy_1.
RUN-1002 : start command "import_db E:/ChinaFPGAProject/WYSWD/WYSWD_Runs/phy_1/WYSWD_pr.db"
RUN-1001 : Importing database generated by Tang Dynasty, V5.6.71036.
RUN-1001 : Database version number 46146.
RUN-1001 : Import flow parameters
PHY-1001 : Generate detailed routing grids ...
PHY-1001 : Generate nets ...
PHY-1001 : clock net ADC1_flag_syn_6 will be merged with clock ADC1_flag_dup_3
PHY-1001 : net CLK_50M_dup_1 will be routed on clock mesh
PHY-1001 : clock net ADC_init/CLK_200M will be merged with clock pll_init/clk0_buf
PHY-1001 : clock net KEY_init/ADC1_ouhe_t_syn_4 will be merged with clock KEY_init/ADC1_ouhe_t
PHY-1001 : clock net KEY_init/ADC2_ouhe_t_syn_4 will be merged with clock KEY_init/ADC2_ouhe_t
PHY-1001 : clock net KEY_init/CLK_5_syn_4 will be merged with clock KEY_init/CLK_5
PHY-1001 : clock net KEY_init/bianyan_flag_t_syn_4 will be merged with clock KEY_init/bianyan_flag_t
PHY-1001 : clock net KEY_init/bianmaqi_init1/a1_syn_4 will be merged with clock KEY_init/bianmaqi_init1/a1
PHY-1001 : clock net KEY_init/bianmaqi_init1/clock1/clk1_syn_4 will be merged with clock KEY_init/bianmaqi_init1/clock1/clk1
PHY-1001 : clock net KEY_init/bianmaqi_init2/a1_syn_4 will be merged with clock KEY_init/bianmaqi_init2/a1
PHY-1001 : clock net KEY_init/bianmaqi_init3/a1_syn_4 will be merged with clock KEY_init/bianmaqi_init3/a1
PHY-1001 : clock net KEY_init/bianmaqi_init4/a1_syn_4 will be merged with clock KEY_init/bianmaqi_init4/a1
PHY-1001 : net divider_init/clk_in will be routed on clock mesh
PHY-1001 : clock net sending_init/UART_flag_syn_4 will be merged with clock sending_init/UART_flag
PHY-1001 : eco open net = 0
PHY-1001 : 3 feed throughs used by 3 nets
RUN-1001 : Import IO constraints
RUN-1001 : Import Inst constraints
RUN-1001 : Import design success TD_VERSION=5.6.71036 , DB_VERSION=46146
RUN-1002 : start command "download -bit WYSWD_Runs\phy_1\WYSWD.bit -mode jtag -spd 7 -sec 64 -cable 0"
PRG-2014 : Chip validation success: EAGLE_S20_BG256
RUN-1002 : start command "bit_to_vec -chip EAGLE_S20_BG256 -m jtag_burst -freq 4 -bit WYSWD_Runs/phy_1/WYSWD.bit"
RUN-1002 : start command "program -cable 0 -mode svf -spd 7 -p"
RUN-1003 : finish command "program -cable 0 -mode svf -spd 7 -p" in  6.245619s wall, 0.140625s user + 0.125000s system = 0.265625s CPU (4.3%)

RUN-1004 : used memory is 596 MB, reserved memory is 538 MB, peak memory is 612 MB
RUN-1003 : finish command "download -bit WYSWD_Runs\phy_1\WYSWD.bit -mode jtag -spd 7 -sec 64 -cable 0" in  6.636179s wall, 0.218750s user + 0.187500s system = 0.406250s CPU (6.1%)

RUN-1004 : used memory is 596 MB, reserved memory is 538 MB, peak memory is 612 MB
GUI-1001 : Downloading succeeded!
HDL-1007 : analyze verilog file prj/sending.v
RUN-1001 : reset_run syn_1 phy_1.
GUI-6001 WARNING: File E:/ChinaFPGAProject/WYSWD/WYSWD_Runs/phy_1/WYSWD.bit does not exist!
RUN-1001 : launch_runs syn_1 phy_1  -jobs 6.
RUN-1001 : syn_1: run complete.
RUN-1001 : phy_1: run complete.
RUN-1001 : open_run phy_1.
RUN-1002 : start command "import_db E:/ChinaFPGAProject/WYSWD/WYSWD_Runs/phy_1/WYSWD_pr.db"
RUN-1001 : Importing database generated by Tang Dynasty, V5.6.71036.
RUN-1001 : Database version number 46146.
RUN-1001 : Import flow parameters
PHY-1001 : Generate detailed routing grids ...
PHY-1001 : Generate nets ...
PHY-1001 : clock net ADC1_flag_syn_6 will be merged with clock ADC1_flag_dup_3
PHY-1001 : net CLK_50M_dup_1 will be routed on clock mesh
PHY-1001 : clock net ADC_init/CLK_200M will be merged with clock pll_init/clk0_buf
PHY-1001 : clock net KEY_init/ADC1_ouhe_t_syn_4 will be merged with clock KEY_init/ADC1_ouhe_t
PHY-1001 : clock net KEY_init/ADC2_ouhe_t_syn_4 will be merged with clock KEY_init/ADC2_ouhe_t
PHY-1001 : clock net KEY_init/CLK_5_syn_4 will be merged with clock KEY_init/CLK_5
PHY-1001 : clock net KEY_init/bianyan_flag_t_syn_4 will be merged with clock KEY_init/bianyan_flag_t
PHY-1001 : clock net KEY_init/bianmaqi_init1/a1_syn_4 will be merged with clock KEY_init/bianmaqi_init1/a1
PHY-1001 : clock net KEY_init/bianmaqi_init1/clock1/clk1_syn_4 will be merged with clock KEY_init/bianmaqi_init1/clock1/clk1
PHY-1001 : clock net KEY_init/bianmaqi_init2/a1_syn_4 will be merged with clock KEY_init/bianmaqi_init2/a1
PHY-1001 : clock net KEY_init/bianmaqi_init3/a1_syn_4 will be merged with clock KEY_init/bianmaqi_init3/a1
PHY-1001 : clock net KEY_init/bianmaqi_init4/a1_syn_4 will be merged with clock KEY_init/bianmaqi_init4/a1
PHY-1001 : net divider_init/clk_in will be routed on clock mesh
PHY-1001 : clock net sending_init/UART_flag_syn_4 will be merged with clock sending_init/UART_flag
PHY-1001 : eco open net = 0
PHY-1001 : 1 feed throughs used by 1 nets
RUN-1001 : Import IO constraints
RUN-1001 : Import Inst constraints
RUN-1001 : Import design success TD_VERSION=5.6.71036 , DB_VERSION=46146
RUN-1002 : start command "download -bit WYSWD_Runs\phy_1\WYSWD.bit -mode jtag -spd 7 -sec 64 -cable 0"
PRG-2014 : Chip validation success: EAGLE_S20_BG256
RUN-1002 : start command "bit_to_vec -chip EAGLE_S20_BG256 -m jtag_burst -freq 4 -bit WYSWD_Runs/phy_1/WYSWD.bit"
RUN-1002 : start command "program -cable 0 -mode svf -spd 7 -p"
RUN-1003 : finish command "program -cable 0 -mode svf -spd 7 -p" in  6.247677s wall, 0.046875s user + 0.171875s system = 0.218750s CPU (3.5%)

RUN-1004 : used memory is 619 MB, reserved memory is 546 MB, peak memory is 635 MB
RUN-1003 : finish command "download -bit WYSWD_Runs\phy_1\WYSWD.bit -mode jtag -spd 7 -sec 64 -cable 0" in  6.641707s wall, 0.187500s user + 0.171875s system = 0.359375s CPU (5.4%)

RUN-1004 : used memory is 619 MB, reserved memory is 546 MB, peak memory is 635 MB
GUI-1001 : Downloading succeeded!
HDL-1007 : analyze verilog file prj/sending.v
RUN-1001 : reset_run syn_1 phy_1.
GUI-6001 WARNING: File E:/ChinaFPGAProject/WYSWD/WYSWD_Runs/phy_1/WYSWD.bit does not exist!
RUN-1001 : launch_runs syn_1 phy_1  -jobs 6.
RUN-1001 : syn_1: run complete.
RUN-1001 : phy_1: run complete.
RUN-1001 : open_run phy_1.
RUN-1002 : start command "import_db E:/ChinaFPGAProject/WYSWD/WYSWD_Runs/phy_1/WYSWD_pr.db"
RUN-1001 : Importing database generated by Tang Dynasty, V5.6.71036.
RUN-1001 : Database version number 46146.
RUN-1001 : Import flow parameters
PHY-1001 : Generate detailed routing grids ...
PHY-1001 : Generate nets ...
PHY-1001 : clock net ADC1_flag_syn_6 will be merged with clock ADC1_flag_dup_3
PHY-1001 : net CLK_50M_dup_1 will be routed on clock mesh
PHY-1001 : clock net ADC_init/CLK_200M will be merged with clock pll_init/clk0_buf
PHY-1001 : clock net KEY_init/ADC1_ouhe_t_syn_4 will be merged with clock KEY_init/ADC1_ouhe_t
PHY-1001 : clock net KEY_init/ADC2_ouhe_t_syn_4 will be merged with clock KEY_init/ADC2_ouhe_t
PHY-1001 : clock net KEY_init/CLK_5_syn_4 will be merged with clock KEY_init/CLK_5
PHY-1001 : clock net KEY_init/bianyan_flag_t_syn_4 will be merged with clock KEY_init/bianyan_flag_t
PHY-1001 : clock net KEY_init/bianmaqi_init1/a1_syn_4 will be merged with clock KEY_init/bianmaqi_init1/a1
PHY-1001 : clock net KEY_init/bianmaqi_init1/clock1/clk1_syn_4 will be merged with clock KEY_init/bianmaqi_init1/clock1/clk1
PHY-1001 : clock net KEY_init/bianmaqi_init2/a1_syn_4 will be merged with clock KEY_init/bianmaqi_init2/a1
PHY-1001 : clock net KEY_init/bianmaqi_init3/a1_syn_4 will be merged with clock KEY_init/bianmaqi_init3/a1
PHY-1001 : clock net KEY_init/bianmaqi_init4/a1_syn_4 will be merged with clock KEY_init/bianmaqi_init4/a1
PHY-1001 : net divider_init/clk_in will be routed on clock mesh
PHY-1001 : clock net sending_init/UART_flag_syn_4 will be merged with clock sending_init/UART_flag
PHY-1001 : eco open net = 0
PHY-1001 : 1 feed throughs used by 1 nets
RUN-1001 : Import IO constraints
RUN-1001 : Import Inst constraints
RUN-1001 : Import design success TD_VERSION=5.6.71036 , DB_VERSION=46146
RUN-1002 : start command "download -bit WYSWD_Runs\phy_1\WYSWD.bit -mode jtag -spd 7 -sec 64 -cable 0"
PRG-2014 : Chip validation success: EAGLE_S20_BG256
RUN-1002 : start command "bit_to_vec -chip EAGLE_S20_BG256 -m jtag_burst -freq 4 -bit WYSWD_Runs/phy_1/WYSWD.bit"
RUN-1002 : start command "program -cable 0 -mode svf -spd 7 -p"
RUN-1003 : finish command "program -cable 0 -mode svf -spd 7 -p" in  6.245170s wall, 0.078125s user + 0.062500s system = 0.140625s CPU (2.3%)

RUN-1004 : used memory is 628 MB, reserved memory is 555 MB, peak memory is 645 MB
RUN-1003 : finish command "download -bit WYSWD_Runs\phy_1\WYSWD.bit -mode jtag -spd 7 -sec 64 -cable 0" in  6.639682s wall, 0.187500s user + 0.125000s system = 0.312500s CPU (4.7%)

RUN-1004 : used memory is 628 MB, reserved memory is 555 MB, peak memory is 645 MB
GUI-1001 : Downloading succeeded!
HDL-1007 : analyze verilog file prj/sending.v
RUN-1001 : reset_run syn_1 phy_1.
GUI-6001 WARNING: File E:/ChinaFPGAProject/WYSWD/WYSWD_Runs/phy_1/WYSWD.bit does not exist!
RUN-1001 : launch_runs syn_1 phy_1  -jobs 6.
RUN-1001 : syn_1: run complete.
RUN-1001 : phy_1: run complete.
RUN-1001 : open_run phy_1.
RUN-1002 : start command "import_db E:/ChinaFPGAProject/WYSWD/WYSWD_Runs/phy_1/WYSWD_pr.db"
RUN-1001 : Importing database generated by Tang Dynasty, V5.6.71036.
RUN-1001 : Database version number 46146.
RUN-1001 : Import flow parameters
PHY-1001 : Generate detailed routing grids ...
PHY-1001 : Generate nets ...
PHY-1001 : clock net ADC1_flag_syn_6 will be merged with clock ADC1_flag_dup_3
PHY-1001 : net CLK_50M_dup_1 will be routed on clock mesh
PHY-1001 : clock net ADC_init/CLK_200M will be merged with clock pll_init/clk0_buf
PHY-1001 : clock net KEY_init/ADC1_ouhe_t_syn_4 will be merged with clock KEY_init/ADC1_ouhe_t
PHY-1001 : clock net KEY_init/ADC2_ouhe_t_syn_4 will be merged with clock KEY_init/ADC2_ouhe_t
PHY-1001 : clock net KEY_init/CLK_5_syn_4 will be merged with clock KEY_init/CLK_5
PHY-1001 : clock net KEY_init/bianyan_flag_t_syn_4 will be merged with clock KEY_init/bianyan_flag_t
PHY-1001 : clock net KEY_init/bianmaqi_init1/a1_syn_4 will be merged with clock KEY_init/bianmaqi_init1/a1
PHY-1001 : clock net KEY_init/bianmaqi_init1/clock1/clk1_syn_4 will be merged with clock KEY_init/bianmaqi_init1/clock1/clk1
PHY-1001 : clock net KEY_init/bianmaqi_init2/a1_syn_4 will be merged with clock KEY_init/bianmaqi_init2/a1
PHY-1001 : clock net KEY_init/bianmaqi_init3/a1_syn_4 will be merged with clock KEY_init/bianmaqi_init3/a1
PHY-1001 : clock net KEY_init/bianmaqi_init4/a1_syn_4 will be merged with clock KEY_init/bianmaqi_init4/a1
PHY-1001 : net divider_init/clk_in will be routed on clock mesh
PHY-1001 : clock net sending_init/UART_flag_syn_4 will be merged with clock sending_init/UART_flag
PHY-1001 : eco open net = 0
PHY-1001 : 3 feed throughs used by 3 nets
RUN-1001 : Import IO constraints
RUN-1001 : Import Inst constraints
RUN-1001 : Import design success TD_VERSION=5.6.71036 , DB_VERSION=46146
RUN-1002 : start command "download -bit WYSWD_Runs\phy_1\WYSWD.bit -mode jtag -spd 7 -sec 64 -cable 0"
PRG-2014 : Chip validation success: EAGLE_S20_BG256
RUN-1002 : start command "bit_to_vec -chip EAGLE_S20_BG256 -m jtag_burst -freq 4 -bit WYSWD_Runs/phy_1/WYSWD.bit"
RUN-1002 : start command "program -cable 0 -mode svf -spd 7 -p"
RUN-1003 : finish command "program -cable 0 -mode svf -spd 7 -p" in  6.249889s wall, 0.078125s user + 0.046875s system = 0.125000s CPU (2.0%)

RUN-1004 : used memory is 654 MB, reserved memory is 579 MB, peak memory is 672 MB
RUN-1003 : finish command "download -bit WYSWD_Runs\phy_1\WYSWD.bit -mode jtag -spd 7 -sec 64 -cable 0" in  6.641654s wall, 0.187500s user + 0.093750s system = 0.281250s CPU (4.2%)

RUN-1004 : used memory is 654 MB, reserved memory is 579 MB, peak memory is 672 MB
GUI-1001 : Downloading succeeded!
HDL-1007 : analyze verilog file prj/sending.v
HDL-8007 ERROR: syntax error near ')' in prj/sending.v(100)
HDL-8007 ERROR: syntax error near ')' in prj/sending.v(101)
HDL-5007 WARNING: empty statement in sequential block in prj/sending.v(100)
HDL-5007 WARNING: empty statement in sequential block in prj/sending.v(100)
HDL-8007 ERROR: ignore module module due to previous errors in prj/sending.v(1)
HDL-1007 : Verilog file 'prj/sending.v' ignored due to errors
RUN-1001 : reset_run syn_1 phy_1.
GUI-6001 WARNING: File E:/ChinaFPGAProject/WYSWD/WYSWD_Runs/phy_1/WYSWD.bit does not exist!
RUN-1001 : launch_runs syn_1 phy_1  -jobs 6.
RUN-6001 WARNING: syn_1: run failed.
HDL-1007 : analyze verilog file prj/sending.v
RUN-1001 : reset_run syn_1 phy_1.
RUN-1001 : launch_runs syn_1 phy_1  -jobs 6.
RUN-1001 : syn_1: run complete.
RUN-1001 : phy_1: run complete.
RUN-1001 : open_run phy_1.
RUN-1002 : start command "import_db E:/ChinaFPGAProject/WYSWD/WYSWD_Runs/phy_1/WYSWD_pr.db"
RUN-1001 : Importing database generated by Tang Dynasty, V5.6.71036.
RUN-1001 : Database version number 46146.
RUN-1001 : Import flow parameters
PHY-1001 : Generate detailed routing grids ...
PHY-1001 : Generate nets ...
PHY-1001 : clock net ADC1_flag_syn_6 will be merged with clock ADC1_flag_dup_3
PHY-1001 : net CLK_50M_dup_1 will be routed on clock mesh
PHY-1001 : clock net ADC_init/CLK_200M will be merged with clock pll_init/clk0_buf
PHY-1001 : clock net KEY_init/ADC1_ouhe_t_syn_4 will be merged with clock KEY_init/ADC1_ouhe_t
PHY-1001 : clock net KEY_init/ADC2_ouhe_t_syn_4 will be merged with clock KEY_init/ADC2_ouhe_t
PHY-1001 : clock net KEY_init/CLK_5_syn_4 will be merged with clock KEY_init/CLK_5
PHY-1001 : clock net KEY_init/bianyan_flag_t_syn_4 will be merged with clock KEY_init/bianyan_flag_t
PHY-1001 : clock net KEY_init/bianmaqi_init1/a1_syn_4 will be merged with clock KEY_init/bianmaqi_init1/a1
PHY-1001 : clock net KEY_init/bianmaqi_init1/clock1/clk1_syn_4 will be merged with clock KEY_init/bianmaqi_init1/clock1/clk1
PHY-1001 : clock net KEY_init/bianmaqi_init2/a1_syn_4 will be merged with clock KEY_init/bianmaqi_init2/a1
PHY-1001 : clock net KEY_init/bianmaqi_init3/a1_syn_4 will be merged with clock KEY_init/bianmaqi_init3/a1
PHY-1001 : clock net KEY_init/bianmaqi_init4/a1_syn_4 will be merged with clock KEY_init/bianmaqi_init4/a1
PHY-1001 : net divider_init/clk_in will be routed on clock mesh
PHY-1001 : clock net sending_init/UART_flag_syn_4 will be merged with clock sending_init/UART_flag
PHY-1001 : eco open net = 0
PHY-1001 : 1 feed throughs used by 1 nets
RUN-1001 : Import IO constraints
RUN-1001 : Import Inst constraints
RUN-1001 : Import design success TD_VERSION=5.6.71036 , DB_VERSION=46146
RUN-1002 : start command "download -bit WYSWD_Runs\phy_1\WYSWD.bit -mode jtag -spd 7 -sec 64 -cable 0"
PRG-2014 : Chip validation success: EAGLE_S20_BG256
RUN-1002 : start command "bit_to_vec -chip EAGLE_S20_BG256 -m jtag_burst -freq 4 -bit WYSWD_Runs/phy_1/WYSWD.bit"
RUN-1002 : start command "program -cable 0 -mode svf -spd 7 -p"
RUN-1003 : finish command "program -cable 0 -mode svf -spd 7 -p" in  6.245258s wall, 0.171875s user + 0.156250s system = 0.328125s CPU (5.3%)

RUN-1004 : used memory is 661 MB, reserved memory is 586 MB, peak memory is 678 MB
RUN-1003 : finish command "download -bit WYSWD_Runs\phy_1\WYSWD.bit -mode jtag -spd 7 -sec 64 -cable 0" in  6.638305s wall, 0.296875s user + 0.156250s system = 0.453125s CPU (6.8%)

RUN-1004 : used memory is 661 MB, reserved memory is 586 MB, peak memory is 678 MB
GUI-1001 : Downloading succeeded!
HDL-1007 : analyze verilog file prj/sending.v
RUN-1001 : reset_run syn_1 phy_1.
GUI-6001 WARNING: File E:/ChinaFPGAProject/WYSWD/WYSWD_Runs/phy_1/WYSWD.bit does not exist!
RUN-1001 : launch_runs syn_1 phy_1  -jobs 6.
RUN-1001 : syn_1: run complete.
RUN-1001 : phy_1: run complete.
RUN-1001 : open_run phy_1.
RUN-1002 : start command "import_db E:/ChinaFPGAProject/WYSWD/WYSWD_Runs/phy_1/WYSWD_pr.db"
RUN-1001 : Importing database generated by Tang Dynasty, V5.6.71036.
RUN-1001 : Database version number 46146.
RUN-1001 : Import flow parameters
PHY-1001 : Generate detailed routing grids ...
PHY-1001 : Generate nets ...
PHY-1001 : clock net ADC1_flag_syn_6 will be merged with clock ADC1_flag_dup_3
PHY-1001 : net CLK_50M_dup_1 will be routed on clock mesh
PHY-1001 : clock net ADC_init/CLK_200M will be merged with clock pll_init/clk0_buf
PHY-1001 : clock net KEY_init/ADC1_ouhe_t_syn_4 will be merged with clock KEY_init/ADC1_ouhe_t
PHY-1001 : clock net KEY_init/ADC2_ouhe_t_syn_4 will be merged with clock KEY_init/ADC2_ouhe_t
PHY-1001 : clock net KEY_init/CLK_5_syn_4 will be merged with clock KEY_init/CLK_5
PHY-1001 : clock net KEY_init/bianyan_flag_t_syn_4 will be merged with clock KEY_init/bianyan_flag_t
PHY-1001 : clock net KEY_init/bianmaqi_init1/a1_syn_4 will be merged with clock KEY_init/bianmaqi_init1/a1
PHY-1001 : clock net KEY_init/bianmaqi_init1/clock1/clk1_syn_4 will be merged with clock KEY_init/bianmaqi_init1/clock1/clk1
PHY-1001 : clock net KEY_init/bianmaqi_init2/a1_syn_4 will be merged with clock KEY_init/bianmaqi_init2/a1
PHY-1001 : clock net KEY_init/bianmaqi_init3/a1_syn_4 will be merged with clock KEY_init/bianmaqi_init3/a1
PHY-1001 : clock net KEY_init/bianmaqi_init4/a1_syn_4 will be merged with clock KEY_init/bianmaqi_init4/a1
PHY-1001 : net divider_init/clk_in will be routed on clock mesh
PHY-1001 : clock net sending_init/UART_flag_syn_4 will be merged with clock sending_init/UART_flag
PHY-1001 : eco open net = 0
PHY-1001 : 4 feed throughs used by 4 nets
RUN-1001 : Import IO constraints
RUN-1001 : Import Inst constraints
RUN-1001 : Import design success TD_VERSION=5.6.71036 , DB_VERSION=46146
RUN-1002 : start command "download -bit WYSWD_Runs\phy_1\WYSWD.bit -mode jtag -spd 7 -sec 64 -cable 0"
PRG-2014 : Chip validation success: EAGLE_S20_BG256
RUN-1002 : start command "bit_to_vec -chip EAGLE_S20_BG256 -m jtag_burst -freq 4 -bit WYSWD_Runs/phy_1/WYSWD.bit"
RUN-1002 : start command "program -cable 0 -mode svf -spd 7 -p"
RUN-1003 : finish command "program -cable 0 -mode svf -spd 7 -p" in  6.246348s wall, 0.171875s user + 0.046875s system = 0.218750s CPU (3.5%)

RUN-1004 : used memory is 664 MB, reserved memory is 590 MB, peak memory is 682 MB
RUN-1003 : finish command "download -bit WYSWD_Runs\phy_1\WYSWD.bit -mode jtag -spd 7 -sec 64 -cable 0" in  6.634531s wall, 0.250000s user + 0.078125s system = 0.328125s CPU (4.9%)

RUN-1004 : used memory is 664 MB, reserved memory is 590 MB, peak memory is 682 MB
GUI-1001 : Downloading succeeded!
HDL-1007 : analyze verilog file prj/sending.v
RUN-1001 : reset_run syn_1 phy_1.
GUI-6001 WARNING: File E:/ChinaFPGAProject/WYSWD/WYSWD_Runs/phy_1/WYSWD.bit does not exist!
RUN-1001 : launch_runs syn_1 phy_1  -jobs 6.
RUN-1001 : syn_1: run complete.
RUN-1001 : phy_1: run complete.
RUN-1001 : open_run phy_1.
RUN-1002 : start command "import_db E:/ChinaFPGAProject/WYSWD/WYSWD_Runs/phy_1/WYSWD_pr.db"
RUN-1001 : Importing database generated by Tang Dynasty, V5.6.71036.
RUN-1001 : Database version number 46146.
RUN-1001 : Import flow parameters
PHY-1001 : Generate detailed routing grids ...
PHY-1001 : Generate nets ...
PHY-1001 : clock net ADC1_flag_syn_6 will be merged with clock ADC1_flag_dup_3
PHY-1001 : net CLK_50M_dup_1 will be routed on clock mesh
PHY-1001 : clock net ADC_init/CLK_200M will be merged with clock pll_init/clk0_buf
PHY-1001 : clock net KEY_init/ADC1_ouhe_t_syn_4 will be merged with clock KEY_init/ADC1_ouhe_t
PHY-1001 : clock net KEY_init/ADC2_ouhe_t_syn_4 will be merged with clock KEY_init/ADC2_ouhe_t
PHY-1001 : clock net KEY_init/CLK_5_syn_4 will be merged with clock KEY_init/CLK_5
PHY-1001 : clock net KEY_init/bianyan_flag_t_syn_4 will be merged with clock KEY_init/bianyan_flag_t
PHY-1001 : clock net KEY_init/bianmaqi_init1/a1_syn_4 will be merged with clock KEY_init/bianmaqi_init1/a1
PHY-1001 : clock net KEY_init/bianmaqi_init1/clock1/clk1_syn_4 will be merged with clock KEY_init/bianmaqi_init1/clock1/clk1
PHY-1001 : clock net KEY_init/bianmaqi_init2/a1_syn_4 will be merged with clock KEY_init/bianmaqi_init2/a1
PHY-1001 : clock net KEY_init/bianmaqi_init3/a1_syn_4 will be merged with clock KEY_init/bianmaqi_init3/a1
PHY-1001 : clock net KEY_init/bianmaqi_init4/a1_syn_4 will be merged with clock KEY_init/bianmaqi_init4/a1
PHY-1001 : net divider_init/clk_in will be routed on clock mesh
PHY-1001 : clock net sending_init/UART_flag_syn_4 will be merged with clock sending_init/UART_flag
PHY-1001 : eco open net = 0
PHY-1001 : 2 feed throughs used by 2 nets
RUN-1001 : Import IO constraints
RUN-1001 : Import Inst constraints
RUN-1001 : Import design success TD_VERSION=5.6.71036 , DB_VERSION=46146
RUN-1002 : start command "download -bit WYSWD_Runs\phy_1\WYSWD.bit -mode jtag -spd 7 -sec 64 -cable 0"
PRG-2014 : Chip validation success: EAGLE_S20_BG256
RUN-1002 : start command "bit_to_vec -chip EAGLE_S20_BG256 -m jtag_burst -freq 4 -bit WYSWD_Runs/phy_1/WYSWD.bit"
RUN-1002 : start command "program -cable 0 -mode svf -spd 7 -p"
RUN-1003 : finish command "program -cable 0 -mode svf -spd 7 -p" in  6.246912s wall, 0.218750s user + 0.265625s system = 0.484375s CPU (7.8%)

RUN-1004 : used memory is 666 MB, reserved memory is 594 MB, peak memory is 684 MB
RUN-1003 : finish command "download -bit WYSWD_Runs\phy_1\WYSWD.bit -mode jtag -spd 7 -sec 64 -cable 0" in  6.638507s wall, 0.312500s user + 0.265625s system = 0.578125s CPU (8.7%)

RUN-1004 : used memory is 666 MB, reserved memory is 594 MB, peak memory is 684 MB
GUI-1001 : Downloading succeeded!
HDL-1007 : analyze verilog file prj/sending.v
RUN-1001 : reset_run syn_1 phy_1.
GUI-6001 WARNING: File E:/ChinaFPGAProject/WYSWD/WYSWD_Runs/phy_1/WYSWD.bit does not exist!
RUN-1001 : launch_runs syn_1 phy_1  -jobs 6.
RUN-1001 : syn_1: run complete.
RUN-1001 : phy_1: run complete.
RUN-1001 : open_run phy_1.
RUN-1002 : start command "import_db E:/ChinaFPGAProject/WYSWD/WYSWD_Runs/phy_1/WYSWD_pr.db"
RUN-1001 : Importing database generated by Tang Dynasty, V5.6.71036.
RUN-1001 : Database version number 46146.
RUN-1001 : Import flow parameters
PHY-1001 : Generate detailed routing grids ...
PHY-1001 : Generate nets ...
PHY-1001 : clock net ADC1_flag_syn_6 will be merged with clock ADC1_flag_dup_3
PHY-1001 : net CLK_50M_dup_1 will be routed on clock mesh
PHY-1001 : clock net ADC_init/CLK_200M will be merged with clock pll_init/clk0_buf
PHY-1001 : clock net KEY_init/ADC1_ouhe_t_syn_4 will be merged with clock KEY_init/ADC1_ouhe_t
PHY-1001 : clock net KEY_init/ADC2_ouhe_t_syn_4 will be merged with clock KEY_init/ADC2_ouhe_t
PHY-1001 : clock net KEY_init/CLK_5_syn_4 will be merged with clock KEY_init/CLK_5
PHY-1001 : clock net KEY_init/bianyan_flag_t_syn_4 will be merged with clock KEY_init/bianyan_flag_t
PHY-1001 : clock net KEY_init/bianmaqi_init1/a1_syn_4 will be merged with clock KEY_init/bianmaqi_init1/a1
PHY-1001 : clock net KEY_init/bianmaqi_init1/clock1/clk1_syn_4 will be merged with clock KEY_init/bianmaqi_init1/clock1/clk1
PHY-1001 : clock net KEY_init/bianmaqi_init2/a1_syn_4 will be merged with clock KEY_init/bianmaqi_init2/a1
PHY-1001 : clock net KEY_init/bianmaqi_init3/a1_syn_4 will be merged with clock KEY_init/bianmaqi_init3/a1
PHY-1001 : clock net KEY_init/bianmaqi_init4/a1_syn_4 will be merged with clock KEY_init/bianmaqi_init4/a1
PHY-1001 : net divider_init/clk_in will be routed on clock mesh
PHY-1001 : clock net sending_init/UART_flag_syn_4 will be merged with clock sending_init/UART_flag
PHY-1001 : eco open net = 0
PHY-1001 : 2 feed throughs used by 2 nets
RUN-1001 : Import IO constraints
RUN-1001 : Import Inst constraints
RUN-1001 : Import design success TD_VERSION=5.6.71036 , DB_VERSION=46146
RUN-1002 : start command "download -bit WYSWD_Runs\phy_1\WYSWD.bit -mode jtag -spd 7 -sec 64 -cable 0"
PRG-2014 : Chip validation success: EAGLE_S20_BG256
RUN-1002 : start command "bit_to_vec -chip EAGLE_S20_BG256 -m jtag_burst -freq 4 -bit WYSWD_Runs/phy_1/WYSWD.bit"
RUN-1002 : start command "program -cable 0 -mode svf -spd 7 -p"
RUN-1003 : finish command "program -cable 0 -mode svf -spd 7 -p" in  6.242765s wall, 0.109375s user + 0.875000s system = 0.984375s CPU (15.8%)

RUN-1004 : used memory is 670 MB, reserved memory is 597 MB, peak memory is 688 MB
RUN-1003 : finish command "download -bit WYSWD_Runs\phy_1\WYSWD.bit -mode jtag -spd 7 -sec 64 -cable 0" in  6.631870s wall, 0.218750s user + 1.000000s system = 1.218750s CPU (18.4%)

RUN-1004 : used memory is 670 MB, reserved memory is 597 MB, peak memory is 688 MB
GUI-1001 : Downloading succeeded!
HDL-1007 : analyze verilog file prj/sending.v
RUN-1001 : reset_run syn_1 phy_1.
GUI-6001 WARNING: File E:/ChinaFPGAProject/WYSWD/WYSWD_Runs/phy_1/WYSWD.bit does not exist!
RUN-1001 : launch_runs syn_1 phy_1  -jobs 6.
RUN-1001 : syn_1: run complete.
RUN-1001 : phy_1: run complete.
RUN-1001 : open_run phy_1.
RUN-1002 : start command "import_db E:/ChinaFPGAProject/WYSWD/WYSWD_Runs/phy_1/WYSWD_pr.db"
RUN-1001 : Importing database generated by Tang Dynasty, V5.6.71036.
RUN-1001 : Database version number 46146.
RUN-1001 : Import flow parameters
PHY-1001 : Generate detailed routing grids ...
PHY-1001 : Generate nets ...
PHY-1001 : clock net ADC1_flag_syn_6 will be merged with clock ADC1_flag_dup_3
PHY-1001 : net CLK_50M_dup_1 will be routed on clock mesh
PHY-1001 : clock net ADC_init/CLK_200M will be merged with clock pll_init/clk0_buf
PHY-1001 : clock net KEY_init/ADC1_ouhe_t_syn_4 will be merged with clock KEY_init/ADC1_ouhe_t
PHY-1001 : clock net KEY_init/ADC2_ouhe_t_syn_4 will be merged with clock KEY_init/ADC2_ouhe_t
PHY-1001 : clock net KEY_init/CLK_5_syn_4 will be merged with clock KEY_init/CLK_5
PHY-1001 : clock net KEY_init/bianyan_flag_t_syn_4 will be merged with clock KEY_init/bianyan_flag_t
PHY-1001 : clock net KEY_init/bianmaqi_init1/a1_syn_4 will be merged with clock KEY_init/bianmaqi_init1/a1
PHY-1001 : clock net KEY_init/bianmaqi_init1/clock1/clk1_syn_4 will be merged with clock KEY_init/bianmaqi_init1/clock1/clk1
PHY-1001 : clock net KEY_init/bianmaqi_init2/a1_syn_4 will be merged with clock KEY_init/bianmaqi_init2/a1
PHY-1001 : clock net KEY_init/bianmaqi_init3/a1_syn_4 will be merged with clock KEY_init/bianmaqi_init3/a1
PHY-1001 : clock net KEY_init/bianmaqi_init4/a1_syn_4 will be merged with clock KEY_init/bianmaqi_init4/a1
PHY-1001 : net divider_init/clk_in will be routed on clock mesh
PHY-1001 : clock net sending_init/UART_flag_syn_4 will be merged with clock sending_init/UART_flag
PHY-1001 : eco open net = 0
PHY-1001 : 4 feed throughs used by 4 nets
RUN-1001 : Import IO constraints
RUN-1001 : Import Inst constraints
RUN-1001 : Import design success TD_VERSION=5.6.71036 , DB_VERSION=46146
RUN-1002 : start command "download -bit WYSWD_Runs\phy_1\WYSWD.bit -mode jtag -spd 7 -sec 64 -cable 0"
PRG-2014 : Chip validation success: EAGLE_S20_BG256
RUN-1002 : start command "bit_to_vec -chip EAGLE_S20_BG256 -m jtag_burst -freq 4 -bit WYSWD_Runs/phy_1/WYSWD.bit"
RUN-1002 : start command "program -cable 0 -mode svf -spd 7 -p"
RUN-1003 : finish command "program -cable 0 -mode svf -spd 7 -p" in  6.241907s wall, 0.328125s user + 0.296875s system = 0.625000s CPU (10.0%)

RUN-1004 : used memory is 669 MB, reserved memory is 599 MB, peak memory is 688 MB
RUN-1003 : finish command "download -bit WYSWD_Runs\phy_1\WYSWD.bit -mode jtag -spd 7 -sec 64 -cable 0" in  6.633737s wall, 0.421875s user + 0.328125s system = 0.750000s CPU (11.3%)

RUN-1004 : used memory is 669 MB, reserved memory is 599 MB, peak memory is 688 MB
GUI-1001 : Downloading succeeded!
HDL-1007 : analyze verilog file prj/sending.v
RUN-1001 : reset_run syn_1 phy_1.
GUI-6001 WARNING: File E:/ChinaFPGAProject/WYSWD/WYSWD_Runs/phy_1/WYSWD.bit does not exist!
RUN-1001 : launch_runs syn_1 phy_1  -jobs 6.
RUN-1001 : syn_1: run complete.
RUN-1001 : phy_1: run complete.
RUN-1001 : open_run phy_1.
RUN-1002 : start command "import_db E:/ChinaFPGAProject/WYSWD/WYSWD_Runs/phy_1/WYSWD_pr.db"
RUN-1001 : Importing database generated by Tang Dynasty, V5.6.71036.
RUN-1001 : Database version number 46146.
RUN-1001 : Import flow parameters
PHY-1001 : Generate detailed routing grids ...
PHY-1001 : Generate nets ...
PHY-1001 : clock net ADC1_flag_syn_6 will be merged with clock ADC1_flag_dup_3
PHY-1001 : net CLK_50M_dup_1 will be routed on clock mesh
PHY-1001 : clock net ADC_init/CLK_200M will be merged with clock pll_init/clk0_buf
PHY-1001 : clock net KEY_init/ADC1_ouhe_t_syn_4 will be merged with clock KEY_init/ADC1_ouhe_t
PHY-1001 : clock net KEY_init/ADC2_ouhe_t_syn_4 will be merged with clock KEY_init/ADC2_ouhe_t
PHY-1001 : clock net KEY_init/CLK_5_syn_4 will be merged with clock KEY_init/CLK_5
PHY-1001 : clock net KEY_init/bianyan_flag_t_syn_4 will be merged with clock KEY_init/bianyan_flag_t
PHY-1001 : clock net KEY_init/bianmaqi_init1/a1_syn_4 will be merged with clock KEY_init/bianmaqi_init1/a1
PHY-1001 : clock net KEY_init/bianmaqi_init1/clock1/clk1_syn_4 will be merged with clock KEY_init/bianmaqi_init1/clock1/clk1
PHY-1001 : clock net KEY_init/bianmaqi_init2/a1_syn_4 will be merged with clock KEY_init/bianmaqi_init2/a1
PHY-1001 : clock net KEY_init/bianmaqi_init3/a1_syn_4 will be merged with clock KEY_init/bianmaqi_init3/a1
PHY-1001 : clock net KEY_init/bianmaqi_init4/a1_syn_4 will be merged with clock KEY_init/bianmaqi_init4/a1
PHY-1001 : net divider_init/clk_in will be routed on clock mesh
PHY-1001 : clock net sending_init/UART_flag_syn_4 will be merged with clock sending_init/UART_flag
PHY-1001 : eco open net = 0
PHY-1001 : 2 feed throughs used by 2 nets
RUN-1001 : Import IO constraints
RUN-1001 : Import Inst constraints
RUN-1001 : Import design success TD_VERSION=5.6.71036 , DB_VERSION=46146
RUN-1003 : finish command "import_db E:/ChinaFPGAProject/WYSWD/WYSWD_Runs/phy_1/WYSWD_pr.db" in  1.012318s wall, 1.000000s user + 0.109375s system = 1.109375s CPU (109.6%)

RUN-1004 : used memory is 697 MB, reserved memory is 626 MB, peak memory is 697 MB
RUN-1002 : start command "download -bit WYSWD_Runs\phy_1\WYSWD.bit -mode jtag -spd 7 -sec 64 -cable 0"
PRG-2014 : Chip validation success: EAGLE_S20_BG256
RUN-1002 : start command "bit_to_vec -chip EAGLE_S20_BG256 -m jtag_burst -freq 4 -bit WYSWD_Runs/phy_1/WYSWD.bit"
RUN-1002 : start command "program -cable 0 -mode svf -spd 7 -p"
RUN-1003 : finish command "program -cable 0 -mode svf -spd 7 -p" in  6.244136s wall, 0.265625s user + 0.343750s system = 0.609375s CPU (9.8%)

RUN-1004 : used memory is 698 MB, reserved memory is 627 MB, peak memory is 716 MB
RUN-1003 : finish command "download -bit WYSWD_Runs\phy_1\WYSWD.bit -mode jtag -spd 7 -sec 64 -cable 0" in  6.633686s wall, 0.343750s user + 0.359375s system = 0.703125s CPU (10.6%)

RUN-1004 : used memory is 698 MB, reserved memory is 627 MB, peak memory is 716 MB
GUI-1001 : Downloading succeeded!
HDL-1007 : analyze verilog file prj/sending.v
RUN-1001 : reset_run syn_1 phy_1.
GUI-6001 WARNING: File E:/ChinaFPGAProject/WYSWD/WYSWD_Runs/phy_1/WYSWD.bit does not exist!
RUN-1001 : launch_runs syn_1 phy_1  -jobs 6.
RUN-1001 : syn_1: run complete.
RUN-1001 : phy_1: run complete.
RUN-1001 : open_run phy_1.
RUN-1002 : start command "import_db E:/ChinaFPGAProject/WYSWD/WYSWD_Runs/phy_1/WYSWD_pr.db"
RUN-1001 : Importing database generated by Tang Dynasty, V5.6.71036.
RUN-1001 : Database version number 46146.
RUN-1001 : Import flow parameters
PHY-1001 : Generate detailed routing grids ...
PHY-1001 : Generate nets ...
PHY-1001 : clock net ADC1_flag_syn_6 will be merged with clock ADC1_flag_dup_3
PHY-1001 : net CLK_50M_dup_1 will be routed on clock mesh
PHY-1001 : clock net ADC_init/CLK_200M will be merged with clock pll_init/clk0_buf
PHY-1001 : clock net KEY_init/ADC1_ouhe_t_syn_4 will be merged with clock KEY_init/ADC1_ouhe_t
PHY-1001 : clock net KEY_init/ADC2_ouhe_t_syn_4 will be merged with clock KEY_init/ADC2_ouhe_t
PHY-1001 : clock net KEY_init/CLK_5_syn_4 will be merged with clock KEY_init/CLK_5
PHY-1001 : clock net KEY_init/bianyan_flag_t_syn_4 will be merged with clock KEY_init/bianyan_flag_t
PHY-1001 : clock net KEY_init/bianmaqi_init1/a1_syn_4 will be merged with clock KEY_init/bianmaqi_init1/a1
PHY-1001 : clock net KEY_init/bianmaqi_init1/clock1/clk1_syn_4 will be merged with clock KEY_init/bianmaqi_init1/clock1/clk1
PHY-1001 : clock net KEY_init/bianmaqi_init2/a1_syn_4 will be merged with clock KEY_init/bianmaqi_init2/a1
PHY-1001 : clock net KEY_init/bianmaqi_init3/a1_syn_4 will be merged with clock KEY_init/bianmaqi_init3/a1
PHY-1001 : clock net KEY_init/bianmaqi_init4/a1_syn_4 will be merged with clock KEY_init/bianmaqi_init4/a1
PHY-1001 : net divider_init/clk_in will be routed on clock mesh
PHY-1001 : clock net sending_init/UART_flag_syn_4 will be merged with clock sending_init/UART_flag
PHY-1001 : eco open net = 0
PHY-1001 : 4 feed throughs used by 4 nets
RUN-1001 : Import IO constraints
RUN-1001 : Import Inst constraints
RUN-1001 : Import design success TD_VERSION=5.6.71036 , DB_VERSION=46146
RUN-1002 : start command "download -bit WYSWD_Runs\phy_1\WYSWD.bit -mode jtag -spd 7 -sec 64 -cable 0"
PRG-2014 : Chip validation success: EAGLE_S20_BG256
RUN-1002 : start command "bit_to_vec -chip EAGLE_S20_BG256 -m jtag_burst -freq 4 -bit WYSWD_Runs/phy_1/WYSWD.bit"
RUN-1002 : start command "program -cable 0 -mode svf -spd 7 -p"
RUN-1003 : finish command "program -cable 0 -mode svf -spd 7 -p" in  6.246630s wall, 0.046875s user + 0.203125s system = 0.250000s CPU (4.0%)

RUN-1004 : used memory is 682 MB, reserved memory is 620 MB, peak memory is 716 MB
RUN-1003 : finish command "download -bit WYSWD_Runs\phy_1\WYSWD.bit -mode jtag -spd 7 -sec 64 -cable 0" in  6.637643s wall, 0.125000s user + 0.234375s system = 0.359375s CPU (5.4%)

RUN-1004 : used memory is 682 MB, reserved memory is 620 MB, peak memory is 716 MB
GUI-1001 : Downloading succeeded!
HDL-1007 : analyze verilog file prj/sending.v
RUN-1001 : reset_run syn_1 phy_1.
GUI-6001 WARNING: File E:/ChinaFPGAProject/WYSWD/WYSWD_Runs/phy_1/WYSWD.bit does not exist!
RUN-1001 : launch_runs syn_1 phy_1  -jobs 6.
RUN-1001 : syn_1: run complete.
RUN-1001 : phy_1: run complete.
RUN-1001 : open_run phy_1.
RUN-1002 : start command "import_db E:/ChinaFPGAProject/WYSWD/WYSWD_Runs/phy_1/WYSWD_pr.db"
RUN-1001 : Importing database generated by Tang Dynasty, V5.6.71036.
RUN-1001 : Database version number 46146.
RUN-1001 : Import flow parameters
PHY-1001 : Generate detailed routing grids ...
PHY-1001 : Generate nets ...
PHY-1001 : clock net ADC1_flag_syn_6 will be merged with clock ADC1_flag_dup_3
PHY-1001 : net CLK_50M_dup_1 will be routed on clock mesh
PHY-1001 : clock net ADC_init/CLK_200M will be merged with clock pll_init/clk0_buf
PHY-1001 : clock net KEY_init/ADC1_ouhe_t_syn_4 will be merged with clock KEY_init/ADC1_ouhe_t
PHY-1001 : clock net KEY_init/ADC2_ouhe_t_syn_4 will be merged with clock KEY_init/ADC2_ouhe_t
PHY-1001 : clock net KEY_init/CLK_5_syn_4 will be merged with clock KEY_init/CLK_5
PHY-1001 : clock net KEY_init/bianyan_flag_t_syn_4 will be merged with clock KEY_init/bianyan_flag_t
PHY-1001 : clock net KEY_init/bianmaqi_init1/a1_syn_4 will be merged with clock KEY_init/bianmaqi_init1/a1
PHY-1001 : clock net KEY_init/bianmaqi_init1/clock1/clk1_syn_4 will be merged with clock KEY_init/bianmaqi_init1/clock1/clk1
PHY-1001 : clock net KEY_init/bianmaqi_init2/a1_syn_4 will be merged with clock KEY_init/bianmaqi_init2/a1
PHY-1001 : clock net KEY_init/bianmaqi_init3/a1_syn_4 will be merged with clock KEY_init/bianmaqi_init3/a1
PHY-1001 : clock net KEY_init/bianmaqi_init4/a1_syn_4 will be merged with clock KEY_init/bianmaqi_init4/a1
PHY-1001 : net divider_init/clk_in will be routed on clock mesh
PHY-1001 : clock net sending_init/UART_flag_syn_4 will be merged with clock sending_init/UART_flag
PHY-1001 : eco open net = 0
PHY-1001 : 3 feed throughs used by 3 nets
RUN-1001 : Import IO constraints
RUN-1001 : Import Inst constraints
RUN-1001 : Import design success TD_VERSION=5.6.71036 , DB_VERSION=46146
RUN-1003 : finish command "import_db E:/ChinaFPGAProject/WYSWD/WYSWD_Runs/phy_1/WYSWD_pr.db" in  1.008673s wall, 1.031250s user + 0.031250s system = 1.062500s CPU (105.3%)

RUN-1004 : used memory is 701 MB, reserved memory is 636 MB, peak memory is 716 MB
RUN-1002 : start command "download -bit WYSWD_Runs\phy_1\WYSWD.bit -mode jtag -spd 7 -sec 64 -cable 0"
PRG-2014 : Chip validation success: EAGLE_S20_BG256
RUN-1002 : start command "bit_to_vec -chip EAGLE_S20_BG256 -m jtag_burst -freq 4 -bit WYSWD_Runs/phy_1/WYSWD.bit"
RUN-1002 : start command "program -cable 0 -mode svf -spd 7 -p"
RUN-1003 : finish command "program -cable 0 -mode svf -spd 7 -p" in  6.248864s wall, 0.109375s user + 0.125000s system = 0.234375s CPU (3.8%)

RUN-1004 : used memory is 702 MB, reserved memory is 636 MB, peak memory is 719 MB
RUN-1003 : finish command "download -bit WYSWD_Runs\phy_1\WYSWD.bit -mode jtag -spd 7 -sec 64 -cable 0" in  6.643503s wall, 0.218750s user + 0.140625s system = 0.359375s CPU (5.4%)

RUN-1004 : used memory is 702 MB, reserved memory is 636 MB, peak memory is 719 MB
GUI-1001 : Downloading succeeded!
HDL-1007 : analyze verilog file prj/KEY.v
HDL-1007 : analyze verilog file prj/WYSWD.v
HDL-1007 : analyze verilog file prj/KEY.v
HDL-1007 : analyze verilog file prj/DAC.v
RUN-1001 : reset_run syn_1 phy_1.
GUI-6001 WARNING: File E:/ChinaFPGAProject/WYSWD/WYSWD_Runs/phy_1/WYSWD.bit does not exist!
RUN-1001 : launch_runs syn_1 phy_1  -jobs 6.
RUN-6001 WARNING: syn_1: run failed.
RUN-1001 : open_run syn_1.
RUN-1002 : start command "import_db E:/ChinaFPGAProject/WYSWD/WYSWD_Runs/syn_1/WYSWD_elaborate.db"
RUN-1001 : Importing database generated by Tang Dynasty, V5.6.71036.
RUN-1001 : Database version number 46146.
RUN-1001 : Import flow parameters
RUN-1001 : Import IO constraints
RUN-1001 : Import Inst constraints
RUN-1001 : Import design success TD_VERSION=5.6.71036 , DB_VERSION=46146
GUI-8402 ERROR: Error found at 'DRIVESTRENGTH = 8'.
GUI-8402 ERROR: Error found at 'PULLTYPE = NONE'.
GUI-8402 ERROR: Error found at 'DRIVESTRENGTH = 8'.
GUI-8402 ERROR: Error found at 'PULLTYPE = NONE'.
GUI-5004 WARNING: READ_key has not been assigned a location ...
GUI-5004 WARNING: SAVE_key has not been assigned a location ...
GUI-5004 WARNING: STOP_key has not been assigned a location ...
GUI-5004 WARNING: Single_key has not been assigned a location ...
GUI-8405 ERROR: REALY_AD1[2] is not the signal of the project.
GUI-8405 ERROR: REALY_AD2[2] is not the signal of the project.
RUN-1001 : reset_run syn_1 phy_1.
RUN-1001 : launch_runs syn_1 phy_1  -jobs 6.
RUN-1001 : syn_1: run complete.
RUN-1001 : phy_1: run complete.
RUN-1001 : open_run phy_1.
RUN-1002 : start command "import_db E:/ChinaFPGAProject/WYSWD/WYSWD_Runs/phy_1/WYSWD_pr.db"
RUN-1001 : Importing database generated by Tang Dynasty, V5.6.71036.
RUN-1001 : Database version number 46146.
RUN-1001 : Import flow parameters
PHY-1001 : Generate detailed routing grids ...
PHY-1001 : Generate nets ...
PHY-1001 : clock net ADC1_flag_syn_6 will be merged with clock ADC1_flag_dup_3
PHY-1001 : net CLK_50M_dup_1 will be routed on clock mesh
PHY-1001 : clock net ADC_init/CLK_200M will be merged with clock pll_init/clk0_buf
PHY-1001 : clock net KEY_init/ADC1_ouhe_t_syn_4 will be merged with clock KEY_init/ADC1_ouhe_t
PHY-1001 : clock net KEY_init/ADC2_ouhe_t_syn_4 will be merged with clock KEY_init/ADC2_ouhe_t
PHY-1001 : clock net KEY_init/CLK_5_syn_4 will be merged with clock KEY_init/CLK_5
PHY-1001 : clock net KEY_init/bianyan_flag_t_syn_4 will be merged with clock KEY_init/bianyan_flag_t
PHY-1001 : clock net KEY_init/bianmaqi_init1/a1_syn_4 will be merged with clock KEY_init/bianmaqi_init1/a1
PHY-1001 : clock net KEY_init/bianmaqi_init1/clock1/clk1_syn_4 will be merged with clock KEY_init/bianmaqi_init1/clock1/clk1
PHY-1001 : clock net KEY_init/bianmaqi_init2/a1_syn_4 will be merged with clock KEY_init/bianmaqi_init2/a1
PHY-1001 : clock net KEY_init/bianmaqi_init3/a1_syn_4 will be merged with clock KEY_init/bianmaqi_init3/a1
PHY-1001 : clock net KEY_init/bianmaqi_init4/a1_syn_4 will be merged with clock KEY_init/bianmaqi_init4/a1
PHY-1001 : net divider_init/clk_in will be routed on clock mesh
PHY-1001 : clock net sending_init/UART_flag_syn_4 will be merged with clock sending_init/UART_flag
PHY-1001 : eco open net = 0
PHY-1001 : 1 feed throughs used by 1 nets
RUN-1001 : Import IO constraints
RUN-1001 : Import Inst constraints
RUN-1001 : Import design success TD_VERSION=5.6.71036 , DB_VERSION=46146
HDL-1007 : analyze verilog file prj/DAC.v
RUN-1001 : reset_run syn_1 phy_1.
RUN-1001 : launch_runs syn_1 phy_1  -jobs 6.
RUN-1001 : syn_1: run complete.
RUN-1001 : phy_1: run complete.
RUN-1001 : open_run phy_1.
RUN-1002 : start command "import_db E:/ChinaFPGAProject/WYSWD/WYSWD_Runs/phy_1/WYSWD_pr.db"
RUN-1001 : Importing database generated by Tang Dynasty, V5.6.71036.
RUN-1001 : Database version number 46146.
RUN-1001 : Import flow parameters
PHY-1001 : Generate detailed routing grids ...
PHY-1001 : Generate nets ...
PHY-1001 : clock net ADC1_flag_syn_6 will be merged with clock ADC1_flag_dup_3
PHY-1001 : net CLK_50M_dup_1 will be routed on clock mesh
PHY-1001 : clock net ADC_init/CLK_200M will be merged with clock pll_init/clk0_buf
PHY-1001 : clock net KEY_init/ADC1_ouhe_t_syn_4 will be merged with clock KEY_init/ADC1_ouhe_t
PHY-1001 : clock net KEY_init/ADC2_ouhe_t_syn_4 will be merged with clock KEY_init/ADC2_ouhe_t
PHY-1001 : clock net KEY_init/CLK_5_syn_4 will be merged with clock KEY_init/CLK_5
PHY-1001 : clock net KEY_init/bianyan_flag_t_syn_4 will be merged with clock KEY_init/bianyan_flag_t
PHY-1001 : clock net KEY_init/bianmaqi_init1/a1_syn_4 will be merged with clock KEY_init/bianmaqi_init1/a1
PHY-1001 : clock net KEY_init/bianmaqi_init1/clock1/clk1_syn_4 will be merged with clock KEY_init/bianmaqi_init1/clock1/clk1
PHY-1001 : clock net KEY_init/bianmaqi_init2/a1_syn_4 will be merged with clock KEY_init/bianmaqi_init2/a1
PHY-1001 : clock net KEY_init/bianmaqi_init3/a1_syn_4 will be merged with clock KEY_init/bianmaqi_init3/a1
PHY-1001 : clock net KEY_init/bianmaqi_init4/a1_syn_4 will be merged with clock KEY_init/bianmaqi_init4/a1
PHY-1001 : net divider_init/clk_in will be routed on clock mesh
PHY-1001 : clock net sending_init/UART_flag_syn_4 will be merged with clock sending_init/UART_flag
PHY-1001 : eco open net = 0
PHY-1001 : 5 feed throughs used by 5 nets
RUN-1001 : Import IO constraints
RUN-1001 : Import Inst constraints
RUN-1001 : Import design success TD_VERSION=5.6.71036 , DB_VERSION=46146
RUN-1003 : finish command "import_db E:/ChinaFPGAProject/WYSWD/WYSWD_Runs/phy_1/WYSWD_pr.db" in  1.055927s wall, 1.046875s user + 0.078125s system = 1.125000s CPU (106.5%)

RUN-1004 : used memory is 715 MB, reserved memory is 651 MB, peak memory is 725 MB
